08/28/19 14:32:57:678 | [INFO] |  |  |  | OOBELib |  |  | 5714 | __OOBELIB_LOG_FILE__
08/28/19 14:32:57:678 | [INFO] |  |  |  | OOBELib |  |  | 5714 | *************OOBELib Session Starts*************
08/28/19 14:32:57:678 | [INFO] |  |  |  | OOBELib |  |  | 5714 | Version 10.0.0.284,7.0

08/28/19 14:32:57:678 | [INFO] |  |  |  | PCDService |  |  | 5714 | PCD Service in non-threaded mode
08/28/19 14:32:57:698 | [INFO] |  |  |  | DispatchClientLib |  |  | 5714 | Dispatch table Not found parallel to binary, looking into P7 folder
08/28/19 14:32:57:699 | [INFO] |  |  |  | DispatchClientLib |  |  | 5714 | Dispatch table file doesnot in parallel to binary or inside the binary, falling back to ACF path.
08/28/19 14:32:57:699 | [INFO] |  |  |  | DispatchClientLib |  |  | 5714 | Dispatch table loaded from path: /Library/Application Support/Adobe/OOBE/PDApp/P7/dispatchtable.xml 
08/28/19 14:32:57:994 | [INFO] |  |  |  | DispatchClientLib |  |  | 5714 | (re)load Local Dispatch Table status-[0].
08/28/19 14:32:57:994 | [INFO] |  |  |  | DispatchClientLib |  |  | 5714 | Scope : [2]
08/28/19 14:32:57:994 | [INFO] |  |  |  | DispatchClientLib |  |  | 5714 | Setting scope to GM
08/28/19 14:32:58:257 | [ERROR] |  |  |  | OPMWrapper |  |  | 5714 | Failed in getting value for key in OPMGetValueForKey
08/28/19 14:32:58:257 | [INFO] |  |  |  | OOBELib |  |  | 5714 | Failed to get Proxy username in OPM DB
08/28/19 14:32:58:257 | [INFO] |  |  |  | AXFBLicensing |  |  | 5714 | Path : /Library/Application Support/Adobe/Adobe Desktop Common/ADS/Adobe Desktop Service.app/..//axlibv7.dylib
08/28/19 14:32:58:257 | [INFO] |  |  |  | AXFBLicensing |  |  | 5714 | Failed to load axlibv7.dylib
08/28/19 14:32:58:257 | [INFO] |  |  |  | AXFBLicensing |  |  | 5714 | Trying default path
08/28/19 14:32:58:323 | [INFO] |  |  |  | AXFBLicensing |  |  | 5714 | Unable to load axlibv7.dylib from default path

08/28/19 14:32:58:325 | [INFO] |  |  |  | SLCoreService |  |  | 5714 | Starting up SLCore 2.0 Release (build 2.0.1.360321).
08/28/19 14:32:58:325 | [ERROR] |  |  |  | SLCoreService |  |  | 5714 | user based licensing: 0
08/28/19 14:32:58:325 | [INFO] |  |  |  | SLCoreService |  |  | 5714 | Service construction took 0.1 ms and succeed.
08/28/19 14:32:58:325 | [INFO] |  |  |  | SLCoreServiceWrapper |  |  | 5714 | Returning SLCoreServiceWrapper Initialize, Ref Count 1
08/28/19 14:32:58:326 | [INFO] |  |  |  | AnalyticsClientLib |  |  | 5714 | Creating Log Instance of type 0
08/28/19 14:32:58:343 | [INFO] |  |  |  | AnalyticsClientLib |  |  | 5714 | createDatabaseSchema Completed
08/28/19 14:32:58:343 | [INFO] |  |  |  | AnalyticsClientLib |  |  | 5714 | createUpdateDb Completed
08/28/19 14:32:58:346 | [INFO] |  |  |  | DispatchClientLib |  |  | 5714 | Dispatch table Not found parallel to binary, looking into P7 folder
08/28/19 14:32:58:346 | [INFO] |  |  |  | DispatchClientLib |  |  | 5714 | Dispatch table file doesnot in parallel to binary or inside the binary, falling back to ACF path.
08/28/19 14:32:58:360 | [INFO] |  |  |  | DispatchClientLib |  |  | 5714 | Dispatch table loaded from path: /Library/Application Support/Adobe/OOBE/PDApp/P7/dispatchtable.xml 
08/28/19 14:32:58:360 | [INFO] |  |  |  | DispatchClientLib |  |  | 5714 | (re)load Local Dispatch Table status-[0].
08/28/19 14:32:58:360 | [INFO] |  |  |  | DispatchClientLib |  |  | 5714 | Scope : [2]
08/28/19 14:32:58:360 | [INFO] |  |  |  | DispatchClientLib |  |  | 5714 | Setting scope to GM
08/28/19 14:32:58:360 | [INFO] |  |  |  | DispatchClientLib |  |  | 5714 | EndPoint requested: [IngestAnalytics]
08/28/19 14:32:58:360 | [INFO] |  |  |  | DispatchClientLib |  |  | 5714 | Length of the URL: [28]
08/28/19 14:32:58:360 | [INFO] |  |  |  | DispatchClientLib |  |  | 5714 | Returning from getEndpointAddr: [0]
08/28/19 14:32:58:360 | [INFO] |  |  |  | DispatchClientLib |  |  | 5714 | EndPoint requested: [IngestAnalytics]
08/28/19 14:32:58:361 | [INFO] |  |  |  | DispatchClientLib |  |  | 5714 | Length of the URL: [28]
08/28/19 14:32:58:361 | [INFO] |  |  |  | DispatchClientLib |  |  | 5714 | URL found [https://cc-api-data.adobe.io]
08/28/19 14:32:58:361 | [INFO] |  |  |  | DispatchClientLib |  |  | 5714 | Returning from getEndpointAddr: [0]
08/28/19 14:32:58:361 | [INFO] |  |  |  | SLCoreServiceWrapper |  |  | 5714 | Returning SLCoreServiceWrapper GetInstance, Ref Count 1
08/28/19 14:32:58:361 | [INFO] |  |  |  | SLCoreService |  |  | 5714 | SLCoreServiceGetMachineIDHash : waiting for semaphore signal
08/28/19 14:32:58:361 | [INFO] |  |  |  | SLCoreService |  |  | 5714 | SLCoreServiceGetMachineIDHash : semaphore acquired
08/28/19 14:32:58:599 | [INFO] |  |  |  | SLCoreService |  |  | 5714 | SLCoreServiceGetMachineIDHash : semaphore signalled
08/28/19 14:32:58:654 | [INFO] |  |  |  | DispatchClientLib |  |  | 5714 | Dispatch table Not found parallel to binary, looking into P7 folder
08/28/19 14:32:58:654 | [INFO] |  |  |  | DispatchClientLib |  |  | 5714 | Dispatch table file doesnot in parallel to binary or inside the binary, falling back to ACF path.
08/28/19 14:32:58:654 | [INFO] |  |  |  | DispatchClientLib |  |  | 5714 | Dispatch table loaded from path: /Library/Application Support/Adobe/OOBE/PDApp/P7/dispatchtable.xml 
08/28/19 14:32:58:655 | [INFO] |  |  |  | DispatchClientLib |  |  | 5714 | (re)load Local Dispatch Table status-[0].
08/28/19 14:32:58:655 | [INFO] |  |  |  | DispatchClientLib |  |  | 5714 | Scope : [2]
08/28/19 14:32:58:655 | [INFO] |  |  |  | DispatchClientLib |  |  | 5714 | Setting scope to GM
08/28/19 14:32:58:655 | [INFO] |  |  |  | DispatchClientLib |  |  | 5714 | EndPoint requested: [IdentityManagement]
08/28/19 14:32:58:655 | [INFO] |  |  |  | DispatchClientLib |  |  | 5714 | Length of the URL: [33]
08/28/19 14:32:58:655 | [INFO] |  |  |  | DispatchClientLib |  |  | 5714 | Returning from getEndpointAddr: [0]
08/28/19 14:32:58:655 | [INFO] |  |  |  | DispatchClientLib |  |  | 5714 | EndPoint requested: [IdentityManagement]
08/28/19 14:32:58:655 | [INFO] |  |  |  | DispatchClientLib |  |  | 5714 | Length of the URL: [33]
08/28/19 14:32:58:655 | [INFO] |  |  |  | DispatchClientLib |  |  | 5714 | URL found [https://ims-prod06.adobelogin.com]
08/28/19 14:32:58:655 | [INFO] |  |  |  | DispatchClientLib |  |  | 5714 | Returning from getEndpointAddr: [0]
08/28/19 14:32:58:737 | [INFO] |  |  |  | OOBELib |  |  | 5714 | GetSeatID : MachineID successfully retrieved
08/28/19 14:32:58:739 | [INFO] |  |  |  | OOBELib |  |  | 5714 | OOBELibImpl::CommitPCD STARTED
08/28/19 14:32:58:757 | [DEBUG] |  |  |  | ServiceLoader |  |  | 5714 | looking for library /Library/Application Support/Adobe/Adobe Desktop Common/LCC/adobe_upgrade.framework/adobe_upgrade
08/28/19 14:32:58:758 | [DEBUG] |  |  |  | ServiceLoader |  |  | 5714 | Found library /Library/Application Support/Adobe/Adobe Desktop Common/LCC/adobe_upgrade.dylib
08/28/19 14:32:59:534 | [INFO] |  |  |  | OOBELib |  |  | 5714 | SN not validated in this session
08/28/19 14:32:59:534 | [INFO] |  |  |  | OOBELib |  |  | 5714 | No SN to be remembered
08/28/19 14:32:59:534 | [INFO] |  |  |  | OOBELib |  |  | 5714 | User hasn't registered
08/28/19 14:32:59:534 | [INFO] |  |  |  | OOBELib |  |  | 5714 | OOBELibImpl::CommitPCD ENDED
08/28/19 14:32:59:534 | [INFO] |  |  |  | OOBELib |  |  | 5714 | Closing AdobeIALClient 1.0 Release (build 1.0.6.3) session.
08/28/19 14:32:59:534 | [ERROR] |  |  |  | AnalyticsClientLib |  |  | 5714 | Closing Database handler session
08/28/19 14:32:59:535 | [INFO] |  |  |  | SLCoreService |  |  | 5714 | Shutting down SLCore 2.0 Release (build 2.0.1.360321).
08/28/19 14:32:59:535 | [INFO] |  |  |  | SLCoreService |  |  | 5714 | Service destruction took 0.1 ms and succeed.
08/28/19 14:32:59:535 | [INFO] |  |  |  | SLCoreServiceWrapper |  |  | 5714 | Returning SLCoreServiceWrapper Release, Ref Count 0
08/28/19 14:32:59:535 | [INFO] |  |  |  | OOBELib |  |  | 5714 | *************OOBELib Session Ends*************
08/28/19 14:32:59:573 | [INFO] |  |  |  | DispatchClientLib |  |  | 5714 | Dispatch table Not found parallel to binary, looking into P7 folder
08/28/19 14:32:59:573 | [INFO] |  |  |  | DispatchClientLib |  |  | 5714 | Dispatch table file doesnot in parallel to binary or inside the binary, falling back to ACF path.
08/28/19 14:32:59:573 | [INFO] |  |  |  | DispatchClientLib |  |  | 5714 | Dispatch table loaded from path: /Library/Application Support/Adobe/OOBE/PDApp/P7/dispatchtable.xml 
08/28/19 14:32:59:573 | [INFO] |  |  |  | DispatchClientLib |  |  | 5714 | (re)load Local Dispatch Table status-[0].
08/28/19 14:32:59:573 | [INFO] |  |  |  | DispatchClientLib |  |  | 5714 | Scope : [2]
08/28/19 14:32:59:573 | [INFO] |  |  |  | DispatchClientLib |  |  | 5714 | Setting scope to GM
08/28/19 14:32:59:573 | [INFO] |  |  |  | DispatchClientLib |  |  | 5714 | EndPoint requested: [IdentityManagement]
08/28/19 14:32:59:573 | [INFO] |  |  |  | DispatchClientLib |  |  | 5714 | Length of the URL: [33]
08/28/19 14:32:59:573 | [INFO] |  |  |  | DispatchClientLib |  |  | 5714 | Returning from getEndpointAddr: [0]
08/28/19 14:32:59:573 | [INFO] |  |  |  | DispatchClientLib |  |  | 5714 | EndPoint requested: [IdentityManagement]
08/28/19 14:32:59:573 | [INFO] |  |  |  | DispatchClientLib |  |  | 5714 | Length of the URL: [33]
08/28/19 14:32:59:573 | [INFO] |  |  |  | DispatchClientLib |  |  | 5714 | URL found [https://ims-prod06.adobelogin.com]
08/28/19 14:32:59:573 | [INFO] |  |  |  | DispatchClientLib |  |  | 5714 | Returning from getEndpointAddr: [0]
08/28/19 14:32:59:611 | [INFO] |  |  |  | OOBELib |  |  | 5714 | *************OOBELib Session Starts*************
08/28/19 14:32:59:611 | [INFO] |  |  |  | OOBELib |  |  | 5714 | Version 10.0.0.284,7.0

08/28/19 14:32:59:621 | [DEBUG] |  |  |  | ServiceLoader |  |  | 5714 | using logging service now
08/28/19 14:32:59:621 | [INFO] |  |  |  | PCDService |  |  | 5714 | PCD Service in non-threaded mode
08/28/19 14:32:59:621 | [INFO] |  |  |  | DispatchClientLib |  |  | 5714 | Dispatch table Not found parallel to binary, looking into P7 folder
08/28/19 14:32:59:621 | [INFO] |  |  |  | DispatchClientLib |  |  | 5714 | Dispatch table file doesnot in parallel to binary or inside the binary, falling back to ACF path.
08/28/19 14:32:59:621 | [INFO] |  |  |  | DispatchClientLib |  |  | 5714 | Dispatch table loaded from path: /Library/Application Support/Adobe/OOBE/PDApp/P7/dispatchtable.xml 
08/28/19 14:32:59:622 | [INFO] |  |  |  | DispatchClientLib |  |  | 5714 | (re)load Local Dispatch Table status-[0].
08/28/19 14:32:59:622 | [INFO] |  |  |  | DispatchClientLib |  |  | 5714 | Scope : [2]
08/28/19 14:32:59:622 | [INFO] |  |  |  | DispatchClientLib |  |  | 5714 | Setting scope to GM
08/28/19 14:32:59:622 | [INFO] |  |  |  | OOBELib |  |  | 5714 | AdobeIALClient 1.0 Release (build 1.0.6.3) initializing session...
08/28/19 14:32:59:623 | [ERROR] |  |  |  | OPMWrapper |  |  | 5714 | Failed in getting value for key in OPMGetValueForKey
08/28/19 14:32:59:623 | [INFO] |  |  |  | OOBELib |  |  | 5714 | Failed to get Proxy username in OPM DB
08/28/19 14:32:59:623 | [INFO] |  |  |  | AXFBLicensing |  |  | 5714 | Path : /Library/Application Support/Adobe/Adobe Desktop Common/ADS/Adobe Desktop Service.app/..//axlibv7.dylib
08/28/19 14:32:59:623 | [INFO] |  |  |  | AXFBLicensing |  |  | 5714 | Failed to load axlibv7.dylib
08/28/19 14:32:59:623 | [INFO] |  |  |  | AXFBLicensing |  |  | 5714 | Trying default path
08/28/19 14:32:59:623 | [INFO] |  |  |  | AXFBLicensing |  |  | 5714 | Unable to load axlibv7.dylib from default path

08/28/19 14:32:59:623 | [INFO] |  |  |  | SLCoreService |  |  | 5714 | Starting up SLCore 2.0 Release (build 2.0.1.360321).
08/28/19 14:32:59:623 | [ERROR] |  |  |  | SLCoreService |  |  | 5714 | user based licensing: 0
08/28/19 14:32:59:623 | [INFO] |  |  |  | SLCoreService |  |  | 5714 | Service construction took 0.0 ms and succeed.
08/28/19 14:32:59:623 | [INFO] |  |  |  | SLCoreServiceWrapper |  |  | 5714 | Returning SLCoreServiceWrapper Initialize, Ref Count 1
08/28/19 14:32:59:623 | [INFO] |  |  |  | AnalyticsClientLib |  |  | 5714 | Creating Log Instance of type 0
08/28/19 14:32:59:624 | [INFO] |  |  |  | AnalyticsClientLib |  |  | 5714 | createUpdateDb Completed
08/28/19 14:32:59:624 | [INFO] |  |  |  | DispatchClientLib |  |  | 5714 | Dispatch table Not found parallel to binary, looking into P7 folder
08/28/19 14:32:59:624 | [INFO] |  |  |  | DispatchClientLib |  |  | 5714 | Dispatch table file doesnot in parallel to binary or inside the binary, falling back to ACF path.
08/28/19 14:32:59:624 | [INFO] |  |  |  | DispatchClientLib |  |  | 5714 | Dispatch table loaded from path: /Library/Application Support/Adobe/OOBE/PDApp/P7/dispatchtable.xml 
08/28/19 14:32:59:625 | [INFO] |  |  |  | DispatchClientLib |  |  | 5714 | (re)load Local Dispatch Table status-[0].
08/28/19 14:32:59:625 | [INFO] |  |  |  | DispatchClientLib |  |  | 5714 | Scope : [2]
08/28/19 14:32:59:625 | [INFO] |  |  |  | DispatchClientLib |  |  | 5714 | Setting scope to GM
08/28/19 14:32:59:625 | [INFO] |  |  |  | DispatchClientLib |  |  | 5714 | EndPoint requested: [IngestAnalytics]
08/28/19 14:32:59:625 | [INFO] |  |  |  | DispatchClientLib |  |  | 5714 | Length of the URL: [28]
08/28/19 14:32:59:625 | [INFO] |  |  |  | DispatchClientLib |  |  | 5714 | Returning from getEndpointAddr: [0]
08/28/19 14:32:59:625 | [INFO] |  |  |  | DispatchClientLib |  |  | 5714 | EndPoint requested: [IngestAnalytics]
08/28/19 14:32:59:625 | [INFO] |  |  |  | DispatchClientLib |  |  | 5714 | Length of the URL: [28]
08/28/19 14:32:59:625 | [INFO] |  |  |  | DispatchClientLib |  |  | 5714 | URL found [https://cc-api-data.adobe.io]
08/28/19 14:32:59:625 | [INFO] |  |  |  | DispatchClientLib |  |  | 5714 | Returning from getEndpointAddr: [0]
08/28/19 14:32:59:625 | [INFO] |  |  |  | SLCoreServiceWrapper |  |  | 5714 | Returning SLCoreServiceWrapper GetInstance, Ref Count 1
08/28/19 14:32:59:625 | [INFO] |  |  |  | SLCoreService |  |  | 5714 | SLCoreServiceGetMachineIDHash : waiting for semaphore signal
08/28/19 14:32:59:625 | [INFO] |  |  |  | SLCoreService |  |  | 5714 | SLCoreServiceGetMachineIDHash : semaphore acquired
08/28/19 14:32:59:625 | [INFO] |  |  |  | SLCoreService |  |  | 5714 | SLCoreServiceGetMachineIDHash : semaphore signalled
08/28/19 14:32:59:628 | [INFO] |  |  |  | DispatchClientLib |  |  | 5714 | Dispatch table Not found parallel to binary, looking into P7 folder
08/28/19 14:32:59:628 | [INFO] |  |  |  | DispatchClientLib |  |  | 5714 | Dispatch table file doesnot in parallel to binary or inside the binary, falling back to ACF path.
08/28/19 14:32:59:628 | [INFO] |  |  |  | DispatchClientLib |  |  | 5714 | Dispatch table loaded from path: /Library/Application Support/Adobe/OOBE/PDApp/P7/dispatchtable.xml 
08/28/19 14:32:59:628 | [INFO] |  |  |  | DispatchClientLib |  |  | 5714 | (re)load Local Dispatch Table status-[0].
08/28/19 14:32:59:628 | [INFO] |  |  |  | DispatchClientLib |  |  | 5714 | Scope : [2]
08/28/19 14:32:59:628 | [INFO] |  |  |  | DispatchClientLib |  |  | 5714 | Setting scope to GM
08/28/19 14:32:59:628 | [INFO] |  |  |  | DispatchClientLib |  |  | 5714 | EndPoint requested: [IdentityManagement]
08/28/19 14:32:59:628 | [INFO] |  |  |  | DispatchClientLib |  |  | 5714 | Length of the URL: [33]
08/28/19 14:32:59:628 | [INFO] |  |  |  | DispatchClientLib |  |  | 5714 | Returning from getEndpointAddr: [0]
08/28/19 14:32:59:628 | [INFO] |  |  |  | DispatchClientLib |  |  | 5714 | EndPoint requested: [IdentityManagement]
08/28/19 14:32:59:628 | [INFO] |  |  |  | DispatchClientLib |  |  | 5714 | Length of the URL: [33]
08/28/19 14:32:59:628 | [INFO] |  |  |  | DispatchClientLib |  |  | 5714 | URL found [https://ims-prod06.adobelogin.com]
08/28/19 14:32:59:628 | [INFO] |  |  |  | DispatchClientLib |  |  | 5714 | Returning from getEndpointAddr: [0]
08/28/19 14:32:59:631 | [INFO] |  |  |  | OOBELib |  |  | 5714 | GetSeatID : MachineID successfully retrieved
08/28/19 14:32:59:632 | [INFO] |  |  |  | OOBELib |  |  | 5714 | OOBELibImpl::CommitPCD STARTED
08/28/19 14:32:59:633 | [DEBUG] |  |  |  | ServiceLoader |  |  | 5714 | looking for library /Library/Application Support/Adobe/Adobe Desktop Common/LCC/adobe_upgrade.framework/adobe_upgrade
08/28/19 14:32:59:633 | [DEBUG] |  |  |  | ServiceLoader |  |  | 5714 | Found library /Library/Application Support/Adobe/Adobe Desktop Common/LCC/adobe_upgrade.dylib
08/28/19 14:32:59:633 | [INFO] |  |  |  | OOBELib |  |  | 5714 | SN not validated in this session
08/28/19 14:32:59:633 | [INFO] |  |  |  | OOBELib |  |  | 5714 | No SN to be remembered
08/28/19 14:32:59:633 | [INFO] |  |  |  | OOBELib |  |  | 5714 | User hasn't registered
08/28/19 14:32:59:633 | [INFO] |  |  |  | OOBELib |  |  | 5714 | OOBELibImpl::CommitPCD ENDED
08/28/19 14:32:59:633 | [INFO] |  |  |  | OOBELib |  |  | 5714 | Closing AdobeIALClient 1.0 Release (build 1.0.6.3) session.
08/28/19 14:32:59:633 | [ERROR] |  |  |  | AnalyticsClientLib |  |  | 5714 | Closing Database handler session
08/28/19 14:32:59:633 | [INFO] |  |  |  | SLCoreService |  |  | 5714 | Shutting down SLCore 2.0 Release (build 2.0.1.360321).
08/28/19 14:32:59:633 | [INFO] |  |  |  | SLCoreService |  |  | 5714 | Service destruction took 0.0 ms and succeed.
08/28/19 14:32:59:633 | [INFO] |  |  |  | SLCoreServiceWrapper |  |  | 5714 | Returning SLCoreServiceWrapper Release, Ref Count 0
08/28/19 14:32:59:633 | [INFO] |  |  |  | OOBELib |  |  | 5714 | *************OOBELib Session Ends*************
08/28/19 15:30:28:893 | [INFO] |  |  |  | OOBELib |  |  | 6617 | *************OOBELib Session Starts*************
08/28/19 15:30:28:894 | [INFO] |  |  |  | OOBELib |  |  | 6617 | Version 10.0.0.284,7.0

08/28/19 15:30:28:894 | [INFO] |  |  |  | PCDService |  |  | 6617 | PCD Service in non-threaded mode
08/28/19 15:30:28:905 | [INFO] |  |  |  | DispatchClientLib |  |  | 6617 | Dispatch table Not found parallel to binary, looking into P7 folder
08/28/19 15:30:28:905 | [INFO] |  |  |  | DispatchClientLib |  |  | 6617 | Dispatch table file doesnot in parallel to binary or inside the binary, falling back to ACF path.
08/28/19 15:30:28:905 | [INFO] |  |  |  | DispatchClientLib |  |  | 6617 | Dispatch table loaded from path: /Library/Application Support/Adobe/OOBE/PDApp/P7/dispatchtable.xml 
08/28/19 15:30:28:936 | [INFO] |  |  |  | DispatchClientLib |  |  | 6617 | (re)load Local Dispatch Table status-[0].
08/28/19 15:30:28:936 | [INFO] |  |  |  | DispatchClientLib |  |  | 6617 | Scope : [2]
08/28/19 15:30:28:936 | [INFO] |  |  |  | DispatchClientLib |  |  | 6617 | Setting scope to GM
08/28/19 15:30:28:987 | [ERROR] |  |  |  | OPMWrapper |  |  | 6617 | Failed in getting value for key in OPMGetValueForKey
08/28/19 15:30:28:987 | [INFO] |  |  |  | OOBELib |  |  | 6617 | Failed to get Proxy username in OPM DB
08/28/19 15:30:28:987 | [INFO] |  |  |  | AXFBLicensing |  |  | 6617 | Path : /Library/Application Support/Adobe/Adobe Desktop Common/ADS/Adobe Desktop Service.app/..//axlibv7.dylib
08/28/19 15:30:28:987 | [INFO] |  |  |  | AXFBLicensing |  |  | 6617 | Failed to load axlibv7.dylib
08/28/19 15:30:28:987 | [INFO] |  |  |  | AXFBLicensing |  |  | 6617 | Trying default path
08/28/19 15:30:29:007 | [INFO] |  |  |  | AXFBLicensing |  |  | 6617 | Unable to load axlibv7.dylib from default path

08/28/19 15:30:29:008 | [INFO] |  |  |  | SLCoreService |  |  | 6617 | Starting up SLCore 2.0 Release (build 2.0.1.360321).
08/28/19 15:30:29:008 | [ERROR] |  |  |  | SLCoreService |  |  | 6617 | user based licensing: 0
08/28/19 15:30:29:008 | [INFO] |  |  |  | SLCoreService |  |  | 6617 | Service construction took 0.1 ms and succeed.
08/28/19 15:30:29:008 | [INFO] |  |  |  | SLCoreServiceWrapper |  |  | 6617 | Returning SLCoreServiceWrapper Initialize, Ref Count 1
08/28/19 15:30:29:009 | [INFO] |  |  |  | AnalyticsClientLib |  |  | 6617 | Creating Log Instance of type 0
08/28/19 15:30:29:010 | [INFO] |  |  |  | AnalyticsClientLib |  |  | 6617 | createUpdateDb Completed
08/28/19 15:30:29:027 | [INFO] |  |  |  | DispatchClientLib |  |  | 6617 | Dispatch table Not found parallel to binary, looking into P7 folder
08/28/19 15:30:29:027 | [INFO] |  |  |  | DispatchClientLib |  |  | 6617 | Dispatch table file doesnot in parallel to binary or inside the binary, falling back to ACF path.
08/28/19 15:30:29:027 | [INFO] |  |  |  | DispatchClientLib |  |  | 6617 | Dispatch table loaded from path: /Library/Application Support/Adobe/OOBE/PDApp/P7/dispatchtable.xml 
08/28/19 15:30:29:027 | [INFO] |  |  |  | DispatchClientLib |  |  | 6617 | (re)load Local Dispatch Table status-[0].
08/28/19 15:30:29:027 | [INFO] |  |  |  | DispatchClientLib |  |  | 6617 | Scope : [2]
08/28/19 15:30:29:027 | [INFO] |  |  |  | DispatchClientLib |  |  | 6617 | Setting scope to GM
08/28/19 15:30:29:027 | [INFO] |  |  |  | DispatchClientLib |  |  | 6617 | EndPoint requested: [IngestAnalytics]
08/28/19 15:30:29:027 | [INFO] |  |  |  | DispatchClientLib |  |  | 6617 | Length of the URL: [28]
08/28/19 15:30:29:027 | [INFO] |  |  |  | DispatchClientLib |  |  | 6617 | Returning from getEndpointAddr: [0]
08/28/19 15:30:29:027 | [INFO] |  |  |  | DispatchClientLib |  |  | 6617 | EndPoint requested: [IngestAnalytics]
08/28/19 15:30:29:027 | [INFO] |  |  |  | DispatchClientLib |  |  | 6617 | Length of the URL: [28]
08/28/19 15:30:29:027 | [INFO] |  |  |  | DispatchClientLib |  |  | 6617 | URL found [https://cc-api-data.adobe.io]
08/28/19 15:30:29:027 | [INFO] |  |  |  | DispatchClientLib |  |  | 6617 | Returning from getEndpointAddr: [0]
08/28/19 15:30:29:028 | [INFO] |  |  |  | SLCoreServiceWrapper |  |  | 6617 | Returning SLCoreServiceWrapper GetInstance, Ref Count 1
08/28/19 15:30:29:028 | [INFO] |  |  |  | SLCoreService |  |  | 6617 | SLCoreServiceGetMachineIDHash : waiting for semaphore signal
08/28/19 15:30:29:028 | [INFO] |  |  |  | SLCoreService |  |  | 6617 | SLCoreServiceGetMachineIDHash : semaphore acquired
08/28/19 15:30:29:034 | [INFO] |  |  |  | SLCoreService |  |  | 6617 | SLCoreServiceGetMachineIDHash : semaphore signalled
08/28/19 15:30:29:060 | [INFO] |  |  |  | DispatchClientLib |  |  | 6617 | Dispatch table Not found parallel to binary, looking into P7 folder
08/28/19 15:30:29:060 | [INFO] |  |  |  | DispatchClientLib |  |  | 6617 | Dispatch table file doesnot in parallel to binary or inside the binary, falling back to ACF path.
08/28/19 15:30:29:060 | [INFO] |  |  |  | DispatchClientLib |  |  | 6617 | Dispatch table loaded from path: /Library/Application Support/Adobe/OOBE/PDApp/P7/dispatchtable.xml 
08/28/19 15:30:29:060 | [INFO] |  |  |  | DispatchClientLib |  |  | 6617 | (re)load Local Dispatch Table status-[0].
08/28/19 15:30:29:061 | [INFO] |  |  |  | DispatchClientLib |  |  | 6617 | Scope : [2]
08/28/19 15:30:29:061 | [INFO] |  |  |  | DispatchClientLib |  |  | 6617 | Setting scope to GM
08/28/19 15:30:29:061 | [INFO] |  |  |  | DispatchClientLib |  |  | 6617 | EndPoint requested: [IdentityManagement]
08/28/19 15:30:29:061 | [INFO] |  |  |  | DispatchClientLib |  |  | 6617 | Length of the URL: [33]
08/28/19 15:30:29:061 | [INFO] |  |  |  | DispatchClientLib |  |  | 6617 | Returning from getEndpointAddr: [0]
08/28/19 15:30:29:061 | [INFO] |  |  |  | DispatchClientLib |  |  | 6617 | EndPoint requested: [IdentityManagement]
08/28/19 15:30:29:061 | [INFO] |  |  |  | DispatchClientLib |  |  | 6617 | Length of the URL: [33]
08/28/19 15:30:29:061 | [INFO] |  |  |  | DispatchClientLib |  |  | 6617 | URL found [https://ims-prod06.adobelogin.com]
08/28/19 15:30:29:061 | [INFO] |  |  |  | DispatchClientLib |  |  | 6617 | Returning from getEndpointAddr: [0]
08/28/19 15:30:29:082 | [INFO] |  |  |  | OOBELib |  |  | 6617 | GetSeatID : MachineID successfully retrieved
08/28/19 15:30:29:083 | [INFO] |  |  |  | OOBELib |  |  | 6617 | OOBELibImpl::CommitPCD STARTED
08/28/19 15:30:29:085 | [DEBUG] |  |  |  | ServiceLoader |  |  | 6617 | looking for library /Library/Application Support/Adobe/Adobe Desktop Common/LCC/adobe_upgrade.framework/adobe_upgrade
08/28/19 15:30:29:085 | [DEBUG] |  |  |  | ServiceLoader |  |  | 6617 | Found library /Library/Application Support/Adobe/Adobe Desktop Common/LCC/adobe_upgrade.dylib
08/28/19 15:30:29:233 | [INFO] |  |  |  | OOBELib |  |  | 6617 | SN not validated in this session
08/28/19 15:30:29:233 | [INFO] |  |  |  | OOBELib |  |  | 6617 | No SN to be remembered
08/28/19 15:30:29:233 | [INFO] |  |  |  | OOBELib |  |  | 6617 | User hasn't registered
08/28/19 15:30:29:233 | [INFO] |  |  |  | OOBELib |  |  | 6617 | OOBELibImpl::CommitPCD ENDED
08/28/19 15:30:29:233 | [INFO] |  |  |  | OOBELib |  |  | 6617 | Closing AdobeIALClient 1.0 Release (build 1.0.6.3) session.
08/28/19 15:30:29:233 | [ERROR] |  |  |  | AnalyticsClientLib |  |  | 6617 | Closing Database handler session
08/28/19 15:30:29:233 | [INFO] |  |  |  | SLCoreService |  |  | 6617 | Shutting down SLCore 2.0 Release (build 2.0.1.360321).
08/28/19 15:30:29:233 | [INFO] |  |  |  | SLCoreService |  |  | 6617 | Service destruction took 0.0 ms and succeed.
08/28/19 15:30:29:233 | [INFO] |  |  |  | SLCoreServiceWrapper |  |  | 6617 | Returning SLCoreServiceWrapper Release, Ref Count 0
08/28/19 15:30:29:233 | [INFO] |  |  |  | OOBELib |  |  | 6617 | *************OOBELib Session Ends*************
08/28/19 15:30:29:236 | [INFO] |  |  |  | DispatchClientLib |  |  | 6617 | Dispatch table Not found parallel to binary, looking into P7 folder
08/28/19 15:30:29:236 | [INFO] |  |  |  | DispatchClientLib |  |  | 6617 | Dispatch table file doesnot in parallel to binary or inside the binary, falling back to ACF path.
08/28/19 15:30:29:236 | [INFO] |  |  |  | DispatchClientLib |  |  | 6617 | Dispatch table loaded from path: /Library/Application Support/Adobe/OOBE/PDApp/P7/dispatchtable.xml 
08/28/19 15:30:29:237 | [INFO] |  |  |  | DispatchClientLib |  |  | 6617 | (re)load Local Dispatch Table status-[0].
08/28/19 15:30:29:237 | [INFO] |  |  |  | DispatchClientLib |  |  | 6617 | Scope : [2]
08/28/19 15:30:29:237 | [INFO] |  |  |  | DispatchClientLib |  |  | 6617 | Setting scope to GM
08/28/19 15:30:29:237 | [INFO] |  |  |  | DispatchClientLib |  |  | 6617 | EndPoint requested: [IdentityManagement]
08/28/19 15:30:29:237 | [INFO] |  |  |  | DispatchClientLib |  |  | 6617 | Length of the URL: [33]
08/28/19 15:30:29:237 | [INFO] |  |  |  | DispatchClientLib |  |  | 6617 | Returning from getEndpointAddr: [0]
08/28/19 15:30:29:237 | [INFO] |  |  |  | DispatchClientLib |  |  | 6617 | EndPoint requested: [IdentityManagement]
08/28/19 15:30:29:237 | [INFO] |  |  |  | DispatchClientLib |  |  | 6617 | Length of the URL: [33]
08/28/19 15:30:29:237 | [INFO] |  |  |  | DispatchClientLib |  |  | 6617 | URL found [https://ims-prod06.adobelogin.com]
08/28/19 15:30:29:237 | [INFO] |  |  |  | DispatchClientLib |  |  | 6617 | Returning from getEndpointAddr: [0]
08/28/19 15:30:29:242 | [INFO] |  |  |  | OOBELib |  |  | 6617 | *************OOBELib Session Starts*************
08/28/19 15:30:29:245 | [INFO] |  |  |  | OOBELib |  |  | 6617 | Version 10.0.0.284,7.0

08/28/19 15:30:29:246 | [DEBUG] |  |  |  | ServiceLoader |  |  | 6617 | using logging service now
08/28/19 15:30:29:246 | [INFO] |  |  |  | PCDService |  |  | 6617 | PCD Service in non-threaded mode
08/28/19 15:30:29:246 | [INFO] |  |  |  | DispatchClientLib |  |  | 6617 | Dispatch table Not found parallel to binary, looking into P7 folder
08/28/19 15:30:29:246 | [INFO] |  |  |  | DispatchClientLib |  |  | 6617 | Dispatch table file doesnot in parallel to binary or inside the binary, falling back to ACF path.
08/28/19 15:30:29:246 | [INFO] |  |  |  | DispatchClientLib |  |  | 6617 | Dispatch table loaded from path: /Library/Application Support/Adobe/OOBE/PDApp/P7/dispatchtable.xml 
08/28/19 15:30:29:247 | [INFO] |  |  |  | DispatchClientLib |  |  | 6617 | (re)load Local Dispatch Table status-[0].
08/28/19 15:30:29:247 | [INFO] |  |  |  | DispatchClientLib |  |  | 6617 | Scope : [2]
08/28/19 15:30:29:247 | [INFO] |  |  |  | DispatchClientLib |  |  | 6617 | Setting scope to GM
08/28/19 15:30:29:247 | [INFO] |  |  |  | OOBELib |  |  | 6617 | AdobeIALClient 1.0 Release (build 1.0.6.3) initializing session...
08/28/19 15:30:29:248 | [ERROR] |  |  |  | OPMWrapper |  |  | 6617 | Failed in getting value for key in OPMGetValueForKey
08/28/19 15:30:29:248 | [INFO] |  |  |  | OOBELib |  |  | 6617 | Failed to get Proxy username in OPM DB
08/28/19 15:30:29:248 | [INFO] |  |  |  | AXFBLicensing |  |  | 6617 | Path : /Library/Application Support/Adobe/Adobe Desktop Common/ADS/Adobe Desktop Service.app/..//axlibv7.dylib
08/28/19 15:30:29:248 | [INFO] |  |  |  | AXFBLicensing |  |  | 6617 | Failed to load axlibv7.dylib
08/28/19 15:30:29:248 | [INFO] |  |  |  | AXFBLicensing |  |  | 6617 | Trying default path
08/28/19 15:30:29:248 | [INFO] |  |  |  | AXFBLicensing |  |  | 6617 | Unable to load axlibv7.dylib from default path

08/28/19 15:30:29:248 | [INFO] |  |  |  | SLCoreService |  |  | 6617 | Starting up SLCore 2.0 Release (build 2.0.1.360321).
08/28/19 15:30:29:248 | [ERROR] |  |  |  | SLCoreService |  |  | 6617 | user based licensing: 0
08/28/19 15:30:29:248 | [INFO] |  |  |  | SLCoreService |  |  | 6617 | Service construction took 0.1 ms and succeed.
08/28/19 15:30:29:248 | [INFO] |  |  |  | SLCoreServiceWrapper |  |  | 6617 | Returning SLCoreServiceWrapper Initialize, Ref Count 1
08/28/19 15:30:29:248 | [INFO] |  |  |  | AnalyticsClientLib |  |  | 6617 | Creating Log Instance of type 0
08/28/19 15:30:29:249 | [INFO] |  |  |  | AnalyticsClientLib |  |  | 6617 | createUpdateDb Completed
08/28/19 15:30:29:249 | [INFO] |  |  |  | DispatchClientLib |  |  | 6617 | Dispatch table Not found parallel to binary, looking into P7 folder
08/28/19 15:30:29:249 | [INFO] |  |  |  | DispatchClientLib |  |  | 6617 | Dispatch table file doesnot in parallel to binary or inside the binary, falling back to ACF path.
08/28/19 15:30:29:249 | [INFO] |  |  |  | DispatchClientLib |  |  | 6617 | Dispatch table loaded from path: /Library/Application Support/Adobe/OOBE/PDApp/P7/dispatchtable.xml 
08/28/19 15:30:29:249 | [INFO] |  |  |  | DispatchClientLib |  |  | 6617 | (re)load Local Dispatch Table status-[0].
08/28/19 15:30:29:249 | [INFO] |  |  |  | DispatchClientLib |  |  | 6617 | Scope : [2]
08/28/19 15:30:29:249 | [INFO] |  |  |  | DispatchClientLib |  |  | 6617 | Setting scope to GM
08/28/19 15:30:29:249 | [INFO] |  |  |  | DispatchClientLib |  |  | 6617 | EndPoint requested: [IngestAnalytics]
08/28/19 15:30:29:249 | [INFO] |  |  |  | DispatchClientLib |  |  | 6617 | Length of the URL: [28]
08/28/19 15:30:29:250 | [INFO] |  |  |  | DispatchClientLib |  |  | 6617 | Returning from getEndpointAddr: [0]
08/28/19 15:30:29:250 | [INFO] |  |  |  | DispatchClientLib |  |  | 6617 | EndPoint requested: [IngestAnalytics]
08/28/19 15:30:29:250 | [INFO] |  |  |  | DispatchClientLib |  |  | 6617 | Length of the URL: [28]
08/28/19 15:30:29:250 | [INFO] |  |  |  | DispatchClientLib |  |  | 6617 | URL found [https://cc-api-data.adobe.io]
08/28/19 15:30:29:250 | [INFO] |  |  |  | DispatchClientLib |  |  | 6617 | Returning from getEndpointAddr: [0]
08/28/19 15:30:29:250 | [INFO] |  |  |  | SLCoreServiceWrapper |  |  | 6617 | Returning SLCoreServiceWrapper GetInstance, Ref Count 1
08/28/19 15:30:29:250 | [INFO] |  |  |  | SLCoreService |  |  | 6617 | SLCoreServiceGetMachineIDHash : waiting for semaphore signal
08/28/19 15:30:29:250 | [INFO] |  |  |  | SLCoreService |  |  | 6617 | SLCoreServiceGetMachineIDHash : semaphore acquired
08/28/19 15:30:29:250 | [INFO] |  |  |  | SLCoreService |  |  | 6617 | SLCoreServiceGetMachineIDHash : semaphore signalled
08/28/19 15:30:29:252 | [INFO] |  |  |  | DispatchClientLib |  |  | 6617 | Dispatch table Not found parallel to binary, looking into P7 folder
08/28/19 15:30:29:252 | [INFO] |  |  |  | DispatchClientLib |  |  | 6617 | Dispatch table file doesnot in parallel to binary or inside the binary, falling back to ACF path.
08/28/19 15:30:29:252 | [INFO] |  |  |  | DispatchClientLib |  |  | 6617 | Dispatch table loaded from path: /Library/Application Support/Adobe/OOBE/PDApp/P7/dispatchtable.xml 
08/28/19 15:30:29:252 | [INFO] |  |  |  | DispatchClientLib |  |  | 6617 | (re)load Local Dispatch Table status-[0].
08/28/19 15:30:29:252 | [INFO] |  |  |  | DispatchClientLib |  |  | 6617 | Scope : [2]
08/28/19 15:30:29:253 | [INFO] |  |  |  | DispatchClientLib |  |  | 6617 | Setting scope to GM
08/28/19 15:30:29:253 | [INFO] |  |  |  | DispatchClientLib |  |  | 6617 | EndPoint requested: [IdentityManagement]
08/28/19 15:30:29:253 | [INFO] |  |  |  | DispatchClientLib |  |  | 6617 | Length of the URL: [33]
08/28/19 15:30:29:253 | [INFO] |  |  |  | DispatchClientLib |  |  | 6617 | Returning from getEndpointAddr: [0]
08/28/19 15:30:29:253 | [INFO] |  |  |  | DispatchClientLib |  |  | 6617 | EndPoint requested: [IdentityManagement]
08/28/19 15:30:29:253 | [INFO] |  |  |  | DispatchClientLib |  |  | 6617 | Length of the URL: [33]
08/28/19 15:30:29:253 | [INFO] |  |  |  | DispatchClientLib |  |  | 6617 | URL found [https://ims-prod06.adobelogin.com]
08/28/19 15:30:29:253 | [INFO] |  |  |  | DispatchClientLib |  |  | 6617 | Returning from getEndpointAddr: [0]
08/28/19 15:30:29:255 | [INFO] |  |  |  | OOBELib |  |  | 6617 | GetSeatID : MachineID successfully retrieved
08/28/19 15:30:29:256 | [INFO] |  |  |  | OOBELib |  |  | 6617 | OOBELibImpl::CommitPCD STARTED
08/28/19 15:30:29:257 | [DEBUG] |  |  |  | ServiceLoader |  |  | 6617 | looking for library /Library/Application Support/Adobe/Adobe Desktop Common/LCC/adobe_upgrade.framework/adobe_upgrade
08/28/19 15:30:29:257 | [DEBUG] |  |  |  | ServiceLoader |  |  | 6617 | Found library /Library/Application Support/Adobe/Adobe Desktop Common/LCC/adobe_upgrade.dylib
08/28/19 15:30:29:257 | [INFO] |  |  |  | OOBELib |  |  | 6617 | SN not validated in this session
08/28/19 15:30:29:257 | [INFO] |  |  |  | OOBELib |  |  | 6617 | No SN to be remembered
08/28/19 15:30:29:257 | [INFO] |  |  |  | OOBELib |  |  | 6617 | User hasn't registered
08/28/19 15:30:29:257 | [INFO] |  |  |  | OOBELib |  |  | 6617 | OOBELibImpl::CommitPCD ENDED
08/28/19 15:30:29:257 | [INFO] |  |  |  | OOBELib |  |  | 6617 | Closing AdobeIALClient 1.0 Release (build 1.0.6.3) session.
08/28/19 15:30:29:257 | [ERROR] |  |  |  | AnalyticsClientLib |  |  | 6617 | Closing Database handler session
08/28/19 15:30:29:257 | [INFO] |  |  |  | SLCoreService |  |  | 6617 | Shutting down SLCore 2.0 Release (build 2.0.1.360321).
08/28/19 15:30:29:257 | [INFO] |  |  |  | SLCoreService |  |  | 6617 | Service destruction took 0.0 ms and succeed.
08/28/19 15:30:29:257 | [INFO] |  |  |  | SLCoreServiceWrapper |  |  | 6617 | Returning SLCoreServiceWrapper Release, Ref Count 0
08/28/19 15:30:29:257 | [INFO] |  |  |  | OOBELib |  |  | 6617 | *************OOBELib Session Ends*************
08/28/19 16:55:21:641 | [INFO] |  |  |  | OOBELib |  |  | 4393 | *************OOBELib Session Starts*************
08/28/19 16:55:21:641 | [INFO] |  |  |  | OOBELib |  |  | 4393 | Version 10.0.0.284,7.0

08/28/19 16:55:21:641 | [INFO] |  |  |  | PCDService |  |  | 4393 | PCD Service in non-threaded mode
08/28/19 16:55:21:643 | [INFO] |  |  |  | DispatchClientLib |  |  | 4393 | Dispatch table Not found parallel to binary, looking into P7 folder
08/28/19 16:55:21:643 | [INFO] |  |  |  | DispatchClientLib |  |  | 4393 | Dispatch table file doesnot in parallel to binary or inside the binary, falling back to ACF path.
08/28/19 16:55:21:643 | [INFO] |  |  |  | DispatchClientLib |  |  | 4393 | Dispatch table loaded from path: /Library/Application Support/Adobe/OOBE/PDApp/P7/dispatchtable.xml 
08/28/19 16:55:21:661 | [INFO] |  |  |  | DispatchClientLib |  |  | 4393 | (re)load Local Dispatch Table status-[0].
08/28/19 16:55:21:662 | [INFO] |  |  |  | DispatchClientLib |  |  | 4393 | Scope : [2]
08/28/19 16:55:21:662 | [INFO] |  |  |  | DispatchClientLib |  |  | 4393 | Setting scope to GM
08/28/19 16:55:21:668 | [ERROR] |  |  |  | OPMWrapper |  |  | 4393 | Failed in getting value for key in OPMGetValueForKey
08/28/19 16:55:21:668 | [INFO] |  |  |  | OOBELib |  |  | 4393 | Failed to get Proxy username in OPM DB
08/28/19 16:55:21:668 | [INFO] |  |  |  | AXFBLicensing |  |  | 4393 | Path : /Library/Application Support/Adobe/Adobe Desktop Common/ADS/Adobe Desktop Service.app/..//axlibv7.dylib
08/28/19 16:55:21:668 | [INFO] |  |  |  | AXFBLicensing |  |  | 4393 | Failed to load axlibv7.dylib
08/28/19 16:55:21:668 | [INFO] |  |  |  | AXFBLicensing |  |  | 4393 | Trying default path
08/28/19 16:55:21:761 | [INFO] |  |  |  | AXFBLicensing |  |  | 4393 | Unable to load axlibv7.dylib from default path

08/28/19 16:55:21:762 | [INFO] |  |  |  | SLCoreService |  |  | 4393 | Starting up SLCore 2.0 Release (build 2.0.1.360321).
08/28/19 16:55:21:762 | [ERROR] |  |  |  | SLCoreService |  |  | 4393 | user based licensing: 0
08/28/19 16:55:21:762 | [INFO] |  |  |  | SLCoreService |  |  | 4393 | Service construction took 0.1 ms and succeed.
08/28/19 16:55:21:762 | [INFO] |  |  |  | SLCoreServiceWrapper |  |  | 4393 | Returning SLCoreServiceWrapper Initialize, Ref Count 1
08/28/19 16:55:21:762 | [INFO] |  |  |  | AnalyticsClientLib |  |  | 4393 | Creating Log Instance of type 0
08/28/19 16:55:21:845 | [INFO] |  |  |  | AnalyticsClientLib |  |  | 4393 | createUpdateDb Completed
08/28/19 16:55:21:886 | [INFO] |  |  |  | DispatchClientLib |  |  | 4393 | Dispatch table Not found parallel to binary, looking into P7 folder
08/28/19 16:55:21:887 | [INFO] |  |  |  | DispatchClientLib |  |  | 4393 | Dispatch table file doesnot in parallel to binary or inside the binary, falling back to ACF path.
08/28/19 16:55:21:887 | [INFO] |  |  |  | DispatchClientLib |  |  | 4393 | Dispatch table loaded from path: /Library/Application Support/Adobe/OOBE/PDApp/P7/dispatchtable.xml 
08/28/19 16:55:21:887 | [INFO] |  |  |  | DispatchClientLib |  |  | 4393 | (re)load Local Dispatch Table status-[0].
08/28/19 16:55:21:887 | [INFO] |  |  |  | DispatchClientLib |  |  | 4393 | Scope : [2]
08/28/19 16:55:21:887 | [INFO] |  |  |  | DispatchClientLib |  |  | 4393 | Setting scope to GM
08/28/19 16:55:21:887 | [INFO] |  |  |  | DispatchClientLib |  |  | 4393 | EndPoint requested: [IngestAnalytics]
08/28/19 16:55:21:887 | [INFO] |  |  |  | DispatchClientLib |  |  | 4393 | Length of the URL: [28]
08/28/19 16:55:21:887 | [INFO] |  |  |  | DispatchClientLib |  |  | 4393 | Returning from getEndpointAddr: [0]
08/28/19 16:55:21:887 | [INFO] |  |  |  | DispatchClientLib |  |  | 4393 | EndPoint requested: [IngestAnalytics]
08/28/19 16:55:21:887 | [INFO] |  |  |  | DispatchClientLib |  |  | 4393 | Length of the URL: [28]
08/28/19 16:55:21:887 | [INFO] |  |  |  | DispatchClientLib |  |  | 4393 | URL found [https://cc-api-data.adobe.io]
08/28/19 16:55:21:887 | [INFO] |  |  |  | DispatchClientLib |  |  | 4393 | Returning from getEndpointAddr: [0]
08/28/19 16:55:21:887 | [INFO] |  |  |  | SLCoreServiceWrapper |  |  | 4393 | Returning SLCoreServiceWrapper GetInstance, Ref Count 1
08/28/19 16:55:21:887 | [INFO] |  |  |  | SLCoreService |  |  | 4393 | SLCoreServiceGetMachineIDHash : waiting for semaphore signal
08/28/19 16:55:21:887 | [INFO] |  |  |  | SLCoreService |  |  | 4393 | SLCoreServiceGetMachineIDHash : semaphore acquired
08/28/19 16:55:21:983 | [INFO] |  |  |  | SLCoreService |  |  | 4393 | SLCoreServiceGetMachineIDHash : semaphore signalled
08/28/19 16:55:22:033 | [INFO] |  |  |  | DispatchClientLib |  |  | 4393 | Dispatch table Not found parallel to binary, looking into P7 folder
08/28/19 16:55:22:033 | [INFO] |  |  |  | DispatchClientLib |  |  | 4393 | Dispatch table file doesnot in parallel to binary or inside the binary, falling back to ACF path.
08/28/19 16:55:22:033 | [INFO] |  |  |  | DispatchClientLib |  |  | 4393 | Dispatch table loaded from path: /Library/Application Support/Adobe/OOBE/PDApp/P7/dispatchtable.xml 
08/28/19 16:55:22:033 | [INFO] |  |  |  | DispatchClientLib |  |  | 4393 | (re)load Local Dispatch Table status-[0].
08/28/19 16:55:22:034 | [INFO] |  |  |  | DispatchClientLib |  |  | 4393 | Scope : [2]
08/28/19 16:55:22:034 | [INFO] |  |  |  | DispatchClientLib |  |  | 4393 | Setting scope to GM
08/28/19 16:55:22:034 | [INFO] |  |  |  | DispatchClientLib |  |  | 4393 | EndPoint requested: [IdentityManagement]
08/28/19 16:55:22:034 | [INFO] |  |  |  | DispatchClientLib |  |  | 4393 | Length of the URL: [33]
08/28/19 16:55:22:034 | [INFO] |  |  |  | DispatchClientLib |  |  | 4393 | Returning from getEndpointAddr: [0]
08/28/19 16:55:22:034 | [INFO] |  |  |  | DispatchClientLib |  |  | 4393 | EndPoint requested: [IdentityManagement]
08/28/19 16:55:22:034 | [INFO] |  |  |  | DispatchClientLib |  |  | 4393 | Length of the URL: [33]
08/28/19 16:55:22:034 | [INFO] |  |  |  | DispatchClientLib |  |  | 4393 | URL found [https://ims-prod06.adobelogin.com]
08/28/19 16:55:22:034 | [INFO] |  |  |  | DispatchClientLib |  |  | 4393 | Returning from getEndpointAddr: [0]
08/28/19 16:55:22:050 | [INFO] |  |  |  | OOBELib |  |  | 4393 | GetSeatID : MachineID successfully retrieved
08/28/19 16:55:22:051 | [INFO] |  |  |  | OOBELib |  |  | 4393 | OOBELibImpl::CommitPCD STARTED
08/28/19 16:55:22:053 | [DEBUG] |  |  |  | ServiceLoader |  |  | 4393 | looking for library /Library/Application Support/Adobe/Adobe Desktop Common/LCC/adobe_upgrade.framework/adobe_upgrade
08/28/19 16:55:22:053 | [DEBUG] |  |  |  | ServiceLoader |  |  | 4393 | Found library /Library/Application Support/Adobe/Adobe Desktop Common/LCC/adobe_upgrade.dylib
08/28/19 16:55:22:204 | [INFO] |  |  |  | OOBELib |  |  | 4393 | SN not validated in this session
08/28/19 16:55:22:204 | [INFO] |  |  |  | OOBELib |  |  | 4393 | No SN to be remembered
08/28/19 16:55:22:204 | [INFO] |  |  |  | OOBELib |  |  | 4393 | User hasn't registered
08/28/19 16:55:22:204 | [INFO] |  |  |  | OOBELib |  |  | 4393 | OOBELibImpl::CommitPCD ENDED
08/28/19 16:55:22:204 | [INFO] |  |  |  | OOBELib |  |  | 4393 | Closing AdobeIALClient 1.0 Release (build 1.0.6.3) session.
08/28/19 16:55:22:204 | [ERROR] |  |  |  | AnalyticsClientLib |  |  | 4393 | Closing Database handler session
08/28/19 16:55:22:205 | [INFO] |  |  |  | SLCoreService |  |  | 4393 | Shutting down SLCore 2.0 Release (build 2.0.1.360321).
08/28/19 16:55:22:205 | [INFO] |  |  |  | SLCoreService |  |  | 4393 | Service destruction took 0.0 ms and succeed.
08/28/19 16:55:22:205 | [INFO] |  |  |  | SLCoreServiceWrapper |  |  | 4393 | Returning SLCoreServiceWrapper Release, Ref Count 0
08/28/19 16:55:22:205 | [INFO] |  |  |  | OOBELib |  |  | 4393 | *************OOBELib Session Ends*************
08/28/19 16:55:22:209 | [INFO] |  |  |  | DispatchClientLib |  |  | 4393 | Dispatch table Not found parallel to binary, looking into P7 folder
08/28/19 16:55:22:209 | [INFO] |  |  |  | DispatchClientLib |  |  | 4393 | Dispatch table file doesnot in parallel to binary or inside the binary, falling back to ACF path.
08/28/19 16:55:22:209 | [INFO] |  |  |  | DispatchClientLib |  |  | 4393 | Dispatch table loaded from path: /Library/Application Support/Adobe/OOBE/PDApp/P7/dispatchtable.xml 
08/28/19 16:55:22:209 | [INFO] |  |  |  | DispatchClientLib |  |  | 4393 | (re)load Local Dispatch Table status-[0].
08/28/19 16:55:22:209 | [INFO] |  |  |  | DispatchClientLib |  |  | 4393 | Scope : [2]
08/28/19 16:55:22:209 | [INFO] |  |  |  | DispatchClientLib |  |  | 4393 | Setting scope to GM
08/28/19 16:55:22:209 | [INFO] |  |  |  | DispatchClientLib |  |  | 4393 | EndPoint requested: [IdentityManagement]
08/28/19 16:55:22:209 | [INFO] |  |  |  | DispatchClientLib |  |  | 4393 | Length of the URL: [33]
08/28/19 16:55:22:209 | [INFO] |  |  |  | DispatchClientLib |  |  | 4393 | Returning from getEndpointAddr: [0]
08/28/19 16:55:22:209 | [INFO] |  |  |  | DispatchClientLib |  |  | 4393 | EndPoint requested: [IdentityManagement]
08/28/19 16:55:22:209 | [INFO] |  |  |  | DispatchClientLib |  |  | 4393 | Length of the URL: [33]
08/28/19 16:55:22:209 | [INFO] |  |  |  | DispatchClientLib |  |  | 4393 | URL found [https://ims-prod06.adobelogin.com]
08/28/19 16:55:22:209 | [INFO] |  |  |  | DispatchClientLib |  |  | 4393 | Returning from getEndpointAddr: [0]
08/28/19 16:55:22:214 | [INFO] |  |  |  | OOBELib |  |  | 4393 | *************OOBELib Session Starts*************
08/28/19 16:55:22:218 | [INFO] |  |  |  | OOBELib |  |  | 4393 | Version 10.0.0.284,7.0

08/28/19 16:55:22:218 | [DEBUG] |  |  |  | ServiceLoader |  |  | 4393 | using logging service now
08/28/19 16:55:22:218 | [INFO] |  |  |  | PCDService |  |  | 4393 | PCD Service in non-threaded mode
08/28/19 16:55:22:218 | [INFO] |  |  |  | DispatchClientLib |  |  | 4393 | Dispatch table Not found parallel to binary, looking into P7 folder
08/28/19 16:55:22:218 | [INFO] |  |  |  | DispatchClientLib |  |  | 4393 | Dispatch table file doesnot in parallel to binary or inside the binary, falling back to ACF path.
08/28/19 16:55:22:219 | [INFO] |  |  |  | DispatchClientLib |  |  | 4393 | Dispatch table loaded from path: /Library/Application Support/Adobe/OOBE/PDApp/P7/dispatchtable.xml 
08/28/19 16:55:22:219 | [INFO] |  |  |  | DispatchClientLib |  |  | 4393 | (re)load Local Dispatch Table status-[0].
08/28/19 16:55:22:219 | [INFO] |  |  |  | DispatchClientLib |  |  | 4393 | Scope : [2]
08/28/19 16:55:22:219 | [INFO] |  |  |  | DispatchClientLib |  |  | 4393 | Setting scope to GM
08/28/19 16:55:22:219 | [INFO] |  |  |  | OOBELib |  |  | 4393 | AdobeIALClient 1.0 Release (build 1.0.6.3) initializing session...
08/28/19 16:55:22:220 | [ERROR] |  |  |  | OPMWrapper |  |  | 4393 | Failed in getting value for key in OPMGetValueForKey
08/28/19 16:55:22:220 | [INFO] |  |  |  | OOBELib |  |  | 4393 | Failed to get Proxy username in OPM DB
08/28/19 16:55:22:220 | [INFO] |  |  |  | AXFBLicensing |  |  | 4393 | Path : /Library/Application Support/Adobe/Adobe Desktop Common/ADS/Adobe Desktop Service.app/..//axlibv7.dylib
08/28/19 16:55:22:220 | [INFO] |  |  |  | AXFBLicensing |  |  | 4393 | Failed to load axlibv7.dylib
08/28/19 16:55:22:220 | [INFO] |  |  |  | AXFBLicensing |  |  | 4393 | Trying default path
08/28/19 16:55:22:221 | [INFO] |  |  |  | AXFBLicensing |  |  | 4393 | Unable to load axlibv7.dylib from default path

08/28/19 16:55:22:221 | [INFO] |  |  |  | SLCoreService |  |  | 4393 | Starting up SLCore 2.0 Release (build 2.0.1.360321).
08/28/19 16:55:22:221 | [ERROR] |  |  |  | SLCoreService |  |  | 4393 | user based licensing: 0
08/28/19 16:55:22:221 | [INFO] |  |  |  | SLCoreService |  |  | 4393 | Service construction took 0.1 ms and succeed.
08/28/19 16:55:22:221 | [INFO] |  |  |  | SLCoreServiceWrapper |  |  | 4393 | Returning SLCoreServiceWrapper Initialize, Ref Count 1
08/28/19 16:55:22:221 | [INFO] |  |  |  | AnalyticsClientLib |  |  | 4393 | Creating Log Instance of type 0
08/28/19 16:55:22:221 | [INFO] |  |  |  | AnalyticsClientLib |  |  | 4393 | createUpdateDb Completed
08/28/19 16:55:22:221 | [INFO] |  |  |  | DispatchClientLib |  |  | 4393 | Dispatch table Not found parallel to binary, looking into P7 folder
08/28/19 16:55:22:221 | [INFO] |  |  |  | DispatchClientLib |  |  | 4393 | Dispatch table file doesnot in parallel to binary or inside the binary, falling back to ACF path.
08/28/19 16:55:22:221 | [INFO] |  |  |  | DispatchClientLib |  |  | 4393 | Dispatch table loaded from path: /Library/Application Support/Adobe/OOBE/PDApp/P7/dispatchtable.xml 
08/28/19 16:55:22:222 | [INFO] |  |  |  | DispatchClientLib |  |  | 4393 | (re)load Local Dispatch Table status-[0].
08/28/19 16:55:22:222 | [INFO] |  |  |  | DispatchClientLib |  |  | 4393 | Scope : [2]
08/28/19 16:55:22:222 | [INFO] |  |  |  | DispatchClientLib |  |  | 4393 | Setting scope to GM
08/28/19 16:55:22:222 | [INFO] |  |  |  | DispatchClientLib |  |  | 4393 | EndPoint requested: [IngestAnalytics]
08/28/19 16:55:22:222 | [INFO] |  |  |  | DispatchClientLib |  |  | 4393 | Length of the URL: [28]
08/28/19 16:55:22:222 | [INFO] |  |  |  | DispatchClientLib |  |  | 4393 | Returning from getEndpointAddr: [0]
08/28/19 16:55:22:222 | [INFO] |  |  |  | DispatchClientLib |  |  | 4393 | EndPoint requested: [IngestAnalytics]
08/28/19 16:55:22:222 | [INFO] |  |  |  | DispatchClientLib |  |  | 4393 | Length of the URL: [28]
08/28/19 16:55:22:222 | [INFO] |  |  |  | DispatchClientLib |  |  | 4393 | URL found [https://cc-api-data.adobe.io]
08/28/19 16:55:22:222 | [INFO] |  |  |  | DispatchClientLib |  |  | 4393 | Returning from getEndpointAddr: [0]
08/28/19 16:55:22:222 | [INFO] |  |  |  | SLCoreServiceWrapper |  |  | 4393 | Returning SLCoreServiceWrapper GetInstance, Ref Count 1
08/28/19 16:55:22:222 | [INFO] |  |  |  | SLCoreService |  |  | 4393 | SLCoreServiceGetMachineIDHash : waiting for semaphore signal
08/28/19 16:55:22:222 | [INFO] |  |  |  | SLCoreService |  |  | 4393 | SLCoreServiceGetMachineIDHash : semaphore acquired
08/28/19 16:55:22:222 | [INFO] |  |  |  | SLCoreService |  |  | 4393 | SLCoreServiceGetMachineIDHash : semaphore signalled
08/28/19 16:55:22:225 | [INFO] |  |  |  | DispatchClientLib |  |  | 4393 | Dispatch table Not found parallel to binary, looking into P7 folder
08/28/19 16:55:22:225 | [INFO] |  |  |  | DispatchClientLib |  |  | 4393 | Dispatch table file doesnot in parallel to binary or inside the binary, falling back to ACF path.
08/28/19 16:55:22:225 | [INFO] |  |  |  | DispatchClientLib |  |  | 4393 | Dispatch table loaded from path: /Library/Application Support/Adobe/OOBE/PDApp/P7/dispatchtable.xml 
08/28/19 16:55:22:225 | [INFO] |  |  |  | DispatchClientLib |  |  | 4393 | (re)load Local Dispatch Table status-[0].
08/28/19 16:55:22:225 | [INFO] |  |  |  | DispatchClientLib |  |  | 4393 | Scope : [2]
08/28/19 16:55:22:225 | [INFO] |  |  |  | DispatchClientLib |  |  | 4393 | Setting scope to GM
08/28/19 16:55:22:225 | [INFO] |  |  |  | DispatchClientLib |  |  | 4393 | EndPoint requested: [IdentityManagement]
08/28/19 16:55:22:225 | [INFO] |  |  |  | DispatchClientLib |  |  | 4393 | Length of the URL: [33]
08/28/19 16:55:22:225 | [INFO] |  |  |  | DispatchClientLib |  |  | 4393 | Returning from getEndpointAddr: [0]
08/28/19 16:55:22:225 | [INFO] |  |  |  | DispatchClientLib |  |  | 4393 | EndPoint requested: [IdentityManagement]
08/28/19 16:55:22:225 | [INFO] |  |  |  | DispatchClientLib |  |  | 4393 | Length of the URL: [33]
08/28/19 16:55:22:225 | [INFO] |  |  |  | DispatchClientLib |  |  | 4393 | URL found [https://ims-prod06.adobelogin.com]
08/28/19 16:55:22:225 | [INFO] |  |  |  | DispatchClientLib |  |  | 4393 | Returning from getEndpointAddr: [0]
08/28/19 16:55:22:227 | [INFO] |  |  |  | OOBELib |  |  | 4393 | GetSeatID : MachineID successfully retrieved
08/28/19 16:55:22:229 | [INFO] |  |  |  | OOBELib |  |  | 4393 | OOBELibImpl::CommitPCD STARTED
08/28/19 16:55:22:230 | [DEBUG] |  |  |  | ServiceLoader |  |  | 4393 | looking for library /Library/Application Support/Adobe/Adobe Desktop Common/LCC/adobe_upgrade.framework/adobe_upgrade
08/28/19 16:55:22:230 | [DEBUG] |  |  |  | ServiceLoader |  |  | 4393 | Found library /Library/Application Support/Adobe/Adobe Desktop Common/LCC/adobe_upgrade.dylib
08/28/19 16:55:22:230 | [INFO] |  |  |  | OOBELib |  |  | 4393 | SN not validated in this session
08/28/19 16:55:22:230 | [INFO] |  |  |  | OOBELib |  |  | 4393 | No SN to be remembered
08/28/19 16:55:22:230 | [INFO] |  |  |  | OOBELib |  |  | 4393 | User hasn't registered
08/28/19 16:55:22:230 | [INFO] |  |  |  | OOBELib |  |  | 4393 | OOBELibImpl::CommitPCD ENDED
08/28/19 16:55:22:230 | [INFO] |  |  |  | OOBELib |  |  | 4393 | Closing AdobeIALClient 1.0 Release (build 1.0.6.3) session.
08/28/19 16:55:22:230 | [ERROR] |  |  |  | AnalyticsClientLib |  |  | 4393 | Closing Database handler session
08/28/19 16:55:22:230 | [INFO] |  |  |  | SLCoreService |  |  | 4393 | Shutting down SLCore 2.0 Release (build 2.0.1.360321).
08/28/19 16:55:22:230 | [INFO] |  |  |  | SLCoreService |  |  | 4393 | Service destruction took 0.0 ms and succeed.
08/28/19 16:55:22:230 | [INFO] |  |  |  | SLCoreServiceWrapper |  |  | 4393 | Returning SLCoreServiceWrapper Release, Ref Count 0
08/28/19 16:55:22:230 | [INFO] |  |  |  | OOBELib |  |  | 4393 | *************OOBELib Session Ends*************
09/09/19 16:55:39:276 | [INFO] |  |  |  | OOBELib |  |  | 131740 | *************OOBELib Session Starts*************
09/09/19 16:55:39:276 | [INFO] |  |  |  | OOBELib |  |  | 131740 | Version 10.0.0.286,7.0

09/09/19 16:55:39:276 | [INFO] |  |  |  | PCDService |  |  | 131740 | PCD Service in non-threaded mode
09/09/19 16:55:39:391 | [INFO] |  |  |  | DispatchClientLib |  |  | 131740 | Dispatch table Not found parallel to binary, looking into LCC folder
09/09/19 16:55:39:391 | [INFO] |  |  |  | DispatchClientLib |  |  | 131740 | Dispatch table loaded from path: /Library/Application Support/Adobe/Adobe Desktop Common/ADS/Adobe Desktop Service.app/..//../LCC/dispatchtable.xml 
09/09/19 16:55:39:395 | [INFO] |  |  |  | DispatchClientLib |  |  | 131740 | (re)load Local Dispatch Table status-[0].
09/09/19 16:55:39:395 | [INFO] |  |  |  | DispatchClientLib |  |  | 131740 | Scope : [2]
09/09/19 16:55:39:395 | [INFO] |  |  |  | DispatchClientLib |  |  | 131740 | Setting scope to GM
09/09/19 16:55:39:398 | [ERROR] |  |  |  | OPMWrapper |  |  | 131740 | Failed in getting value for key in OPMGetValueForKey
09/09/19 16:55:39:398 | [INFO] |  |  |  | OOBELib |  |  | 131740 | Failed to get Proxy username in OPM DB
09/09/19 16:55:39:398 | [INFO] |  |  |  | AXFBLicensing |  |  | 131740 | Path : /Library/Application Support/Adobe/Adobe Desktop Common/ADS/Adobe Desktop Service.app/..//axlibv7.dylib
09/09/19 16:55:39:398 | [INFO] |  |  |  | AXFBLicensing |  |  | 131740 | Failed to load axlibv7.dylib
09/09/19 16:55:39:398 | [INFO] |  |  |  | AXFBLicensing |  |  | 131740 | Trying default path
09/09/19 16:55:39:511 | [INFO] |  |  |  | AXFBLicensing |  |  | 131740 | Unable to load axlibv7.dylib from default path

09/09/19 16:55:39:511 | [INFO] |  |  |  | SLCoreService |  |  | 131740 | Starting up SLCore 2.0 Release (build 2.0.1.360321).
09/09/19 16:55:39:511 | [ERROR] |  |  |  | SLCoreService |  |  | 131740 | user based licensing: 0
09/09/19 16:55:39:511 | [INFO] |  |  |  | SLCoreService |  |  | 131740 | Service construction took 0.0 ms and succeed.
09/09/19 16:55:39:511 | [INFO] |  |  |  | SLCoreServiceWrapper |  |  | 131740 | Returning SLCoreServiceWrapper Initialize, Ref Count 1
09/09/19 16:55:39:679 | [INFO] |  |  |  | AnalyticsClientLib |  |  | 131740 | Creating Log Instance of type 0
09/09/19 16:55:39:679 | [INFO] |  |  |  | AnalyticsClientLib |  |  | 131740 | createUpdateDb Completed
09/09/19 16:55:39:680 | [INFO] |  |  |  | DispatchClientLib |  |  | 131740 | Dispatch table Not found parallel to binary, looking into LCC folder
09/09/19 16:55:39:680 | [INFO] |  |  |  | DispatchClientLib |  |  | 131740 | Dispatch table loaded from path: /Library/Application Support/Adobe/Adobe Desktop Common/ADS/Adobe Desktop Service.app/..//../LCC/dispatchtable.xml 
09/09/19 16:55:39:680 | [INFO] |  |  |  | DispatchClientLib |  |  | 131740 | (re)load Local Dispatch Table status-[0].
09/09/19 16:55:39:680 | [INFO] |  |  |  | DispatchClientLib |  |  | 131740 | Scope : [2]
09/09/19 16:55:39:680 | [INFO] |  |  |  | DispatchClientLib |  |  | 131740 | Setting scope to GM
09/09/19 16:55:39:680 | [INFO] |  |  |  | DispatchClientLib |  |  | 131740 | EndPoint requested: [IngestAnalytics]
09/09/19 16:55:39:680 | [INFO] |  |  |  | DispatchClientLib |  |  | 131740 | Length of the URL: [28]
09/09/19 16:55:39:680 | [INFO] |  |  |  | DispatchClientLib |  |  | 131740 | Returning from getEndpointAddr: [0]
09/09/19 16:55:39:680 | [INFO] |  |  |  | DispatchClientLib |  |  | 131740 | EndPoint requested: [IngestAnalytics]
09/09/19 16:55:39:680 | [INFO] |  |  |  | DispatchClientLib |  |  | 131740 | Length of the URL: [28]
09/09/19 16:55:39:680 | [INFO] |  |  |  | DispatchClientLib |  |  | 131740 | URL found [https://cc-api-data.adobe.io]
09/09/19 16:55:39:680 | [INFO] |  |  |  | DispatchClientLib |  |  | 131740 | Returning from getEndpointAddr: [0]
09/09/19 16:55:39:680 | [INFO] |  |  |  | SLCoreServiceWrapper |  |  | 131740 | Returning SLCoreServiceWrapper GetInstance, Ref Count 1
09/09/19 16:55:39:680 | [INFO] |  |  |  | SLCoreService |  |  | 131740 | SLCoreServiceGetMachineIDHash : waiting for semaphore signal
09/09/19 16:55:39:680 | [INFO] |  |  |  | SLCoreService |  |  | 131740 | SLCoreServiceGetMachineIDHash : semaphore acquired
09/09/19 16:55:40:207 | [INFO] |  |  |  | SLCoreService |  |  | 131740 | SLCoreServiceGetMachineIDHash : semaphore signalled
09/09/19 16:55:40:614 | [INFO] |  |  |  | DispatchClientLib |  |  | 131740 | Dispatch table Not found parallel to binary, looking into LCC folder
09/09/19 16:55:40:614 | [INFO] |  |  |  | DispatchClientLib |  |  | 131740 | Dispatch table loaded from path: /Library/Application Support/Adobe/Adobe Desktop Common/ADS/Adobe Desktop Service.app/..//../LCC/dispatchtable.xml 
09/09/19 16:55:40:615 | [INFO] |  |  |  | DispatchClientLib |  |  | 131740 | (re)load Local Dispatch Table status-[0].
09/09/19 16:55:40:615 | [INFO] |  |  |  | DispatchClientLib |  |  | 131740 | Scope : [2]
09/09/19 16:55:40:615 | [INFO] |  |  |  | DispatchClientLib |  |  | 131740 | Setting scope to GM
09/09/19 16:55:40:615 | [INFO] |  |  |  | DispatchClientLib |  |  | 131740 | EndPoint requested: [IdentityManagement]
09/09/19 16:55:40:615 | [INFO] |  |  |  | DispatchClientLib |  |  | 131740 | Length of the URL: [33]
09/09/19 16:55:40:615 | [INFO] |  |  |  | DispatchClientLib |  |  | 131740 | Returning from getEndpointAddr: [0]
09/09/19 16:55:40:615 | [INFO] |  |  |  | DispatchClientLib |  |  | 131740 | EndPoint requested: [IdentityManagement]
09/09/19 16:55:40:615 | [INFO] |  |  |  | DispatchClientLib |  |  | 131740 | Length of the URL: [33]
09/09/19 16:55:40:615 | [INFO] |  |  |  | DispatchClientLib |  |  | 131740 | URL found [https://ims-prod06.adobelogin.com]
09/09/19 16:55:40:615 | [INFO] |  |  |  | DispatchClientLib |  |  | 131740 | Returning from getEndpointAddr: [0]
09/09/19 16:55:40:634 | [INFO] |  |  |  | OOBELib |  |  | 131740 | GetSeatID : MachineID successfully retrieved
09/09/19 16:55:40:636 | [INFO] |  |  |  | OOBELib |  |  | 131740 | OOBELibImpl::CommitPCD STARTED
09/09/19 16:55:41:302 | [DEBUG] |  |  |  | ServiceLoader |  |  | 131740 | looking for library /Library/Application Support/Adobe/Adobe Desktop Common/LCC/adobe_upgrade.framework/adobe_upgrade
09/09/19 16:55:41:302 | [DEBUG] |  |  |  | ServiceLoader |  |  | 131740 | Found library /Library/Application Support/Adobe/Adobe Desktop Common/LCC/adobe_upgrade.dylib
09/09/19 16:55:41:317 | [INFO] |  |  |  | OOBELib |  |  | 131740 | SN not validated in this session
09/09/19 16:55:41:317 | [INFO] |  |  |  | OOBELib |  |  | 131740 | No SN to be remembered
09/09/19 16:55:41:317 | [INFO] |  |  |  | OOBELib |  |  | 131740 | User hasn't registered
09/09/19 16:55:41:317 | [INFO] |  |  |  | OOBELib |  |  | 131740 | OOBELibImpl::CommitPCD ENDED
09/09/19 16:55:41:317 | [INFO] |  |  |  | OOBELib |  |  | 131740 | Closing AdobeIALClient 1.0 Release (build 1.0.6.3) session.
09/09/19 16:55:41:317 | [ERROR] |  |  |  | AnalyticsClientLib |  |  | 131740 | Closing Database handler session
09/09/19 16:55:41:317 | [INFO] |  |  |  | SLCoreService |  |  | 131740 | Shutting down SLCore 2.0 Release (build 2.0.1.360321).
09/09/19 16:55:41:317 | [INFO] |  |  |  | SLCoreService |  |  | 131740 | Service destruction took 0.0 ms and succeed.
09/09/19 16:55:41:317 | [INFO] |  |  |  | SLCoreServiceWrapper |  |  | 131740 | Returning SLCoreServiceWrapper Release, Ref Count 0
09/09/19 16:55:41:317 | [INFO] |  |  |  | OOBELib |  |  | 131740 | *************OOBELib Session Ends*************
09/09/19 16:55:41:337 | [INFO] |  |  |  | DispatchClientLib |  |  | 131740 | Dispatch table Not found parallel to binary, looking into LCC folder
09/09/19 16:55:41:337 | [INFO] |  |  |  | DispatchClientLib |  |  | 131740 | Dispatch table loaded from path: /Library/Application Support/Adobe/Adobe Desktop Common/ADS/Adobe Desktop Service.app/..//../LCC/dispatchtable.xml 
09/09/19 16:55:41:337 | [INFO] |  |  |  | DispatchClientLib |  |  | 131740 | (re)load Local Dispatch Table status-[0].
09/09/19 16:55:41:338 | [INFO] |  |  |  | DispatchClientLib |  |  | 131740 | Scope : [2]
09/09/19 16:55:41:338 | [INFO] |  |  |  | DispatchClientLib |  |  | 131740 | Setting scope to GM
09/09/19 16:55:41:338 | [INFO] |  |  |  | DispatchClientLib |  |  | 131740 | EndPoint requested: [IdentityManagement]
09/09/19 16:55:41:338 | [INFO] |  |  |  | DispatchClientLib |  |  | 131740 | Length of the URL: [33]
09/09/19 16:55:41:338 | [INFO] |  |  |  | DispatchClientLib |  |  | 131740 | Returning from getEndpointAddr: [0]
09/09/19 16:55:41:338 | [INFO] |  |  |  | DispatchClientLib |  |  | 131740 | EndPoint requested: [IdentityManagement]
09/09/19 16:55:41:338 | [INFO] |  |  |  | DispatchClientLib |  |  | 131740 | Length of the URL: [33]
09/09/19 16:55:41:338 | [INFO] |  |  |  | DispatchClientLib |  |  | 131740 | URL found [https://ims-prod06.adobelogin.com]
09/09/19 16:55:41:338 | [INFO] |  |  |  | DispatchClientLib |  |  | 131740 | Returning from getEndpointAddr: [0]
09/09/19 16:55:42:732 | [INFO] |  |  |  | OOBELib |  |  | 131740 | *************OOBELib Session Starts*************
09/09/19 16:55:42:732 | [INFO] |  |  |  | OOBELib |  |  | 131740 | Version 10.0.0.286,7.0

09/09/19 16:55:42:733 | [DEBUG] |  |  |  | ServiceLoader |  |  | 131740 | using logging service now
09/09/19 16:55:42:733 | [INFO] |  |  |  | PCDService |  |  | 131740 | PCD Service in non-threaded mode
09/09/19 16:55:42:742 | [INFO] |  |  |  | DispatchClientLib |  |  | 131740 | Dispatch table Not found parallel to binary, looking into LCC folder
09/09/19 16:55:42:742 | [INFO] |  |  |  | DispatchClientLib |  |  | 131740 | Dispatch table loaded from path: /Library/Application Support/Adobe/Adobe Desktop Common/ADS/Adobe Desktop Service.app/..//../LCC/dispatchtable.xml 
09/09/19 16:55:42:742 | [INFO] |  |  |  | DispatchClientLib |  |  | 131740 | (re)load Local Dispatch Table status-[0].
09/09/19 16:55:42:742 | [INFO] |  |  |  | DispatchClientLib |  |  | 131740 | Scope : [2]
09/09/19 16:55:42:742 | [INFO] |  |  |  | DispatchClientLib |  |  | 131740 | Setting scope to GM
09/09/19 16:55:42:742 | [INFO] |  |  |  | OOBELib |  |  | 131740 | AdobeIALClient 1.0 Release (build 1.0.6.3) initializing session...
09/09/19 16:55:42:743 | [ERROR] |  |  |  | OPMWrapper |  |  | 131740 | Failed in getting value for key in OPMGetValueForKey
09/09/19 16:55:42:743 | [INFO] |  |  |  | OOBELib |  |  | 131740 | Failed to get Proxy username in OPM DB
09/09/19 16:55:42:743 | [INFO] |  |  |  | AXFBLicensing |  |  | 131740 | Path : /Library/Application Support/Adobe/Adobe Desktop Common/ADS/Adobe Desktop Service.app/..//axlibv7.dylib
09/09/19 16:55:42:743 | [INFO] |  |  |  | AXFBLicensing |  |  | 131740 | Failed to load axlibv7.dylib
09/09/19 16:55:42:744 | [INFO] |  |  |  | AXFBLicensing |  |  | 131740 | Trying default path
09/09/19 16:55:42:744 | [INFO] |  |  |  | AXFBLicensing |  |  | 131740 | Unable to load axlibv7.dylib from default path

09/09/19 16:55:42:744 | [INFO] |  |  |  | SLCoreService |  |  | 131740 | Starting up SLCore 2.0 Release (build 2.0.1.360321).
09/09/19 16:55:42:744 | [ERROR] |  |  |  | SLCoreService |  |  | 131740 | user based licensing: 0
09/09/19 16:55:42:744 | [INFO] |  |  |  | SLCoreService |  |  | 131740 | Service construction took 0.1 ms and succeed.
09/09/19 16:55:42:744 | [INFO] |  |  |  | SLCoreServiceWrapper |  |  | 131740 | Returning SLCoreServiceWrapper Initialize, Ref Count 1
09/09/19 16:55:42:744 | [INFO] |  |  |  | AnalyticsClientLib |  |  | 131740 | Creating Log Instance of type 0
09/09/19 16:55:42:745 | [INFO] |  |  |  | AnalyticsClientLib |  |  | 131740 | createUpdateDb Completed
09/09/19 16:55:42:745 | [INFO] |  |  |  | DispatchClientLib |  |  | 131740 | Dispatch table Not found parallel to binary, looking into LCC folder
09/09/19 16:55:42:745 | [INFO] |  |  |  | DispatchClientLib |  |  | 131740 | Dispatch table loaded from path: /Library/Application Support/Adobe/Adobe Desktop Common/ADS/Adobe Desktop Service.app/..//../LCC/dispatchtable.xml 
09/09/19 16:55:42:745 | [INFO] |  |  |  | DispatchClientLib |  |  | 131740 | (re)load Local Dispatch Table status-[0].
09/09/19 16:55:42:745 | [INFO] |  |  |  | DispatchClientLib |  |  | 131740 | Scope : [2]
09/09/19 16:55:42:745 | [INFO] |  |  |  | DispatchClientLib |  |  | 131740 | Setting scope to GM
09/09/19 16:55:42:745 | [INFO] |  |  |  | DispatchClientLib |  |  | 131740 | EndPoint requested: [IngestAnalytics]
09/09/19 16:55:42:746 | [INFO] |  |  |  | DispatchClientLib |  |  | 131740 | Length of the URL: [28]
09/09/19 16:55:42:746 | [INFO] |  |  |  | DispatchClientLib |  |  | 131740 | Returning from getEndpointAddr: [0]
09/09/19 16:55:42:746 | [INFO] |  |  |  | DispatchClientLib |  |  | 131740 | EndPoint requested: [IngestAnalytics]
09/09/19 16:55:42:746 | [INFO] |  |  |  | DispatchClientLib |  |  | 131740 | Length of the URL: [28]
09/09/19 16:55:42:746 | [INFO] |  |  |  | DispatchClientLib |  |  | 131740 | URL found [https://cc-api-data.adobe.io]
09/09/19 16:55:42:746 | [INFO] |  |  |  | DispatchClientLib |  |  | 131740 | Returning from getEndpointAddr: [0]
09/09/19 16:55:42:746 | [INFO] |  |  |  | SLCoreServiceWrapper |  |  | 131740 | Returning SLCoreServiceWrapper GetInstance, Ref Count 1
09/09/19 16:55:42:746 | [INFO] |  |  |  | SLCoreService |  |  | 131740 | SLCoreServiceGetMachineIDHash : waiting for semaphore signal
09/09/19 16:55:42:746 | [INFO] |  |  |  | SLCoreService |  |  | 131740 | SLCoreServiceGetMachineIDHash : semaphore acquired
09/09/19 16:55:42:746 | [INFO] |  |  |  | SLCoreService |  |  | 131740 | SLCoreServiceGetMachineIDHash : semaphore signalled
09/09/19 16:55:42:750 | [INFO] |  |  |  | DispatchClientLib |  |  | 131740 | Dispatch table Not found parallel to binary, looking into LCC folder
09/09/19 16:55:42:750 | [INFO] |  |  |  | DispatchClientLib |  |  | 131740 | Dispatch table loaded from path: /Library/Application Support/Adobe/Adobe Desktop Common/ADS/Adobe Desktop Service.app/..//../LCC/dispatchtable.xml 
09/09/19 16:55:42:750 | [INFO] |  |  |  | DispatchClientLib |  |  | 131740 | (re)load Local Dispatch Table status-[0].
09/09/19 16:55:42:750 | [INFO] |  |  |  | DispatchClientLib |  |  | 131740 | Scope : [2]
09/09/19 16:55:42:750 | [INFO] |  |  |  | DispatchClientLib |  |  | 131740 | Setting scope to GM
09/09/19 16:55:42:750 | [INFO] |  |  |  | DispatchClientLib |  |  | 131740 | EndPoint requested: [IdentityManagement]
09/09/19 16:55:42:750 | [INFO] |  |  |  | DispatchClientLib |  |  | 131740 | Length of the URL: [33]
09/09/19 16:55:42:750 | [INFO] |  |  |  | DispatchClientLib |  |  | 131740 | Returning from getEndpointAddr: [0]
09/09/19 16:55:42:750 | [INFO] |  |  |  | DispatchClientLib |  |  | 131740 | EndPoint requested: [IdentityManagement]
09/09/19 16:55:42:750 | [INFO] |  |  |  | DispatchClientLib |  |  | 131740 | Length of the URL: [33]
09/09/19 16:55:42:750 | [INFO] |  |  |  | DispatchClientLib |  |  | 131740 | URL found [https://ims-prod06.adobelogin.com]
09/09/19 16:55:42:750 | [INFO] |  |  |  | DispatchClientLib |  |  | 131740 | Returning from getEndpointAddr: [0]
09/09/19 16:55:42:754 | [INFO] |  |  |  | OOBELib |  |  | 131740 | GetSeatID : MachineID successfully retrieved
09/09/19 16:55:42:756 | [INFO] |  |  |  | OOBELib |  |  | 131740 | OOBELibImpl::CommitPCD STARTED
09/09/19 16:55:43:140 | [DEBUG] |  |  |  | ServiceLoader |  |  | 131740 | looking for library /Library/Application Support/Adobe/Adobe Desktop Common/LCC/adobe_upgrade.framework/adobe_upgrade
09/09/19 16:55:43:140 | [DEBUG] |  |  |  | ServiceLoader |  |  | 131740 | Found library /Library/Application Support/Adobe/Adobe Desktop Common/LCC/adobe_upgrade.dylib
09/09/19 16:55:43:140 | [INFO] |  |  |  | OOBELib |  |  | 131740 | SN not validated in this session
09/09/19 16:55:43:140 | [INFO] |  |  |  | OOBELib |  |  | 131740 | No SN to be remembered
09/09/19 16:55:43:140 | [INFO] |  |  |  | OOBELib |  |  | 131740 | User hasn't registered
09/09/19 16:55:43:140 | [INFO] |  |  |  | OOBELib |  |  | 131740 | OOBELibImpl::CommitPCD ENDED
09/09/19 16:55:43:140 | [INFO] |  |  |  | OOBELib |  |  | 131740 | Closing AdobeIALClient 1.0 Release (build 1.0.6.3) session.
09/09/19 16:55:43:141 | [ERROR] |  |  |  | AnalyticsClientLib |  |  | 131740 | Closing Database handler session
09/09/19 16:55:43:141 | [INFO] |  |  |  | SLCoreService |  |  | 131740 | Shutting down SLCore 2.0 Release (build 2.0.1.360321).
09/09/19 16:55:43:141 | [INFO] |  |  |  | SLCoreService |  |  | 131740 | Service destruction took 0.0 ms and succeed.
09/09/19 16:55:43:141 | [INFO] |  |  |  | SLCoreServiceWrapper |  |  | 131740 | Returning SLCoreServiceWrapper Release, Ref Count 0
09/09/19 16:55:43:141 | [INFO] |  |  |  | OOBELib |  |  | 131740 | *************OOBELib Session Ends*************
