{"ts":"2019-08-28T16:16:34.393","sev":"info","k":"app-start","v":{"version":"19.23.19.0621.1559","pid":1031},"pid":1031}
{"ts":"2019-08-28T16:16:34.393","sev":"info","k":"app-start","v":"Installing test hooks","pid":1031}
{"ts":"2019-08-28T16:16:34.393","sev":"info","k":"test-hooks","v":"installing testApiHook listener on IPC channel: testApi/quit-app","pid":1031}
{"ts":"2019-08-28T16:16:34.394","sev":"info","k":"app-config","v":"appDir: /Applications/Tableau Prep Builder 2019.2.app/Contents/Resources/app","pid":1031}
{"ts":"2019-08-28T16:16:34.394","sev":"info","k":"app-config","v":"sampleFlowPaths: /Applications/Tableau Prep Builder 2019.2.app/Contents/help/Samples/en_US/Superstore.tflx,/Applications/Tableau Prep Builder 2019.2.app/Contents/help/Samples/en_US/WorldIndicators.tflx","pid":1031}
{"ts":"2019-08-28T16:16:34.394","sev":"info","k":"app-config-env","v":{"appDir":"/Applications/Tableau Prep Builder 2019.2.app/Contents/Resources/app","iconDir":"/Applications/Tableau Prep Builder 2019.2.app/Contents/Resources/app/icons","isDevEnlistment":false,"restApiJarPath":"/Applications/Tableau Prep Builder 2019.2.app/Contents/Resources/app/loom-rest-api-1.0-SNAPSHOT.jar","sampleFlowPaths":["/Applications/Tableau Prep Builder 2019.2.app/Contents/help/Samples/en_US/Superstore.tflx","/Applications/Tableau Prep Builder 2019.2.app/Contents/help/Samples/en_US/WorldIndicators.tflx"],"windowIconPath":""},"pid":1031}
{"ts":"2019-08-28T16:16:34.394","sev":"info","k":"app-config-raw-command-line","v":{"argv":["","/Applications/Tableau Prep Builder 2019.2.app/Contents/MacOS/Tableau Prep Builder"]},"pid":1031}
{"ts":"2019-08-28T16:16:34.395","sev":"info","k":"app-config-command-line","v":{"settings":{},"settingsFilePaths":[],"quit":false},"pid":1031}
{"ts":"2019-08-28T16:16:34.396","sev":"info","k":"app-utils","v":"build version: 19.23.19.0621.1559","pid":1031}
{"ts":"2019-08-28T16:16:34.396","sev":"info","k":"app-utils","v":"getBuildVersion = 19.23.19.0621.1559","pid":1031}
{"ts":"2019-08-28T16:16:34.396","sev":"info","k":"app-utils","v":"isLocallyPackaged = false","pid":1031}
{"ts":"2019-08-28T16:16:34.396","sev":"info","k":"app-config","v":"Using external settings file settings-19.23.19.0621.1559.json","pid":1031}
{"ts":"2019-08-28T16:16:34.414","sev":"info","k":"app-config-read-settings-file","v":{"settingsFilePath":"/Applications/Tableau Prep Builder 2019.2.app/Contents/Resources/app/default-settings.json","settings":{"featureFlags":{"accessConnector":true,"actionsEverywhere":true,"adpCustomDataRole":false,"adpFuzzyMatchSuggestion":true,"adpToolbarSuggestions":true,"annotationSelectionRevamp":true,"athenaConnector":true,"autosave":false,"azureSqlDWConnector":true,"backendProcessManager":true,"britishEnglish":true,"captureFlowGraphImage":true,"customRoles":false,"databaseVariablesAndParameters":true,"datasourceInputNode":false,"discreteDomainsFromSaga":true,"duplicateField":true,"enableCorrectRangeSelection":true,"extensibilityNode":false,"fieldFilteringGridToDataGridConversion":false,"fieldListView":false,"flowMinimap":false,"flowPermissions":false,"flowPreCheck":true,"flowTags":true,"flowThumbnails":true,"futureFeature":false,"fuzzyClusteringFastMatch":true,"fuzzyClusteringSlider":true,"getFullDomainFilter":false,"googleBigQueryConnector":false,"groupFlowNodes":false,"handleBadlyEncodedUIData":false,"inAppFeedback":false,"initialSql":true,"inputNullFilter":false,"inputSATUnion":false,"inputSQLUnion":true,"inputUnionRefresh":true,"insertFlowNodes":false,"joinConditionAnalyzers":true,"joinSummaryAnalyzer":true,"keepOnlyColumns":true,"mariaDBConnector":true,"metadataMode":false,"moveFlowNodes":true,"oauthServiceEnabled":false,"otherJDBCConnector":true,"otherODBCConnector":true,"outputToDatabase":false,"pdfConnector":true,"primaryKeyValidation":false,"profilePaneCardMotionAnimation":false,"profilePaneKeyboardNavigation":false,"publishFlow":true,"pythonSupport":false,"recipeNoChangesApplied":false,"richConditionFilter":false,"richDiscreteValueFilter":true,"rowsToColumnPivot":true,"sapHanaConnector":true,"searchAcrossFlow":false,"sharedContextMenus":false,"telemetryMenuEntry":true,"traditionalChinese":true,"unpivotExtended":true,"useLocalSemanticServiceOnly":false,"useRemoteSemanticServiceOnly":false,"useSemanticServiceBroker":true,"flowCompatibilitySP1":false,"refreshDatasource":false},"barChartMotionAnimationEnabled":true}},"pid":1031}
{"ts":"2019-08-28T16:16:34.415","sev":"info","k":"app-config","v":"Settings file doesn't exist: /Users/default/Documents/My Tableau Prep Repository/Settings/settings-19.23.19.0621.1559.json","pid":1031}
{"ts":"2019-08-28T16:16:34.415","sev":"info","k":"app-config-settings","v":{"featureFlags":{"accessConnector":true,"actionsEverywhere":true,"adpCustomDataRole":false,"adpFuzzyMatchSuggestion":true,"adpToolbarSuggestions":true,"annotationSelectionRevamp":true,"athenaConnector":true,"autosave":false,"azureSqlDWConnector":true,"backendProcessManager":true,"britishEnglish":true,"captureFlowGraphImage":true,"customRoles":false,"databaseVariablesAndParameters":true,"datasourceInputNode":false,"discreteDomainsFromSaga":true,"duplicateField":true,"enableCorrectRangeSelection":true,"extensibilityNode":false,"fieldFilteringGridToDataGridConversion":false,"fieldListView":false,"flowMinimap":false,"flowPermissions":false,"flowPreCheck":true,"flowTags":true,"flowThumbnails":true,"futureFeature":false,"fuzzyClusteringFastMatch":true,"fuzzyClusteringSlider":true,"getFullDomainFilter":false,"googleBigQueryConnector":false,"groupFlowNodes":false,"handleBadlyEncodedUIData":false,"inAppFeedback":false,"initialSql":true,"inputNullFilter":false,"inputSATUnion":false,"inputSQLUnion":true,"inputUnionRefresh":true,"insertFlowNodes":false,"joinConditionAnalyzers":true,"joinSummaryAnalyzer":true,"keepOnlyColumns":true,"mariaDBConnector":true,"metadataMode":false,"moveFlowNodes":true,"oauthServiceEnabled":false,"otherJDBCConnector":true,"otherODBCConnector":true,"outputToDatabase":false,"pdfConnector":true,"primaryKeyValidation":false,"profilePaneCardMotionAnimation":false,"profilePaneKeyboardNavigation":false,"publishFlow":true,"pythonSupport":false,"recipeNoChangesApplied":false,"richConditionFilter":false,"richDiscreteValueFilter":true,"rowsToColumnPivot":true,"sapHanaConnector":true,"searchAcrossFlow":false,"sharedContextMenus":false,"telemetryMenuEntry":true,"traditionalChinese":true,"unpivotExtended":true,"useLocalSemanticServiceOnly":false,"useRemoteSemanticServiceOnly":false,"useSemanticServiceBroker":true,"flowCompatibilitySP1":false,"refreshDatasource":false},"barChartMotionAnimationEnabled":true},"pid":1031}
{"ts":"2019-08-28T16:16:34.415","sev":"info","k":"single-instance-app","v":"Attempting to get singleInstaceLock","pid":1031}
{"ts":"2019-08-28T16:16:34.417","sev":"info","k":"single-instance-app","v":"Got the lock. This is the main process.","pid":1031}
{"ts":"2019-08-28T16:16:35.330","sev":"info","k":"app-ready","v":"","pid":1031}
{"ts":"2019-08-28T16:16:35.333","sev":"info","k":"init-settings-cache","v":{"persistentSettingsCache":{}},"pid":1031}
{"ts":"2019-08-28T16:16:35.333","sev":"info","k":"localization","v":"OS UI locale is en-US","pid":1031}
{"ts":"2019-08-28T16:16:35.333","sev":"info","k":"localization","v":"Using OS UI locale because no app language has been set.","pid":1031}
{"ts":"2019-08-28T16:16:35.333","sev":"info","k":"app-start","v":"App is using locale en_US for text","pid":1031}
{"ts":"2019-08-28T16:16:35.374","sev":"info","k":"app-start","v":"Repository language is en_US","pid":1031}
{"ts":"2019-08-28T16:16:35.376","sev":"info","k":"repository","v":"Repository location is /Users/default/Documents/My Tableau Prep Repository","pid":1031}
{"ts":"2019-08-28T16:16:35.567","sev":"info","k":"app-start","v":"Recommendations are enabled","pid":1031}
{"ts":"2019-08-28T16:16:35.567","sev":"info","k":"spash-screen","v":"creating splash screen","pid":1031}
{"ts":"2019-08-28T16:16:36.251","sev":"info","k":"spash-screen","v":"Loading data:text/html;charset=UTF-8,%0A%20%20%20%20%20%20%3C!doctype%20html%3E%0A%20%20%20%20%20%20%3Chtml%3E%0A%20%20%20%20%20%20%3Chead%3E%0A%20%20%20%20%20%20%20%20%3Cmeta%20charset%3D%22utf-8%22%3E%0A%20%20%20%20%20%20%20%20%3Cstyle%3E%0A%20%20%20%20%20%20%20%20%20%20html%2C%20body%20%7B%0A%20%20%20%20%20%20%20%20%20%20%20%20height%3A%20100%25%3B%0A%20%20%20%20%20%20%20%20%20%20%20%20margin%3A%200%3B%0A%20%20%20%20%20%20%20%20%20%20%7D%0A%20%20%20%20%20%20%20%20%20%20body%20%7B%0A%20%20%20%20%20%20%20%20%20%20%20%20position%3A%20relative%3B%0A%20%20%20%20%20%20%20%20%20%20%7D%0A%20%20%20%20%20%20%20%20%20%20%23splash%20%7B%0A%20%20%20%20%20%20%20%20%20%20%20%20display%3A%20block%3B%0A%20%20%20%20%20%20%20%20%20%20%7D%0A%20%20%20%20%20%20%20%20%3C%2Fstyle%3E%0A%20%20%20%20%20%20%3C%2Fhead%3E%0A%20%20%20%20%20%20%3Cbody%3E%0A%20%20%20%20%20%20%20%20%3Cobject%20type%3D%22image%2Fsvg%2Bxml%22%20data%3D%22icons%2Fsplash.svg%22%20id%3D%22splash%22%20onload%3D%22initializeSplash()%22%3E%3C%2Fobject%3E%0A%20%20%20%20%20%20%20%20%3Cscript%3E%0A%20%20%20%20%20%20%20%20%20%20function%20initializeSplash()%20%7B%0A%20%20%20%20%20%20%20%20%20%20%20%20const%20svgDoc%20%3D%20document.getElementById(%22splash%22).contentDocument%3B%0A%20%20%20%20%20%20%20%20%20%20%20%20if%20(svgDoc)%20%7B%0A%20%20%20%20%20%20%20%20%20%20%20%20%20%20const%20versionElem%20%3D%20svgDoc.getElementById(%22splashVersionText%22)%3B%0A%20%20%20%20%20%20%20%20%20%20%20%20%20%20if%20(versionElem)%20%7B%0A%20%20%20%20%20%20%20%20%20%20%20%20%20%20%20%20versionElem.textContent%20%3D%20%22Version%202019.2.3%22%3B%0A%20%20%20%20%20%20%20%20%20%20%20%20%20%20%7D%0A%20%20%20%20%20%20%20%20%20%20%20%20%20%20const%20copyrightElem%20%3D%20svgDoc.getElementById(%22splashCopyrightText%22)%3B%0A%20%20%20%20%20%20%20%20%20%20%20%20%20%20if%20(copyrightElem)%20%7B%0A%20%20%20%20%20%20%20%20%20%20%20%20%20%20%20%20copyrightElem.textContent%20%3D%20%22%C2%A9%202019%20Tableau%20Software%2C%20Inc.%20and%20its%20licensors.%20All%20rights%20reserved.%22%3B%0A%20%20%20%20%20%20%20%20%20%20%20%20%20%20%7D%0A%20%20%20%20%20%20%20%20%20%20%20%20%7D%0A%20%20%20%20%20%20%20%20%20%20%7D%0A%20%20%20%20%20%20%20%20%3C%2Fscript%3E%0A%20%20%20%20%20%20%3C%2Fbody%3E%0A%20%20%20%20%20%20%3C%2Fhtml%3E%0A%20%20%20%20 in the splash screen","pid":1031}
{"ts":"2019-08-28T16:16:36.368","sev":"info","k":"backend-process-manager-client","v":"starting BackendProcessManager...","pid":1031}
{"ts":"2019-08-28T16:16:36.373","sev":"info","k":"backend-process-manager-client","v":{"msg":"BackedProcessManager started","pid":1036},"pid":1031}
{"ts":"2019-08-28T16:16:36.373","sev":"info","k":"backend-process-manager-client","v":"sending configuration message","pid":1031}
{"ts":"2019-08-28T16:17:03.094","sev":"info","k":"backend-process-manager-client","v":{"msg":"received message from BackendProcessManager process","ipcMessage":{"type":"backend-start-success","backendConfig":{"port":49307}}},"pid":1031}
{"ts":"2019-08-28T16:17:03.095","sev":"info","k":"app-start","v":"Started backend. Will send requests to https://127.0.0.1:49307/","pid":1031}
{"ts":"2019-08-28T16:17:03.095","sev":"info","k":"app-start","v":"Querying to see if telemetry is enabled.","pid":1031}
{"ts":"2019-08-28T16:17:03.095","sev":"info","k":"get-telemetry-enabled","v":{"msg":"checking if telemetry is enabled","backendRootUrl":"https://127.0.0.1:49307/","accessToken":"b5a3c039461f42ab39bcbe56eabec435e32dd78b87e982ca643a9abaed86f531a5045b90738e1a1593198fe935a84312"},"pid":1031}
{"ts":"2019-08-28T16:17:04.843","sev":"info","k":"app-start","v":"Telemetry enabled? false","pid":1031}
{"ts":"2019-08-28T16:17:04.844","sev":"info","k":"localization","v":"Querying to get os user locale.","pid":1031}
{"ts":"2019-08-28T16:17:04.862","sev":"info","k":"localization","v":"OS user locale is en_CA","pid":1031}
{"ts":"2019-08-28T16:17:04.862","sev":"info","k":"app-start","v":"App is using locale en_CA for formatting","pid":1031}
{"ts":"2019-08-28T16:17:04.899","sev":"info","k":"app-start","v":"Checking if the product is licensed.","pid":1031}
{"ts":"2019-08-28T16:17:16.688","sev":"info","k":"app-start","v":"Got license state no-license","pid":1031}
{"ts":"2019-08-28T16:17:16.688","sev":"info","k":"app-start","v":"License retrieved and window title updated.","pid":1031}
{"ts":"2019-08-28T16:17:16.691","sev":"info","k":"licensing-window","v":"Setting license state","pid":1031}
{"ts":"2019-08-28T16:17:16.691","sev":"info","k":"licensing-window","v":"Creating registration screen","pid":1031}
{"ts":"2019-08-28T16:17:16.713","sev":"info","k":"licensing-window","v":"Loading https://127.0.0.1:49307/unlicensed.html?eyJhcGlLZXkiOiJiNWEzYzAzOTQ2MWY0MmFiMzliY2JlNTZlYWJlYzQzNWUzMmRkNzhiODdlOTgyY2E2NDNhOWFiYWVkODZmNTMxYTUwNDViOTA3MzhlMWExNTkzMTk4ZmU5MzVhODQzMTIiLCJpbml0aWFsU3RhdGUiOnsic3RhdGUiOjB9LCJpYmFTdGF0dXMiOiJlbmFibGVkIn0= in the registration screen","pid":1031}
{"ts":"2019-08-28T16:17:17.306","sev":"info","k":"app-utils","v":"build version: 19.23.19.0621.1559","pid":1031}
{"ts":"2019-08-28T16:18:18.793","sev":"error","k":"loom-ui","v":"general: An unknown error occurred: There was an unexpected error while trying to repair Trusted Storage.","pid":1057}
{"ts":"2019-08-28T16:18:38.032","sev":"warn","k":"ServiceRegistry","v":"service Symbol(PrepWindowManager) not found in service registry","pid":1031}
{"ts":"2019-08-28T16:18:38.033","sev":"warn","k":"ServiceRegistry","v":"service Symbol(PrepWindowManager) not found in service registry","pid":1031}
{"ts":"2019-08-28T16:18:38.033","sev":"info","k":"single-instance-app","v":"Releasing the single instance lock","pid":1031}
{"ts":"2019-08-28T16:18:38.033","sev":"info","k":"single-instance-app","v":"Single instance lock released","pid":1031}
{"ts":"2019-08-28T16:18:38.033","sev":"warn","k":"ServiceRegistry","v":"service Symbol(BackendManager) not found in service registry","pid":1031}
{"ts":"2019-08-28T16:18:38.034","sev":"warn","k":"app-shutdown","v":"quitApp is already in progress, ignoring this call","pid":1031}
{"ts":"2019-08-28T16:18:38.034","sev":"info","k":"will-quit","v":"","pid":1031}
{"ts":"2019-08-28T16:18:38.034","sev":"warn","k":"app-shutdown","v":"quitApp is already in progress, ignoring this call","pid":1031}
{"ts":"2019-08-28T16:18:38.035","sev":"info","k":"app-exit","v":"Exiting from process.exit","pid":1031}
