{"ts":"2019-08-28T16:16:36.602","sev":"info","k":"backend-process-manager","v":"Started up.","pid":1036}
{"ts":"2019-08-28T16:16:36.607","sev":"info","k":"backend-process-manager","v":"Received configuration from App","pid":1036}
{"ts":"2019-08-28T16:16:36.608","sev":"info","k":"backend-manager","v":"Creating an HTTP server to talk to backend","pid":1036}
{"ts":"2019-08-28T16:16:36.613","sev":"info","k":"backend-manager","v":"Http server listening on port 49306","pid":1036}
{"ts":"2019-08-28T16:16:36.613","sev":"info","k":"backend-manager","v":"Creating temp directory at /tmp/prep-1036pyVeKmRQ1b0j","pid":1036}
{"ts":"2019-08-28T16:16:36.614","sev":"info","k":"app-utils","v":"build version: 19.23.19.0621.1559","pid":1036}
{"ts":"2019-08-28T16:16:36.614","sev":"debug","k":"backend-manager","v":{"backendStartupConfig":{"featureFlags":{"accessConnector":true,"actionsEverywhere":true,"adpCustomDataRole":false,"adpFuzzyMatchSuggestion":true,"adpToolbarSuggestions":true,"annotationSelectionRevamp":true,"athenaConnector":true,"autosave":false,"azureSqlDWConnector":true,"backendProcessManager":true,"britishEnglish":true,"captureFlowGraphImage":true,"customRoles":false,"databaseVariablesAndParameters":true,"datasourceInputNode":false,"discreteDomainsFromSaga":true,"duplicateField":true,"enableCorrectRangeSelection":true,"extensibilityNode":false,"fieldFilteringGridToDataGridConversion":false,"fieldListView":false,"flowMinimap":false,"flowPermissions":false,"flowPreCheck":true,"flowTags":true,"flowThumbnails":true,"futureFeature":false,"fuzzyClusteringFastMatch":true,"fuzzyClusteringSlider":true,"getFullDomainFilter":false,"googleBigQueryConnector":false,"groupFlowNodes":false,"handleBadlyEncodedUIData":false,"inAppFeedback":false,"initialSql":true,"inputNullFilter":false,"inputSATUnion":false,"inputSQLUnion":true,"inputUnionRefresh":true,"insertFlowNodes":false,"joinConditionAnalyzers":true,"joinSummaryAnalyzer":true,"keepOnlyColumns":true,"mariaDBConnector":true,"metadataMode":false,"moveFlowNodes":true,"oauthServiceEnabled":false,"otherJDBCConnector":true,"otherODBCConnector":true,"outputToDatabase":false,"pdfConnector":true,"primaryKeyValidation":false,"profilePaneCardMotionAnimation":false,"profilePaneKeyboardNavigation":false,"publishFlow":true,"pythonSupport":false,"recipeNoChangesApplied":false,"richConditionFilter":false,"richDiscreteValueFilter":true,"rowsToColumnPivot":true,"sapHanaConnector":true,"searchAcrossFlow":false,"sharedContextMenus":false,"telemetryMenuEntry":true,"traditionalChinese":true,"unpivotExtended":true,"useLocalSemanticServiceOnly":false,"useRemoteSemanticServiceOnly":false,"useSemanticServiceBroker":true,"flowCompatibilitySP1":false,"refreshDatasource":false},"appSettings":{"textLocale":"en_US","recommendationsDisabled":false,"barChartMotionAnimationEnabled":true}}},"pid":1036}
{"ts":"2019-08-28T16:16:36.615","sev":"info","k":"backend-manager","v":{"restApiArgs":["-Djna.nosys=true","-Dmaestro.bootstrap_servlet=true","-Djava.library.path=/usr/bin:/bin:/usr/sbin:/sbin","-Djava.io.tmpdir=/tmp/prep-1036pyVeKmRQ1b0j","-Dloom.repositorypath=%2FUsers%2Fdefault%2FDocuments%2FMy%20Tableau%20Prep%20Repository","-Dloom.repository.logsPath=%2FUsers%2Fdefault%2FDocuments%2FMy%20Tableau%20Prep%20Repository%2FLogs","-Dloom.repository.language=en_US","-Djava.net.useSystemProxies=true","-jar","/Applications/Tableau Prep Builder 2019.2.app/Contents/Resources/app/loom-rest-api-1.0-SNAPSHOT.jar","--maestro.desktop.app.port=49306","--maestro.desktop.app.version.build=19.23.19.0621.1559","--maestro.desktop.app.version.external=2019.2.3","--server.ssl.key-store=/Applications/Tableau Prep Builder 2019.2.app/Contents/Resources/app/loom.jks","--maestro.access_token=b5a3c039461f42ab39bcbe56eabec435e32dd78b87e982ca643a9abaed86f531a5045b90738e1a1593198fe935a84312","--spring.config.location=file:%2FApplications%2FTableau%20Prep%20Builder%202019.2.app%2FContents%2FResources%2Fapp%2Fapplication.properties","--maestro.telemetry.config.location=/Users/default/Library/Application Support/Tableau Prep Builder/telemetryConfig.properties","--maestro.default_settings.location=%2Fvar%2Ffolders%2Fss%2Fydftvcgx07s0rwfyl9d9h3qm0000gp%2FT%2Ftmp-1036jA9hA8A8xBeb.tmp","--maestro.desktop.app.pid=1036"]},"pid":1036}
{"ts":"2019-08-28T16:16:36.615","sev":"info","k":"backend-manager","v":"Using Tableau binaries from /Applications/Tableau Prep Builder 2019.2.app/Contents/Resources/app/tableau-1.3/build/Release","pid":1036}
{"ts":"2019-08-28T16:16:36.615","sev":"info","k":"backend-manager","v":{"restApiEnv":{"ELECTRON_RUN_AS_NODE":"1","TMPDIR":"/var/folders/ss/ydftvcgx07s0rwfyl9d9h3qm0000gp/T/","__CF_USER_TEXT_ENCODING":"0x1F6:0x0:0x52","SHELL":"/bin/bash","HOME":"/Users/default","Apple_PubSub_Socket_Render":"/private/tmp/com.apple.launchd.qGZXmMGDrT/Render","SSH_AUTH_SOCK":"/private/tmp/com.apple.launchd.OMAfFbmFTS/Listeners","PATH":"/Applications/Tableau Prep Builder 2019.2.app/Contents/Resources/app/tableau-1.3/build/Release;/usr/bin:/bin:/usr/sbin:/sbin","LOGNAME":"default","XPC_SERVICE_NAME":"com.tableausoftware.tableauprep.3788","USER":"default","XPC_FLAGS":"0x0","AQLAPI":"/Applications/Tableau Prep Builder 2019.2.app/Contents/Resources/app/tableau-1.3/build/Release","HYPER":"/Applications/Tableau Prep Builder 2019.2.app/Contents/Resources/app/tableau-1.3/build/Release/hyper","PREP_SERVICE":"/Applications/Tableau Prep Builder 2019.2.app/Contents/Resources/app/tableau-1.3/build/Release","TDE_SERVER":"/Applications/Tableau Prep Builder 2019.2.app/Contents/Resources/app/tableau-1.3/build/Release/tde","LOOM_HYPER_PATH_OVERRIDE":"/Applications/Tableau Prep Builder 2019.2.app/Contents/Resources/app/hyper"}},"pid":1036}
{"ts":"2019-08-28T16:16:36.615","sev":"info","k":"backend-manager","v":"Java path: /Applications/Tableau Prep Builder 2019.2.app/Contents/Plugins/jre/bin/java","pid":1036}
{"ts":"2019-08-28T16:16:36.648","sev":"info","k":"backend-manager","v":"spawned restApi with PID: 1037","pid":1036}
{"ts":"2019-08-28T16:16:49.114","sev":"info","k":"rest-api-stdout","v":"Aug 28, 2019 4:16:49 PM org.apache.catalina.core.StandardService startInternal","pid":1036}
{"ts":"2019-08-28T16:16:49.114","sev":"info","k":"rest-api-stdout","v":"\nINFO: Starting service [Tomcat]\nAug 28, 2019 4:16:49 PM org.apache.catalina.core.StandardEngine startInternal","pid":1036}
{"ts":"2019-08-28T16:16:49.391","sev":"info","k":"rest-api-stdout","v":"\nINFO: Starting Servlet Engine: Apache Tomcat/8.5.37\nAug 28, 2019 4:16:49 PM org.apache.catalina.core.ApplicationContext log","pid":1036}
{"ts":"2019-08-28T16:17:03.021","sev":"info","k":"backend-manager","v":"New connection","pid":1036}
{"ts":"2019-08-28T16:17:03.062","sev":"info","k":"backend-manager","v":"Received HTTP request from backend","pid":1036}
{"ts":"2019-08-28T16:17:03.062","sev":"info","k":"backend-manager","v":"Got POST /backendConfig request","pid":1036}
{"ts":"2019-08-28T16:17:03.063","sev":"info","k":"backend-manager","v":"Got {\"port\":49307}","pid":1036}
{"ts":"2019-08-28T16:17:03.063","sev":"info","k":"backend-manager","v":"Successfully started backend","pid":1036}
{"ts":"2019-08-28T16:17:03.091","sev":"info","k":"backend-manager","v":"Destroying a client connection","pid":1036}
{"ts":"2019-08-28T16:17:03.092","sev":"info","k":"backend-manager","v":"Closing HTTP server","pid":1036}
{"ts":"2019-08-28T16:18:38.118","sev":"info","k":"backend-process-manager","v":"Received disconnect event. Shutting down.","pid":1036}
{"ts":"2019-08-28T16:18:38.118","sev":"info","k":"backend-process-manager","v":"waiting for backendManager.stop() to finish","pid":1036}
{"ts":"2019-08-28T16:18:38.119","sev":"info","k":"backend-manager","v":"Sending shutdown request to java server","pid":1036}
{"ts":"2019-08-28T16:18:40.532","sev":"info","k":"backend-manager","v":"Rest API process shutdown request received error, as expected: Error: socket hang up","pid":1036}
{"ts":"2019-08-28T16:18:40.564","sev":"info","k":"backend-manager","v":"Backend process exited with code 0, ignoring","pid":1036}
{"ts":"2019-08-28T16:18:40.570","sev":"info","k":"backend-manager","v":"Rest API process successfully shut itself down","pid":1036}
{"ts":"2019-08-28T16:18:40.571","sev":"info","k":"backend-manager","v":"Shutdown process took 2s","pid":1036}
{"ts":"2019-08-28T16:18:40.571","sev":"info","k":"backend-process-manager","v":"backendManager.stop() has finished","pid":1036}
{"ts":"2019-08-28T16:18:40.571","sev":"info","k":"app-exit","v":"Exiting from process.exit","pid":1036}
