{"ts":"2019-08-28T16:16:43.754","pid":1037,"tid":"main","sev":"debug","k":"msg","v":"Loom web app, with Spring, started to run with --maestro.desktop.app.port=49306"}
{"ts":"2019-08-28T16:16:44.339","pid":1037,"tid":"main","sev":"info","k":"msg","v":"os.arch=x86_64"}
{"ts":"2019-08-28T16:16:44.339","pid":1037,"tid":"main","sev":"info","k":"msg","v":"java.version=1.8.0_181-b13"}
{"ts":"2019-08-28T16:16:45.223","pid":1037,"tid":"main","sev":"info","k":"msg","v":"process_type is not set. Not updating maestro server api serverConfigs."}
{"ts":"2019-08-28T16:16:45.226","pid":1037,"tid":"main","sev":"error","k":"msg","v":"class path resource [META-INF/resources/application-srv.properties] cannot be opened because it does not exist"}
{"ts":"2019-08-28T16:16:45.226","pid":1037,"tid":"main","sev":"info","k":"msg","v":"Property source META-INF/resources/application-srv.properties not added. This is only supplied in a server context."}
{"ts":"2019-08-28T16:16:45.226","pid":1037,"tid":"main","sev":"info","k":"msg","v":"Attempting to load feature flags from given maestro.default_settings.location config: %2Fvar%2Ffolders%2Fss%2Fydftvcgx07s0rwfyl9d9h3qm0000gp%2FT%2Ftmp-1036jA9hA8A8xBeb.tmp"}
{"ts":"2019-08-28T16:16:45.349","pid":1037,"tid":"main","sev":"info","k":"msg","v":"Added property source from custom path %2Fvar%2Ffolders%2Fss%2Fydftvcgx07s0rwfyl9d9h3qm0000gp%2FT%2Ftmp-1036jA9hA8A8xBeb.tmp"}
{"ts":"2019-08-28T16:16:45.350","pid":1037,"tid":"main","sev":"info","k":"msg","v":"Added property source classpath:/config-defaults.properties"}
{"ts":"2019-08-28T16:16:45.350","pid":1037,"tid":"main","sev":"error","k":"msg","v":"class path resource [META-INF/resources/version.properties] cannot be opened because it does not exist"}
{"ts":"2019-08-28T16:16:45.350","pid":1037,"tid":"main","sev":"info","k":"msg","v":"Property source META-INF/resources/version.properties not added. This file is only supplied in a server context."}
{"ts":"2019-08-28T16:16:45.354","pid":1037,"tid":"main","sev":"info","k":"msg","v":"Starting LoomSpringApp on ats-hrl08-dmt1.fanshawec.ca with PID 1037 (/Applications/Tableau Prep Builder 2019.2.app/Contents/Resources/app/loom-rest-api-1.0-SNAPSHOT.jar started by default in /)"}
{"ts":"2019-08-28T16:16:45.354","pid":1037,"tid":"main","sev":"debug","k":"msg","v":"Running with Spring Boot v1.5.19.RELEASE, Spring v4.3.22.RELEASE"}
{"ts":"2019-08-28T16:16:45.355","pid":1037,"tid":"main","sev":"info","k":"msg","v":"No active profile set, falling back to default profiles: default"}
{"ts":"2019-08-28T16:16:45.485","pid":1037,"tid":"main","sev":"info","k":"msg","v":"Refreshing org.springframework.boot.context.embedded.AnnotationConfigEmbeddedWebApplicationContext@46ee7fe8: startup date [Wed Aug 28 16:16:45 EDT 2019]; root of context hierarchy"}
{"ts":"2019-08-28T16:16:46.986","pid":1037,"tid":"main","sev":"info","k":"msg","v":"JSR-330 'javax.inject.Inject' annotation found and supported for autowiring"}
{"ts":"2019-08-28T16:16:48.204","pid":1037,"tid":"main","sev":"info","k":"msg","v":"Tomcat initialized with port(s): 0 (https)"}
{"ts":"2019-08-28T16:16:49.391","pid":1037,"tid":"localhost-startStop-1","sev":"info","k":"msg","v":"Root WebApplicationContext: initialization completed in 3918 ms"}
{"ts":"2019-08-28T16:16:49.504","pid":1037,"tid":"localhost-startStop-1","sev":"info","k":"msg","v":"Mapping filter: 'apiLoggingFilter' to: [/*]"}
{"ts":"2019-08-28T16:16:49.514","pid":1037,"tid":"localhost-startStop-1","sev":"info","k":"msg","v":"Mapping filter: 'tokenAuthFilter' to: [/*]"}
{"ts":"2019-08-28T16:16:49.514","pid":1037,"tid":"localhost-startStop-1","sev":"info","k":"msg","v":"Mapping filter: 'SecureResponseFilter' to urls: [/*]"}
{"ts":"2019-08-28T16:16:49.514","pid":1037,"tid":"localhost-startStop-1","sev":"info","k":"msg","v":"Mapping servlet: 'dispatcherServlet' to [/]"}
{"ts":"2019-08-28T16:16:50.161","pid":1037,"tid":"main","sev":"info","k":"msg","v":"Initializing the native api on background thread"}
{"ts":"2019-08-28T16:16:50.555","pid":1037,"tid":"main","sev":"debug","k":"msg","v":"old config: null; new config: { InputNodeAllowedPaths: [] OutputNodeAllowedPaths: []TableauServerDenyList: [empty}"}
{"ts":"2019-08-28T16:16:50.640","pid":1037,"tid":"Thread-1","sev":"info","k":"msg","v":"Telemetry config location: /Users/default/Library/Application Support/Tableau Prep Builder/telemetryConfig.properties"}
{"ts":"2019-08-28T16:16:50.640","pid":1037,"tid":"Thread-1","sev":"info","k":"msg","v":"Telemetry server-wide setting: notFound"}
{"ts":"2019-08-28T16:16:50.641","pid":1037,"tid":"Thread-1","sev":"info","k":"msg","v":"Telemetry telemetryEnvironmentName setting: desktop"}
{"ts":"2019-08-28T16:16:50.642","pid":1037,"tid":"Thread-1","sev":"debug","k":"msg","v":"Desktop app version info retreived."}
{"ts":"2019-08-28T16:16:50.642","pid":1037,"tid":"Thread-1","sev":"info","k":"msg","v":"Build version: 19.23.19.0621.1559, external version: 2019.2.3"}
{"ts":"2019-08-28T16:16:50.667","pid":1037,"tid":"Thread-1","sev":"info","k":"msg","v":"Setting telemetry config the location to : /Users/default/Library/Application Support/Tableau Prep Builder/telemetryConfig.properties"}
{"ts":"2019-08-28T16:16:50.674","pid":1037,"tid":"Thread-1","sev":"info","k":"msg","v":"Telemetry config location: /Users/default/Library/Application Support/Tableau Prep Builder/telemetryConfig.properties"}
{"ts":"2019-08-28T16:16:50.674","pid":1037,"tid":"Thread-1","sev":"info","k":"msg","v":"Opening telemetry config from: /Users/default/Library/Application Support/Tableau Prep Builder/telemetryConfig.properties"}
{"ts":"2019-08-28T16:16:50.675","pid":1037,"tid":"Thread-1","sev":"error","k":"msg","v":{"msg":"failed to retrieve telemetry config","err":"java.io.FileNotFoundException: /Users/default/Library/Application Support/Tableau Prep Builder/telemetryConfig.properties (No such file or directory)\n\tat java.io.FileInputStream.open0(Native Method)\n\tat java.io.FileInputStream.open(FileInputStream.java:195)\n\tat java.io.FileInputStream.<init>(FileInputStream.java:138)\n\tat java.io.FileInputStream.<init>(FileInputStream.java:93)\n\tat com.tableau.loom.tools.telemetry.LoomTelemetryConfig.<init>(LoomTelemetryConfig.java:73)\n\tat com.tableau.loom.tools.telemetry.LoomEmitter.<init>(LoomEmitter.java:80)\n\tat com.tableau.loom.tools.telemetry.LoomEmitter.<init>(LoomEmitter.java:70)\n\tat com.tableau.loom.tools.telemetry.LoomEmitter.getInstance(LoomEmitter.java:165)\n\tat com.tableau.loom.rest.spring.AppLifecycle.sendAppStartTelemetry(AppLifecycle.java:282)\n\tat com.tableau.loom.rest.spring.AppLifecycle.doSetup(AppLifecycle.java:201)\n\tat com.tableau.loom.rest.spring.AppLifecycle.access$000(AppLifecycle.java:51)\n\tat com.tableau.loom.rest.spring.AppLifecycle$1.run(AppLifecycle.java:95)\n"}}
{"ts":"2019-08-28T16:16:50.705","pid":1037,"tid":"Thread-1","sev":"info","k":"msg","v":"Telemetry disabled via config.  All telemetry will be suppressed."}
{"ts":"2019-08-28T16:16:50.793","pid":1037,"tid":"nativeLoomApiInitThread","sev":"info","k":"msg","v":"Using hyper database /tmp/prep-1036pyVeKmRQ1b0j/loom5318645779328862288/Maestro208492899942438819db"}
{"ts":"2019-08-28T16:16:50.801","pid":1037,"tid":"nativeLoomApiInitThread","sev":"info","k":"msg","v":"Managed keystore /Applications/Tableau Prep Builder 2019.2.app/Contents/Resources/app/loom.jks"}
{"ts":"2019-08-28T16:16:50.802","pid":1037,"tid":"nativeLoomApiInitThread","sev":"info","k":"msg","v":"Native API will use language en_US"}
{"ts":"2019-08-28T16:16:50.802","pid":1037,"tid":"nativeLoomApiInitThread","sev":"info","k":"msg","v":"Will use port: "}
{"ts":"2019-08-28T16:16:50.862","pid":1037,"tid":"nativeLoomApiInitThread","sev":"error","k":"msg","v":"Exception in loading app_name from Newrelic.yml file, NR thread interruptted: null"}
{"ts":"2019-08-28T16:16:50.862","pid":1037,"tid":"nativeLoomApiInitThread","sev":"error","k":"msg","v":"Exception while loading: null"}
{"ts":"2019-08-28T16:16:50.863","pid":1037,"tid":"nativeLoomApiInitThread","sev":"error","k":"msg","v":"CachedSupplier is empty."}
{"ts":"2019-08-28T16:16:50.959","pid":1037,"tid":"nativeLoomApiInitThread","sev":"info","k":"msg","v":"Starting native process."}
{"ts":"2019-08-28T16:16:51.021","pid":1037,"tid":"nativeLoomApiInitThread","sev":"info","k":"msg","v":"Retry limit for starting prepservice: 600"}
{"ts":"2019-08-28T16:16:51.021","pid":1037,"tid":"nativeLoomApiInitThread","sev":"info","k":"msg","v":"Starting prepservice with params: /Applications/Tableau Prep Builder 2019.2.app/Contents/Plugins/jre/bin/prepservice -strict -maxCompletionThreads:16 -completionQueues:6 -heartbeatCheck:1037 -authtoken:c34e2ffe-155f-403e-af5d-7a946414d5bf -portfile:/tmp/prep-1036pyVeKmRQ1b0j/loom5318645779328862288/prepservice4540973107996026432.port -certfile:/Applications/Tableau Prep Builder 2019.2.app/Contents/Resources/app/prep.p12 -certpass:kaqdZAhg72pEGwJF -rootcertfile:/Applications/Tableau Prep Builder 2019.2.app/Contents/Resources/app/prep.pem -port:0 -paramfile:/tmp/prep-1036pyVeKmRQ1b0j/native-init5964360415524770282.properties"}
{"ts":"2019-08-28T16:16:51.026","pid":1037,"tid":"nativeLoomApiInitThread","sev":"info","k":"msg","v":"Attempting to delete database file /tmp/prep-1036pyVeKmRQ1b0j/loom5318645779328862288/Maestro208492899942438819db"}
{"ts":"2019-08-28T16:16:51.249","pid":1037,"tid":"nativeLoomApiInitThread","sev":"info","k":"msg","v":"The portFilePath is: /tmp/prep-1036pyVeKmRQ1b0j/loom5318645779328862288/prepservice4540973107996026432.port"}
{"ts":"2019-08-28T16:16:51.339","pid":1037,"tid":"nativeLoomApiInitThread","sev":"info","k":"msg","v":"The port file is empty and does not have any bytes in it."}
{"ts":"2019-08-28T16:16:52.345","pid":1037,"tid":"nativeLoomApiInitThread","sev":"info","k":"msg","v":"The portFilePath is: /tmp/prep-1036pyVeKmRQ1b0j/loom5318645779328862288/prepservice4540973107996026432.port"}
{"ts":"2019-08-28T16:16:52.345","pid":1037,"tid":"nativeLoomApiInitThread","sev":"info","k":"msg","v":"The port file is empty and does not have any bytes in it."}
{"ts":"2019-08-28T16:16:53.351","pid":1037,"tid":"nativeLoomApiInitThread","sev":"info","k":"msg","v":"The portFilePath is: /tmp/prep-1036pyVeKmRQ1b0j/loom5318645779328862288/prepservice4540973107996026432.port"}
{"ts":"2019-08-28T16:16:53.360","pid":1037,"tid":"nativeLoomApiInitThread","sev":"info","k":"msg","v":"The port file is empty and does not have any bytes in it."}
{"ts":"2019-08-28T16:16:54.364","pid":1037,"tid":"nativeLoomApiInitThread","sev":"info","k":"msg","v":"The portFilePath is: /tmp/prep-1036pyVeKmRQ1b0j/loom5318645779328862288/prepservice4540973107996026432.port"}
{"ts":"2019-08-28T16:16:54.364","pid":1037,"tid":"nativeLoomApiInitThread","sev":"info","k":"msg","v":"The port file is empty and does not have any bytes in it."}
{"ts":"2019-08-28T16:16:55.365","pid":1037,"tid":"nativeLoomApiInitThread","sev":"info","k":"msg","v":"The portFilePath is: /tmp/prep-1036pyVeKmRQ1b0j/loom5318645779328862288/prepservice4540973107996026432.port"}
{"ts":"2019-08-28T16:16:55.366","pid":1037,"tid":"nativeLoomApiInitThread","sev":"info","k":"msg","v":"The port file is empty and does not have any bytes in it."}
{"ts":"2019-08-28T16:16:56.098","pid":1037,"tid":"main","sev":"debug","k":"msg","v":"Looking up config for discovery port with key worker0.tabadminagent.columbo.port."}
{"ts":"2019-08-28T16:16:56.098","pid":1037,"tid":"main","sev":"debug","k":"msg","v":"Using static content model discovery."}
{"ts":"2019-08-28T16:16:56.125","pid":1037,"tid":"main","sev":"debug","k":"msg","v":"ProxyClient timeout: never"}
{"ts":"2019-08-28T16:16:56.126","pid":1037,"tid":"main","sev":"debug","k":"msg","v":"ProxyClient closeChannelOnFailure: false"}
{"ts":"2019-08-28T16:16:56.371","pid":1037,"tid":"nativeLoomApiInitThread","sev":"info","k":"msg","v":"The portFilePath is: /tmp/prep-1036pyVeKmRQ1b0j/loom5318645779328862288/prepservice4540973107996026432.port"}
{"ts":"2019-08-28T16:16:56.371","pid":1037,"tid":"nativeLoomApiInitThread","sev":"info","k":"msg","v":"The port file is empty and does not have any bytes in it."}
{"ts":"2019-08-28T16:16:56.883","pid":1037,"tid":"main","sev":"info","k":"msg","v":"Properties URL null for system property:config.properties"}
{"ts":"2019-08-28T16:16:56.883","pid":1037,"tid":"main","sev":"info","k":"msg","v":"Properties URL null for system property:connections.properties"}
{"ts":"2019-08-28T16:16:57.373","pid":1037,"tid":"nativeLoomApiInitThread","sev":"info","k":"msg","v":"The portFilePath is: /tmp/prep-1036pyVeKmRQ1b0j/loom5318645779328862288/prepservice4540973107996026432.port"}
{"ts":"2019-08-28T16:16:57.373","pid":1037,"tid":"nativeLoomApiInitThread","sev":"info","k":"msg","v":"The port file is empty and does not have any bytes in it."}
{"ts":"2019-08-28T16:16:58.113","pid":1037,"tid":"main","sev":"info","k":"msg","v":"Mapped \"{[/api/convertAndPublishDatasource],methods=[POST]}\" onto public com.tableau.loom.rest.api.convertAndPublishDatasource.ConvertAndPublishDatasourceResponse com.tableau.loom.rest.resources.ConvertAndPublishDatasourceResource.convertAndPublishDatasource(com.tableau.loom.rest.api.convertAndPublishDatasource.ConvertAndPublishDatasourceRequest) throws java.io.IOException,com.tableau.loom.common.exceptions.LoomUserException,com.tableau.loom.vizportal.exceptions.VizportalAuthenticationException,com.tableau.loom.vizportal.exceptions.VizportalPublishDatasourceException,com.tableau.loom.vizportal.exceptions.VizportalQueryException"}
{"ts":"2019-08-28T16:16:58.114","pid":1037,"tid":"main","sev":"info","k":"msg","v":"Mapped \"{[/api/locale/osUserLocale],methods=[GET]}\" onto public com.tableau.loom.rest.api.locale.OsUserLocaleResponse com.tableau.loom.rest.resources.LocaleResource.getOsUserLocale()"}
{"ts":"2019-08-28T16:16:58.115","pid":1037,"tid":"main","sev":"info","k":"msg","v":"Mapped \"{[/api/desktopIntegration/tableauInfo],methods=[GET]}\" onto public com.tableau.loom.nativeapi.presmodels.GetTableauDesktopInfoResultPresModel com.tableau.loom.rest.resources.DesktopIntegrationResource.getTableauInfo()"}
{"ts":"2019-08-28T16:16:58.115","pid":1037,"tid":"main","sev":"info","k":"msg","v":"Mapped \"{[/api/nodeValidation],methods=[POST]}\" onto public com.tableau.loom.rest.api.nodeValidation.NodeValidationResponse com.tableau.loom.rest.resources.NodeValidationResource.validateNode(com.tableau.loom.rest.api.nodeValidation.NodeValidationRequest,javax.servlet.http.HttpServletRequest) throws com.tableau.loom.common.exceptions.LoomException"}
{"ts":"2019-08-28T16:16:58.115","pid":1037,"tid":"main","sev":"info","k":"msg","v":"Mapped \"{[/api/flows],methods=[GET]}\" onto public com.tableau.loom.doc.maestrodocument.MaestroDocument com.tableau.loom.rest.resources.LoomFileResource.getDoc(java.lang.String) throws com.tableau.loom.doc.exceptions.FileNotFoundLoomException,com.tableau.loom.doc.exceptions.LoomIOException,com.tableau.loom.doc.exceptions.InvalidRelativePathException"}
{"ts":"2019-08-28T16:16:58.116","pid":1037,"tid":"main","sev":"info","k":"msg","v":"Mapped \"{[/api/flows],methods=[POST]}\" onto public com.tableau.loom.doc.maestrodocument.MaestroDocument com.tableau.loom.rest.resources.LoomFileResource.saveDoc(java.lang.String,com.tableau.loom.rest.api.SaveDocParams) throws com.tableau.loom.doc.exceptions.MaestroDocumentException,java.io.IOException"}
{"ts":"2019-08-28T16:16:58.117","pid":1037,"tid":"main","sev":"info","k":"msg","v":"Mapped \"{[/api/licensing/licenses],methods=[GET]}\" onto public com.tableau.loom.nativeapi.presmodels.LookupMultipleEntitlementsResultPresModel com.tableau.loom.rest.resources.LicenseResource.getLicenses()"}
{"ts":"2019-08-28T16:16:58.117","pid":1037,"tid":"main","sev":"info","k":"msg","v":"Mapped \"{[/api/licensing/licenses/{productKey}],methods=[DELETE]}\" onto public com.tableau.loom.nativeapi.presmodels.DeactivateLicenseResultPresModel com.tableau.loom.rest.resources.LicenseResource.deactivateLicense(java.lang.String) throws java.io.UnsupportedEncodingException"}
{"ts":"2019-08-28T16:16:58.117","pid":1037,"tid":"main","sev":"info","k":"msg","v":"Mapped \"{[/api/licensing/licenses/licenseState],methods=[GET]}\" onto public com.tableau.loom.rest.api.licensing.ExtendedGetLicenseStateResult com.tableau.loom.rest.resources.LicenseResource.getLicenseState()"}
{"ts":"2019-08-28T16:16:58.117","pid":1037,"tid":"main","sev":"info","k":"msg","v":"Mapped \"{[/api/licensing/licenses],methods=[POST]}\" onto public com.tableau.loom.nativeapi.presmodels.ActivateLicenseResultPresModel com.tableau.loom.rest.resources.LicenseResource.activateLicense(com.tableau.loom.nativeapi.presmodels.ActivateLicenseParamsPresModel)"}
{"ts":"2019-08-28T16:16:58.118","pid":1037,"tid":"main","sev":"info","k":"msg","v":"Mapped \"{[/api/licensing/identity],methods=[POST]}\" onto public com.tableau.loom.nativeapi.presmodels.ActivateLicenseATRResultPresModel com.tableau.loom.rest.resources.LicenseResource.activateLicenseAtr(com.tableau.loom.nativeapi.presmodels.ActivateLicenseATRParamsPresModel)"}
{"ts":"2019-08-28T16:16:58.118","pid":1037,"tid":"main","sev":"info","k":"msg","v":"Mapped \"{[/api/licensing/registrations],methods=[POST]}\" onto public com.tableau.loom.nativeapi.presmodels.RegisterLicenseResultPresModel com.tableau.loom.rest.resources.LicenseResource.registerLicense(com.tableau.loom.nativeapi.presmodels.RegisterLicenseParamsPresModel)"}
{"ts":"2019-08-28T16:16:58.118","pid":1037,"tid":"main","sev":"info","k":"msg","v":"Mapped \"{[/api/licensing/activateTrial],methods=[POST]}\" onto public com.tableau.loom.nativeapi.presmodels.ActivateTrialResultPresModel com.tableau.loom.rest.resources.LicenseResource.activateTrial()"}
{"ts":"2019-08-28T16:16:58.118","pid":1037,"tid":"main","sev":"info","k":"msg","v":"Mapped \"{[/api/licensing/refreshLicenses],methods=[POST]}\" onto public com.tableau.loom.nativeapi.presmodels.ResyncLicensesResultPresModel com.tableau.loom.rest.resources.LicenseResource.resyncLicenses()"}
{"ts":"2019-08-28T16:16:58.118","pid":1037,"tid":"main","sev":"info","k":"msg","v":"Mapped \"{[/api/licensing/registrations/registrationInfo],methods=[GET]}\" onto public com.tableau.loom.nativeapi.presmodels.RegistrationInfoResultPresModel com.tableau.loom.rest.resources.LicenseResource.getLastRegistrationInfo()"}
{"ts":"2019-08-28T16:16:58.120","pid":1037,"tid":"main","sev":"info","k":"msg","v":"Mapped \"{[/api/extensibility/{scriptType}/storeCredentials],methods=[POST]}\" onto public com.tableau.loom.rest.api.extensibility.StoreCredentialsResponse com.tableau.loom.rest.resources.ExtensibilityResource.storeCredentials(java.lang.String,com.tableau.loom.rest.api.extensibility.StoreCredentialsRequest,javax.servlet.http.HttpServletRequest)"}
{"ts":"2019-08-28T16:16:58.120","pid":1037,"tid":"main","sev":"info","k":"msg","v":"Mapped \"{[/api/functions],methods=[GET]}\" onto public com.tableau.loom.rest.api.functions.FunctionResponse com.tableau.loom.rest.resources.FunctionResource.getFunctions() throws com.tableau.loom.common.exceptions.LoomException"}
{"ts":"2019-08-28T16:16:58.121","pid":1037,"tid":"main","sev":"info","k":"msg","v":"Mapped \"{[/api/crashReporting/newCrashDumpExists],methods=[GET]}\" onto public com.tableau.loom.nativeapi.presmodels.NewCrashDumpExistsResponsePresModel com.tableau.loom.rest.resources.CrashReportingResource.newCrashDumpExists()"}
{"ts":"2019-08-28T16:16:58.121","pid":1037,"tid":"main","sev":"info","k":"msg","v":"Mapped \"{[/api/crashReporting/handleCrashDumps],methods=[POST]}\" onto public void com.tableau.loom.rest.resources.CrashReportingResource.handleCrashDumps(com.tableau.loom.nativeapi.presmodels.HandleCrashDumpRequestPresModel)"}
{"ts":"2019-08-28T16:16:58.121","pid":1037,"tid":"main","sev":"info","k":"msg","v":"Mapped \"{[/api/loomDocValidation],methods=[POST]}\" onto public com.tableau.loom.rest.api.loomDocValidation.LoomDocValidationResponse com.tableau.loom.rest.resources.LoomDocValidationResource.validateLoomDoc(com.tableau.loom.rest.api.loomDocValidation.LoomDocValidationRequest,javax.servlet.http.HttpServletRequest) throws com.tableau.loom.common.exceptions.LoomException"}
{"ts":"2019-08-28T16:16:58.122","pid":1037,"tid":"main","sev":"info","k":"msg","v":"Mapped \"{[/api/oauth/authenticate],methods=[POST]}\" onto public com.tableau.loom.nativeapi.presmodels.AuthenticateResultPresModel com.tableau.loom.rest.resources.OAuthResource.authenticate(com.tableau.loom.nativeapi.presmodels.AuthenticateParamsPresModel)"}
{"ts":"2019-08-28T16:16:58.122","pid":1037,"tid":"main","sev":"info","k":"msg","v":"Mapped \"{[/api/oauth/cancelAuthentication],methods=[DELETE]}\" onto public com.tableau.loom.nativeapi.presmodels.CancelAuthenticationResultPresModel com.tableau.loom.rest.resources.OAuthResource.cancelAuthentication()"}
{"ts":"2019-08-28T16:16:58.122","pid":1037,"tid":"main","sev":"info","k":"msg","v":"Mapped \"{[/api/oauth/listOAuthCredentials],methods=[GET]}\" onto public com.tableau.loom.nativeapi.presmodels.ListOAuthCredentialsResultPresModel com.tableau.loom.rest.resources.OAuthResource.listOAuthCredentials()"}
{"ts":"2019-08-28T16:16:58.123","pid":1037,"tid":"main","sev":"info","k":"msg","v":"Mapped \"{[/api/flowOperations/flows],methods=[POST]}\" onto public com.tableau.loom.rest.api.flowOperations.FlowsMetadataResponse com.tableau.loom.rest.resources.FlowOperationResource.getFlows(java.lang.String,com.tableau.loom.doc.fileformat.LoomDoc,com.tableau.loom.lang.CompilationMode,javax.servlet.http.HttpServletRequest) throws com.tableau.loom.common.exceptions.LoomException"}
{"ts":"2019-08-28T16:16:58.123","pid":1037,"tid":"main","sev":"info","k":"msg","v":"Mapped \"{[/api/flowOperations],methods=[POST]}\" onto public com.tableau.loom.rest.api.flowOperations.FlowOperationResponse com.tableau.loom.rest.resources.FlowOperationResource.startRequest(com.tableau.loom.rest.api.flowRequest.FlowRequestMsg,javax.servlet.http.HttpServletRequest) throws com.tableau.loom.common.exceptions.LoomException,java.util.concurrent.ExecutionException,java.lang.InterruptedException"}
{"ts":"2019-08-28T16:16:58.123","pid":1037,"tid":"main","sev":"info","k":"msg","v":"Mapped \"{[/api/flowOperations/{uuid}],methods=[GET]}\" onto public com.tableau.loom.rest.api.FlowState com.tableau.loom.rest.resources.FlowOperationResource.getStatus(java.util.UUID,java.lang.Long,java.lang.Boolean,java.lang.Boolean,java.lang.Boolean,javax.servlet.http.HttpServletRequest) throws com.tableau.loom.common.exceptions.LoomException"}
{"ts":"2019-08-28T16:16:58.124","pid":1037,"tid":"main","sev":"info","k":"msg","v":"Mapped \"{[/api/flowOperations/{uuid}/rows],methods=[GET]}\" onto public java.util.List<com.tableau.loom.execution.engine.RowStatus> com.tableau.loom.rest.resources.FlowOperationResource.getRowStatus(java.util.UUID,java.lang.Long)"}
{"ts":"2019-08-28T16:16:58.124","pid":1037,"tid":"main","sev":"info","k":"msg","v":"Mapped \"{[/api/flowOperations/{uuid}/stats],methods=[GET]}\" onto public com.tableau.loom.rest.api.Domain com.tableau.loom.rest.resources.FlowOperationResource.getStatStatus(java.util.UUID,java.lang.Long)"}
{"ts":"2019-08-28T16:16:58.124","pid":1037,"tid":"main","sev":"info","k":"msg","v":"Mapped \"{[/api/flowOperations/{uuid}/adpstats],methods=[GET]}\" onto public com.tableau.loom.adp.AdpStatus com.tableau.loom.rest.resources.FlowOperationResource.getAdpStatus(java.util.UUID)"}
{"ts":"2019-08-28T16:16:58.124","pid":1037,"tid":"main","sev":"info","k":"msg","v":"Mapped \"{[/api/flowOperations/{uuid}],methods=[DELETE]}\" onto public boolean com.tableau.loom.rest.resources.FlowOperationResource.cancel(java.util.UUID,javax.servlet.http.HttpServletRequest) throws com.tableau.loom.common.exceptions.LoomException"}
{"ts":"2019-08-28T16:16:58.125","pid":1037,"tid":"main","sev":"info","k":"msg","v":"Mapped \"{[/api/vizportalApi/setCredentials],methods=[POST]}\" onto public com.tableau.loom.rest.vizportal.SetCredentialsResponse com.tableau.loom.rest.resources.VizportalApiResource.setCredentials(com.tableau.loom.rest.vizportal.SetCredentialsRequest) throws com.tableau.loom.vizportal.exceptions.VizportalApiException"}
{"ts":"2019-08-28T16:16:58.126","pid":1037,"tid":"main","sev":"info","k":"msg","v":"Mapped \"{[/api/vizportalApi/getRemoteServerSettings],methods=[GET]}\" onto public com.tableau.loom.rest.vizportal.GetServerSettingsResponse com.tableau.loom.rest.resources.VizportalApiResource.getRemoteServerSettings() throws com.tableau.loom.vizportal.exceptions.VizportalApiException"}
{"ts":"2019-08-28T16:16:58.126","pid":1037,"tid":"main","sev":"info","k":"msg","v":"Mapped \"{[/api/vizportalApi/publishFlowPreCheck],methods=[POST]}\" onto public com.tableau.loom.rest.vizportal.PublishFlowPreCheckResponse com.tableau.loom.rest.resources.VizportalApiResource.publishFlowPreCheck(com.tableau.loom.rest.vizportal.PublishFlowPreCheckRequest) throws com.tableau.loom.common.exceptions.LoomException,java.lang.InterruptedException"}
{"ts":"2019-08-28T16:16:58.126","pid":1037,"tid":"main","sev":"info","k":"msg","v":"Mapped \"{[/api/vizportalApi/publishflow],methods=[POST]}\" onto public com.tableau.loom.rest.vizportal.PublishFlowResponse com.tableau.loom.rest.resources.VizportalApiResource.publishFlow(com.tableau.loom.rest.vizportal.PublishFlowRequest) throws com.tableau.loom.vizportal.exceptions.VizportalApiException,com.tableau.loom.common.exceptions.LoomUserException"}
{"ts":"2019-08-28T16:16:58.126","pid":1037,"tid":"main","sev":"info","k":"msg","v":"Mapped \"{[/api/vizportalApi/detailedDatasources],methods=[GET]}\" onto public com.tableau.loom.rest.vizportal.GetDetailedDatasourcesResponse com.tableau.loom.rest.resources.VizportalApiResource.getDetailedDatasources() throws com.tableau.loom.vizportal.exceptions.VizportalApiException,com.tableau.loom.vizportal.exceptions.VizportalAuthenticationException"}
{"ts":"2019-08-28T16:16:58.126","pid":1037,"tid":"main","sev":"info","k":"msg","v":"Mapped \"{[/api/vizportalApi/projectDatasources],methods=[GET]}\" onto public com.tableau.loom.rest.vizportal.GetProjectDatasourcesResponse com.tableau.loom.rest.resources.VizportalApiResource.getProjectDatasources() throws com.tableau.loom.vizportal.exceptions.VizportalApiException,com.tableau.loom.vizportal.exceptions.VizportalAuthenticationException"}
{"ts":"2019-08-28T16:16:58.126","pid":1037,"tid":"main","sev":"info","k":"msg","v":"Mapped \"{[/api/vizportalApi/projectsAndFlows],methods=[GET]}\" onto public com.tableau.loom.rest.vizportal.GetProjectFlowsResponse com.tableau.loom.rest.resources.VizportalApiResource.getProjectsAndFlows() throws com.tableau.loom.vizportal.exceptions.VizportalApiException,com.tableau.loom.vizportal.exceptions.VizportalAuthenticationException"}
{"ts":"2019-08-28T16:16:58.126","pid":1037,"tid":"main","sev":"info","k":"msg","v":"Mapped \"{[/api/vizportalApi/prepConductorSoftwareVersion],methods=[GET]}\" onto public com.tableau.loom.rest.vizportal.GetPrepConductorSoftwareVersionResponse com.tableau.loom.rest.resources.VizportalApiResource.getPrepConductorSoftwareVersion() throws com.tableau.loom.vizportal.exceptions.VizportalApiException,com.tableau.loom.vizportal.exceptions.VizportalAuthenticationException"}
{"ts":"2019-08-28T16:16:58.127","pid":1037,"tid":"main","sev":"info","k":"msg","v":"Mapped \"{[/api/vizportalApi/checkCompatibility],methods=[GET]}\" onto public com.tableau.loom.vizportal.CheckCompatibilityResponse com.tableau.loom.rest.resources.VizportalApiResource.checkCompatibility(java.lang.String)"}
{"ts":"2019-08-28T16:16:58.127","pid":1037,"tid":"main","sev":"info","k":"msg","v":"Mapped \"{[/api/vizportalApi/signOut],methods=[POST]}\" onto public com.tableau.loom.rest.vizportal.SignOutResponse com.tableau.loom.rest.resources.VizportalApiResource.signOut() throws com.tableau.loom.vizportal.exceptions.VizportalApiException"}
{"ts":"2019-08-28T16:16:58.127","pid":1037,"tid":"main","sev":"info","k":"msg","v":"Mapped \"{[/api/vizportalApi/topLevelProjects],methods=[GET]}\" onto public com.tableau.loom.rest.vizportal.GetTopLevelProjectsResponse com.tableau.loom.rest.resources.VizportalApiResource.getTopLevelProjects() throws com.tableau.loom.vizportal.exceptions.VizportalApiException,com.tableau.loom.vizportal.exceptions.VizportalAuthenticationException"}
{"ts":"2019-08-28T16:16:58.127","pid":1037,"tid":"main","sev":"info","k":"msg","v":"Mapped \"{[/api/vizportalApi/projects/{projectId}/childProjects],methods=[GET]}\" onto public com.tableau.loom.rest.vizportal.GetChildProjectsResponse com.tableau.loom.rest.resources.VizportalApiResource.getChildProjects(java.lang.String) throws com.tableau.loom.vizportal.exceptions.VizportalApiException,com.tableau.loom.vizportal.exceptions.VizportalAuthenticationException"}
{"ts":"2019-08-28T16:16:58.127","pid":1037,"tid":"main","sev":"info","k":"msg","v":"Mapped \"{[/api/vizportalApi/projects/{projectId}/datasources],methods=[GET]}\" onto public com.tableau.loom.rest.vizportal.GetDatasourceByNameResponse com.tableau.loom.rest.resources.VizportalApiResource.getDatasource(java.lang.String,java.lang.String) throws com.tableau.loom.vizportal.exceptions.VizportalApiException,com.tableau.loom.vizportal.exceptions.VizportalAuthenticationException"}
{"ts":"2019-08-28T16:16:58.128","pid":1037,"tid":"main","sev":"info","k":"msg","v":"Mapped \"{[/api/supportedDataSources],methods=[GET]}\" onto public com.tableau.loom.nativeapi.presmodels.GetSupportedDataSourcesResultPresModel com.tableau.loom.rest.resources.SupportedDataSourceResource.getSupportedDataSources(java.lang.String)"}
{"ts":"2019-08-28T16:16:58.128","pid":1037,"tid":"main","sev":"info","k":"msg","v":"Mapped \"{[/api/testHook/getCacheConnectionInfo],methods=[GET]}\" onto public com.tableau.loom.nativeapi.CacheConnectionInfo com.tableau.loom.rest.resources.TestHookResource.getCacheConnectionInfo()"}
{"ts":"2019-08-28T16:16:58.128","pid":1037,"tid":"main","sev":"info","k":"msg","v":"Mapped \"{[/api/testHook/crashServer/{how}],methods=[POST]}\" onto public void com.tableau.loom.rest.resources.TestHookResource.crashServer(int)"}
{"ts":"2019-08-28T16:16:58.128","pid":1037,"tid":"main","sev":"info","k":"msg","v":"Mapped \"{[/api/testHook/nativePid],methods=[GET]}\" onto public int com.tableau.loom.rest.resources.TestHookResource.nativePid()"}
{"ts":"2019-08-28T16:16:58.129","pid":1037,"tid":"main","sev":"info","k":"msg","v":"Mapped \"{[/api/cacheOperations/runAnalyzerOnCacheRequest],methods=[POST]}\" onto public com.tableau.loom.rest.api.analyzerRequest.AnalyzerRequestResponse com.tableau.loom.rest.resources.CacheResource.runAnalyzerOnCacheRequest(com.tableau.loom.rest.api.analyzerRequest.AnalyzerRequest,javax.servlet.http.HttpServletRequest) throws java.util.concurrent.ExecutionException,java.lang.InterruptedException"}
{"ts":"2019-08-28T16:16:58.129","pid":1037,"tid":"main","sev":"info","k":"msg","v":"Mapped \"{[/api/cacheOperations],methods=[POST]}\" onto public com.tableau.loom.rest.api.cacheRequest.CacheRequestResponse com.tableau.loom.rest.resources.CacheResource.cacheRequest(com.tableau.loom.rest.api.cacheRequest.CacheRequestMsg,javax.servlet.http.HttpServletRequest) throws com.tableau.loom.common.exceptions.LoomException,java.util.concurrent.ExecutionException,java.lang.InterruptedException"}
{"ts":"2019-08-28T16:16:58.129","pid":1037,"tid":"main","sev":"info","k":"msg","v":"Mapped \"{[/api/cacheOperations/getSemanticRoles],methods=[GET],produces=[application/json;charset=UTF-8]}\" onto public com.tableau.loom.rest.api.adp.AvailableSemanticRolesResponse com.tableau.loom.rest.resources.CacheResource.getSemanticRoles()"}
{"ts":"2019-08-28T16:16:58.130","pid":1037,"tid":"main","sev":"info","k":"msg","v":"Mapped \"{[/api/connectivity-utils/convertToConnectToServerParams],methods=[POST]}\" onto public com.tableau.loom.nativeapi.presmodels.GetConnectToServerParamsResultPresModel com.tableau.loom.rest.resources.ConnectivityUtilsResource.getConnectToServerParams(com.tableau.loom.nativeapi.presmodels.ConnectDialogParamsPresModel)"}
{"ts":"2019-08-28T16:16:58.130","pid":1037,"tid":"main","sev":"info","k":"msg","v":"Mapped \"{[/api/nodes/load],methods=[POST],produces=[application/json;charset=UTF-8]}\" onto public java.lang.String com.tableau.loom.rest.resources.NodeResources.load(com.tableau.loom.rest.api.nodeRequest.NodeRequestParams) throws com.tableau.loom.common.exceptions.LoomException,java.io.IOException"}
{"ts":"2019-08-28T16:16:58.130","pid":1037,"tid":"main","sev":"info","k":"msg","v":"Mapped \"{[/api/configuration],methods=[GET]}\" onto public com.tableau.loom.rest.api.configuration.AppConfigurationResponse com.tableau.loom.rest.resources.AppConfigurationResource.getConfiguration()"}
{"ts":"2019-08-28T16:16:58.130","pid":1037,"tid":"main","sev":"info","k":"msg","v":"Mapped \"{[/api/configuration/appSettings/formattersLocale/{formattersLocale}],methods=[PUT]}\" onto public void com.tableau.loom.rest.resources.AppConfigurationResource.updateFormattersLocaleSetting(java.lang.String)"}
{"ts":"2019-08-28T16:16:58.131","pid":1037,"tid":"main","sev":"info","k":"msg","v":"Mapped \"{[/api/mruFlows],methods=[GET]}\" onto public com.tableau.loom.rest.api.mruFlows.MruFlowsMetadata com.tableau.loom.rest.resources.MruFlowResource.getMruDocsMetadata()"}
{"ts":"2019-08-28T16:16:58.131","pid":1037,"tid":"main","sev":"info","k":"msg","v":"Mapped \"{[/api/mruFlows],methods=[POST]}\" onto public boolean com.tableau.loom.rest.resources.MruFlowResource.saveMruDocsMetadata(com.tableau.loom.rest.api.mruFlows.MruFlowsMetadata)"}
{"ts":"2019-08-28T16:16:58.132","pid":1037,"tid":"main","sev":"info","k":"msg","v":"Mapped \"{[/api/connections/setUpWorkgroupConnection],methods=[PUT]}\" onto public com.tableau.loom.nativeapi.presmodels.SetUpWorkgroupConnectionResultPresModel com.tableau.loom.rest.resources.ConnectionResource.setUpWorkgroupConnection(com.tableau.loom.nativeapi.presmodels.SetUpWorkgroupConnectionParamsPresModel)"}
{"ts":"2019-08-28T16:16:58.132","pid":1037,"tid":"main","sev":"info","k":"msg","v":"Mapped \"{[/api/connections/getConnectionSettings],methods=[POST]}\" onto public com.tableau.loom.nativeapi.presmodels.GetConnectionSettingsResultPresModel com.tableau.loom.rest.resources.ConnectionResource.getConnectionSettings(com.tableau.loom.doc.fileformat.DataConnection)"}
{"ts":"2019-08-28T16:16:58.132","pid":1037,"tid":"main","sev":"info","k":"msg","v":"Mapped \"{[/api/connections/getConnectionParameters],methods=[POST]}\" onto public com.tableau.loom.nativeapi.presmodels.ConnectionParamsPresModel com.tableau.loom.rest.resources.ConnectionResource.getConnectionParameters(com.tableau.loom.nativeapi.presmodels.GetConnectionParametersParamsPresModel)"}
{"ts":"2019-08-28T16:16:58.133","pid":1037,"tid":"main","sev":"info","k":"msg","v":"Mapped \"{[/api/connections/connectDialog],methods=[POST]}\" onto public com.tableau.loom.nativeapi.presmodels.ConnectToServerResultPresModel com.tableau.loom.rest.resources.ConnectionResource.connectDialog(com.tableau.loom.nativeapi.presmodels.ConnectDialogParamsPresModel)"}
{"ts":"2019-08-28T16:16:58.133","pid":1037,"tid":"main","sev":"info","k":"msg","v":"Mapped \"{[/api/connections/connect],methods=[POST]}\" onto public com.tableau.loom.nativeapi.presmodels.ConnectToServerResultPresModel com.tableau.loom.rest.resources.ConnectionResource.connectToServer(com.tableau.loom.nativeapi.presmodels.ConnectToServerParamsPresModel)"}
{"ts":"2019-08-28T16:16:58.133","pid":1037,"tid":"main","sev":"info","k":"msg","v":"Mapped \"{[/api/connections/listServerObjects],methods=[POST]}\" onto public com.tableau.loom.nativeapi.presmodels.ListServerObjectsResultPresModel com.tableau.loom.rest.resources.ConnectionResource.listServerObjects(com.tableau.loom.nativeapi.presmodels.ListServerObjectsParamsPresModel)"}
{"ts":"2019-08-28T16:16:58.133","pid":1037,"tid":"main","sev":"info","k":"msg","v":"Mapped \"{[/api/connections/connections],methods=[DELETE]}\" onto public com.tableau.loom.nativeapi.presmodels.RemoveAllConnectionsResultPresModel com.tableau.loom.rest.resources.ConnectionResource.removeAllConnections()"}
{"ts":"2019-08-28T16:16:58.134","pid":1037,"tid":"main","sev":"info","k":"msg","v":"Mapped \"{[/api/connections/{connectionId}],methods=[DELETE]}\" onto public com.tableau.loom.nativeapi.presmodels.RemoveConnectionResultPresModel com.tableau.loom.rest.resources.ConnectionResource.removeConnection(java.lang.String)"}
{"ts":"2019-08-28T16:16:58.134","pid":1037,"tid":"main","sev":"info","k":"msg","v":"Mapped \"{[/api/connections/{connectionId}],methods=[PUT]}\" onto public com.tableau.loom.nativeapi.presmodels.ConnectToServerResultPresModel com.tableau.loom.rest.resources.ConnectionResource.editConnection(java.lang.String,com.tableau.loom.nativeapi.presmodels.ConnectToServerParamsPresModel)"}
{"ts":"2019-08-28T16:16:58.134","pid":1037,"tid":"main","sev":"info","k":"msg","v":"Mapped \"{[/api/connections/{connectionId}/databases],methods=[GET]}\" onto public com.tableau.loom.nativeapi.presmodels.SearchDatabasesResultPresModel com.tableau.loom.rest.resources.ConnectionResource.getDatabases(java.lang.String,java.lang.String,java.lang.String) throws com.tableau.loom.rest.exceptions.ConnectionIdEmptyException,com.tableau.loom.rest.exceptions.EmptySearchTypeException"}
{"ts":"2019-08-28T16:16:58.134","pid":1037,"tid":"main","sev":"info","k":"msg","v":"Mapped \"{[/api/connections/{connectionId}/databases/{databaseId}/tables],methods=[GET]}\" onto public com.tableau.loom.nativeapi.presmodels.SearchTablesResultPresModel com.tableau.loom.rest.resources.ConnectionResource.getTables(java.lang.String,java.lang.String,java.lang.String,java.lang.String) throws com.tableau.loom.rest.exceptions.ConnectionIdEmptyException,com.tableau.loom.rest.exceptions.DatabaseIdEmptyException,com.tableau.loom.rest.exceptions.EmptySearchTypeException"}
{"ts":"2019-08-28T16:16:58.134","pid":1037,"tid":"main","sev":"info","k":"msg","v":"Mapped \"{[/api/connections/{connectionId}/checkHasUserReference],methods=[POST]}\" onto public com.tableau.loom.nativeapi.presmodels.CheckHasUserReferenceResultPresModel com.tableau.loom.rest.resources.ConnectionResource.checkHasUserReference(java.lang.String,com.tableau.loom.nativeapi.presmodels.CheckHasUserReferenceParamsPresModel) throws com.tableau.loom.vizportal.exceptions.VizportalAuthenticationException"}
{"ts":"2019-08-28T16:16:58.134","pid":1037,"tid":"main","sev":"info","k":"msg","v":"Mapped \"{[/api/connections/{connectionId}/getPromptDialogVariablesInfo],methods=[POST]}\" onto public com.tableau.loom.nativeapi.presmodels.VariablePromptDialogPresModel com.tableau.loom.rest.resources.ConnectionResource.getPromptDialogVariablesInfo(java.lang.String,com.tableau.loom.nativeapi.presmodels.VariablePromptDialogParamsPresModel)"}
{"ts":"2019-08-28T16:16:58.135","pid":1037,"tid":"main","sev":"info","k":"msg","v":"Mapped \"{[/api/application/version],methods=[GET]}\" onto public com.tableau.loom.nativeapi.presmodels.AppVersionInfoPresModel com.tableau.loom.rest.resources.ApplicationResource.getAppVersionInfo(java.lang.String)"}
{"ts":"2019-08-28T16:16:58.135","pid":1037,"tid":"main","sev":"info","k":"msg","v":"Mapped \"{[/api/flows/versioning/downgrade],methods=[POST]}\" onto public com.tableau.loom.rest.api.versioning.SoftwareVersionParams com.tableau.loom.rest.resources.VersioningResource.downgrade(java.lang.String,com.tableau.loom.doc.maestrodocument.MaestroDocument) throws com.tableau.loom.doc.exceptions.MaestroDocumentException"}
{"ts":"2019-08-28T16:16:58.135","pid":1037,"tid":"main","sev":"info","k":"msg","v":"Mapped \"{[/api/flows/versioning],methods=[GET]}\" onto public com.tableau.loom.rest.api.versioning.SoftwareVersionParams com.tableau.loom.rest.resources.VersioningResource.getAndUpgradeDoc(java.lang.String,java.lang.String) throws com.tableau.loom.doc.exceptions.MaestroDocumentException,com.tableau.loom.common.exceptions.LoomException"}
{"ts":"2019-08-28T16:16:58.135","pid":1037,"tid":"main","sev":"info","k":"msg","v":"Mapped \"{[/api/flows/versioning],methods=[POST]}\" onto public com.tableau.loom.rest.api.versioning.SoftwareVersionParams com.tableau.loom.rest.resources.VersioningResource.downgradeAndSaveDoc(java.lang.String,java.lang.String,com.tableau.loom.rest.api.SaveDocParams) throws java.io.IOException,com.tableau.loom.doc.exceptions.MaestroDocumentException"}
{"ts":"2019-08-28T16:16:58.136","pid":1037,"tid":"main","sev":"info","k":"msg","v":"Mapped \"{[/api/flows/versioning/minimumSoftwareVersion],methods=[POST]}\" onto public com.tableau.loom.doc.versioning.MaestroSoftwareVersion com.tableau.loom.rest.resources.VersioningResource.getMinimumSoftwareVersion(com.tableau.loom.doc.maestrodocument.MaestroDocument)"}
{"ts":"2019-08-28T16:16:58.136","pid":1037,"tid":"main","sev":"info","k":"msg","v":"Mapped \"{[/api/flows/versioning/softwareVersionCompatibility],methods=[POST]}\" onto public boolean com.tableau.loom.rest.resources.VersioningResource.validateDocCompatibleWithSoftwareVersion(java.lang.String,com.tableau.loom.doc.maestrodocument.MaestroDocument) throws com.tableau.loom.doc.exceptions.UnsupportedDocumentFeaturesException"}
{"ts":"2019-08-28T16:16:58.136","pid":1037,"tid":"main","sev":"info","k":"msg","v":"Mapped \"{[/api/flows/versioning/uploadDoc],methods=[POST]}\" onto public com.tableau.loom.rest.api.versioning.SoftwareVersionParams com.tableau.loom.rest.resources.VersioningResource.uploadDoc(java.lang.String,java.lang.String,java.lang.String) throws com.tableau.loom.common.exceptions.LoomException"}
{"ts":"2019-08-28T16:16:58.136","pid":1037,"tid":"main","sev":"info","k":"msg","v":"Mapped \"{[/api/inputUnion/matches],methods=[POST],produces=[application/json;charset=UTF-8]}\" onto public java.lang.String com.tableau.loom.rest.resources.InputUnionResource.getInputUnionMatches(com.tableau.loom.rest.api.nodeRequest.NodeRequestParams) throws com.tableau.loom.common.exceptions.LoomException"}
{"ts":"2019-08-28T16:16:58.136","pid":1037,"tid":"main","sev":"info","k":"msg","v":"Mapped \"{[/api/caches/{entryKey}],methods=[DELETE]}\" onto public org.springframework.http.ResponseEntity<?> com.tableau.loom.rest.resources.CacheManagementResource.removeCacheEntry(java.lang.String)"}
{"ts":"2019-08-28T16:16:58.137","pid":1037,"tid":"main","sev":"info","k":"msg","v":"Mapped \"{[/api/telemetry/status],methods=[GET]}\" onto public com.tableau.loom.rest.api.telemetry.TelemetryStatusResponse com.tableau.loom.rest.resources.TelemetryResource.status()"}
{"ts":"2019-08-28T16:16:58.137","pid":1037,"tid":"main","sev":"info","k":"msg","v":"Mapped \"{[/api/telemetry/emitTelemetry],methods=[POST]}\" onto public boolean com.tableau.loom.rest.resources.TelemetryResource.emitTelemetry(com.tableau.loom.rest.api.telemetry.EmitTelemetryRequest)"}
{"ts":"2019-08-28T16:16:58.137","pid":1037,"tid":"main","sev":"info","k":"msg","v":"Mapped \"{[/api/management/shutdown],methods=[POST]}\" onto public void com.tableau.loom.rest.resources.ManagementResource.shutdown()"}
{"ts":"2019-08-28T16:16:58.152","pid":1037,"tid":"main","sev":"info","k":"msg","v":"Root mapping to handler of type [class org.springframework.web.servlet.mvc.ParameterizableViewController]"}
{"ts":"2019-08-28T16:16:58.152","pid":1037,"tid":"main","sev":"info","k":"msg","v":"Mapped URL path [/{:^(?!api$).*$}/**/{:[^\\.]*}] onto handler of type [class org.springframework.web.servlet.mvc.ParameterizableViewController]"}
{"ts":"2019-08-28T16:16:58.206","pid":1037,"tid":"main","sev":"info","k":"msg","v":"Mapped URL path [/**/*.mp4] onto handler of type [class org.springframework.web.servlet.resource.ResourceHttpRequestHandler]"}
{"ts":"2019-08-28T16:16:58.206","pid":1037,"tid":"main","sev":"info","k":"msg","v":"Mapped URL path [/**/*.html] onto handler of type [class org.springframework.web.servlet.resource.ResourceHttpRequestHandler]"}
{"ts":"2019-08-28T16:16:58.206","pid":1037,"tid":"main","sev":"info","k":"msg","v":"Mapped URL path [/**/*.png] onto handler of type [class org.springframework.web.servlet.resource.ResourceHttpRequestHandler]"}
{"ts":"2019-08-28T16:16:58.206","pid":1037,"tid":"main","sev":"info","k":"msg","v":"Mapped URL path [/**/*.js] onto handler of type [class org.springframework.web.servlet.resource.ResourceHttpRequestHandler]"}
{"ts":"2019-08-28T16:16:58.207","pid":1037,"tid":"main","sev":"info","k":"msg","v":"Mapped URL path [/**/*.gif] onto handler of type [class org.springframework.web.servlet.resource.ResourceHttpRequestHandler]"}
{"ts":"2019-08-28T16:16:58.207","pid":1037,"tid":"main","sev":"info","k":"msg","v":"Mapped URL path [/**/*.woff2] onto handler of type [class org.springframework.web.servlet.resource.ResourceHttpRequestHandler]"}
{"ts":"2019-08-28T16:16:58.207","pid":1037,"tid":"main","sev":"info","k":"msg","v":"Mapped URL path [/**/*.map] onto handler of type [class org.springframework.web.servlet.resource.ResourceHttpRequestHandler]"}
{"ts":"2019-08-28T16:16:58.375","pid":1037,"tid":"nativeLoomApiInitThread","sev":"info","k":"msg","v":"The portFilePath is: /tmp/prep-1036pyVeKmRQ1b0j/loom5318645779328862288/prepservice4540973107996026432.port"}
{"ts":"2019-08-28T16:16:58.375","pid":1037,"tid":"nativeLoomApiInitThread","sev":"info","k":"msg","v":"The port file is empty and does not have any bytes in it."}
{"ts":"2019-08-28T16:16:58.847","pid":1037,"tid":"main","sev":"info","k":"msg","v":"Looking for @ControllerAdvice: org.springframework.boot.context.embedded.AnnotationConfigEmbeddedWebApplicationContext@46ee7fe8: startup date [Wed Aug 28 16:16:45 EDT 2019]; root of context hierarchy"}
{"ts":"2019-08-28T16:16:59.080","pid":1037,"tid":"main","sev":"info","k":"msg","v":"Detected @ExceptionHandler methods in exceptionHandler"}
{"ts":"2019-08-28T16:16:59.353","pid":1037,"tid":"main","sev":"info","k":"msg","v":"Initializing ExecutorService 'getPurgeTempDirectoryServiceScheduler'"}
{"ts":"2019-08-28T16:16:59.380","pid":1037,"tid":"nativeLoomApiInitThread","sev":"info","k":"msg","v":"The portFilePath is: /tmp/prep-1036pyVeKmRQ1b0j/loom5318645779328862288/prepservice4540973107996026432.port"}
{"ts":"2019-08-28T16:16:59.380","pid":1037,"tid":"nativeLoomApiInitThread","sev":"info","k":"msg","v":"The port file is empty and does not have any bytes in it."}
{"ts":"2019-08-28T16:17:00.383","pid":1037,"tid":"nativeLoomApiInitThread","sev":"info","k":"msg","v":"The portFilePath is: /tmp/prep-1036pyVeKmRQ1b0j/loom5318645779328862288/prepservice4540973107996026432.port"}
{"ts":"2019-08-28T16:17:00.384","pid":1037,"tid":"nativeLoomApiInitThread","sev":"info","k":"msg","v":"The port file is empty and does not have any bytes in it."}
{"ts":"2019-08-28T16:17:01.388","pid":1037,"tid":"nativeLoomApiInitThread","sev":"info","k":"msg","v":"The portFilePath is: /tmp/prep-1036pyVeKmRQ1b0j/loom5318645779328862288/prepservice4540973107996026432.port"}
{"ts":"2019-08-28T16:17:01.388","pid":1037,"tid":"nativeLoomApiInitThread","sev":"info","k":"msg","v":"The port file is empty and does not have any bytes in it."}
{"ts":"2019-08-28T16:17:01.871","pid":1037,"tid":"main","sev":"info","k":"msg","v":"Tomcat started on port(s): 49307 (https)"}
{"ts":"2019-08-28T16:17:01.871","pid":1037,"tid":"main","sev":"info","k":"msg","v":"Loom web app started on port 49307"}
{"ts":"2019-08-28T16:17:01.949","pid":1037,"tid":"DesktopProcessWatcherThread","sev":"info","k":"msg","v":"Connecting to desktop client on port 49306"}
{"ts":"2019-08-28T16:17:01.953","pid":1037,"tid":"main","sev":"info","k":"msg","v":"Started LoomSpringApp in 17.178 seconds (JVM running for 24.483)"}
{"ts":"2019-08-28T16:17:02.390","pid":1037,"tid":"nativeLoomApiInitThread","sev":"info","k":"msg","v":"The portFilePath is: /tmp/prep-1036pyVeKmRQ1b0j/loom5318645779328862288/prepservice4540973107996026432.port"}
{"ts":"2019-08-28T16:17:02.390","pid":1037,"tid":"nativeLoomApiInitThread","sev":"info","k":"msg","v":"The port file is empty and does not have any bytes in it."}
{"ts":"2019-08-28T16:17:02.837","pid":1037,"tid":"DesktopProcessWatcherThread","sev":"info","k":"msg","v":"Sending POST request to http://127.0.0.1:49306/backendConfig"}
{"ts":"2019-08-28T16:17:03.121","pid":1037,"tid":"DesktopProcessWatcherThread","sev":"info","k":"msg","v":"Received response from POST request to http://127.0.0.1:49306/backendConfig"}
{"ts":"2019-08-28T16:17:03.395","pid":1037,"tid":"nativeLoomApiInitThread","sev":"info","k":"msg","v":"The portFilePath is: /tmp/prep-1036pyVeKmRQ1b0j/loom5318645779328862288/prepservice4540973107996026432.port"}
{"ts":"2019-08-28T16:17:03.395","pid":1037,"tid":"nativeLoomApiInitThread","sev":"info","k":"msg","v":"The port file is empty and does not have any bytes in it."}
{"ts":"2019-08-28T16:17:04.397","pid":1037,"tid":"nativeLoomApiInitThread","sev":"info","k":"msg","v":"The portFilePath is: /tmp/prep-1036pyVeKmRQ1b0j/loom5318645779328862288/prepservice4540973107996026432.port"}
{"ts":"2019-08-28T16:17:04.398","pid":1037,"tid":"nativeLoomApiInitThread","sev":"info","k":"msg","v":"The port file is empty and does not have any bytes in it."}
{"ts":"2019-08-28T16:17:04.418","pid":1037,"tid":"https-jsse-nio-127.0.0.1-auto-1-exec-4","sev":"info","k":"msg","v":"FrameworkServlet 'dispatcherServlet': initialization started"}
{"ts":"2019-08-28T16:17:04.509","pid":1037,"tid":"https-jsse-nio-127.0.0.1-auto-1-exec-4","sev":"info","k":"msg","v":"FrameworkServlet 'dispatcherServlet': initialization completed in 91 ms"}
{"ts":"2019-08-28T16:17:04.518","pid":1037,"tid":"https-jsse-nio-127.0.0.1-auto-1-exec-4","sev":"info","k":"rest-api-handler-begin","v":{"method":"GET","path":"/api/telemetry/status"}}
{"ts":"2019-08-28T16:17:04.840","pid":1037,"tid":"https-jsse-nio-127.0.0.1-auto-1-exec-4","sev":"info","req":"32aaf86e-84d4-491b-8d4d-0000ba8bc53d","k":"rest-api-handler-end","v":{"method":"GET","path":"/api/telemetry/status","response-status":200,"elapsed":0.32}}
{"ts":"2019-08-28T16:17:04.857","pid":1037,"tid":"https-jsse-nio-127.0.0.1-auto-1-exec-9","sev":"info","k":"rest-api-handler-begin","v":{"method":"GET","path":"/api/locale/osUserLocale"}}
{"ts":"2019-08-28T16:17:04.858","pid":1037,"tid":"https-jsse-nio-127.0.0.1-auto-1-exec-9","sev":"info","req":"67d98475-64ab-4f1a-b557-3942ed1a31c0","k":"msg","v":"Got OS user locale en_CA"}
{"ts":"2019-08-28T16:17:04.860","pid":1037,"tid":"https-jsse-nio-127.0.0.1-auto-1-exec-9","sev":"info","req":"67d98475-64ab-4f1a-b557-3942ed1a31c0","k":"rest-api-handler-end","v":{"method":"GET","path":"/api/locale/osUserLocale","response-status":200,"elapsed":0.002}}
{"ts":"2019-08-28T16:17:04.873","pid":1037,"tid":"https-jsse-nio-127.0.0.1-auto-1-exec-4","sev":"info","req":"32aaf86e-84d4-491b-8d4d-0000ba8bc53d","k":"rest-api-handler-begin","v":{"method":"PUT","path":"/api/configuration/appSettings/formattersLocale/en_CA"}}
{"ts":"2019-08-28T16:17:04.896","pid":1037,"tid":"https-jsse-nio-127.0.0.1-auto-1-exec-4","sev":"info","req":"24102e05-45e1-40c3-87e3-f7947c7306c0","k":"rest-api-handler-end","v":{"method":"PUT","path":"/api/configuration/appSettings/formattersLocale/en_CA","response-status":200,"elapsed":0.023}}
{"ts":"2019-08-28T16:17:04.908","pid":1037,"tid":"https-jsse-nio-127.0.0.1-auto-1-exec-9","sev":"info","req":"67d98475-64ab-4f1a-b557-3942ed1a31c0","k":"rest-api-handler-begin","v":{"method":"GET","path":"/api/licensing/licenses/licenseState"}}
{"ts":"2019-08-28T16:17:05.398","pid":1037,"tid":"nativeLoomApiInitThread","sev":"info","k":"msg","v":"The portFilePath is: /tmp/prep-1036pyVeKmRQ1b0j/loom5318645779328862288/prepservice4540973107996026432.port"}
{"ts":"2019-08-28T16:17:05.398","pid":1037,"tid":"nativeLoomApiInitThread","sev":"info","k":"msg","v":"The port file is empty and does not have any bytes in it."}
{"ts":"2019-08-28T16:17:06.399","pid":1037,"tid":"nativeLoomApiInitThread","sev":"info","k":"msg","v":"The portFilePath is: /tmp/prep-1036pyVeKmRQ1b0j/loom5318645779328862288/prepservice4540973107996026432.port"}
{"ts":"2019-08-28T16:17:06.399","pid":1037,"tid":"nativeLoomApiInitThread","sev":"info","k":"msg","v":"The port file is empty and does not have any bytes in it."}
{"ts":"2019-08-28T16:17:07.157","pid":1037,"tid":"Thread-3","sev":"info","k":"msg","v":"prepservice: Monitoring for termination of process with PID 1037."}
{"ts":"2019-08-28T16:17:07.400","pid":1037,"tid":"nativeLoomApiInitThread","sev":"info","k":"msg","v":"The portFilePath is: /tmp/prep-1036pyVeKmRQ1b0j/loom5318645779328862288/prepservice4540973107996026432.port"}
{"ts":"2019-08-28T16:17:07.400","pid":1037,"tid":"nativeLoomApiInitThread","sev":"info","k":"msg","v":"The port file is empty and does not have any bytes in it."}
{"ts":"2019-08-28T16:17:08.400","pid":1037,"tid":"nativeLoomApiInitThread","sev":"info","k":"msg","v":"The portFilePath is: /tmp/prep-1036pyVeKmRQ1b0j/loom5318645779328862288/prepservice4540973107996026432.port"}
{"ts":"2019-08-28T16:17:08.400","pid":1037,"tid":"nativeLoomApiInitThread","sev":"info","k":"msg","v":"The port file is empty and does not have any bytes in it."}
{"ts":"2019-08-28T16:17:09.401","pid":1037,"tid":"nativeLoomApiInitThread","sev":"info","k":"msg","v":"The portFilePath is: /tmp/prep-1036pyVeKmRQ1b0j/loom5318645779328862288/prepservice4540973107996026432.port"}
{"ts":"2019-08-28T16:17:09.401","pid":1037,"tid":"nativeLoomApiInitThread","sev":"info","k":"msg","v":"The port file is empty and does not have any bytes in it."}
{"ts":"2019-08-28T16:17:10.402","pid":1037,"tid":"nativeLoomApiInitThread","sev":"info","k":"msg","v":"The portFilePath is: /tmp/prep-1036pyVeKmRQ1b0j/loom5318645779328862288/prepservice4540973107996026432.port"}
{"ts":"2019-08-28T16:17:10.402","pid":1037,"tid":"nativeLoomApiInitThread","sev":"info","k":"msg","v":"The port file is empty and does not have any bytes in it."}
{"ts":"2019-08-28T16:17:11.197","pid":1037,"tid":"Thread-3","sev":"info","k":"msg","v":"prepservice: --no-password option is specified: this is a security risk"}
{"ts":"2019-08-28T16:17:11.197","pid":1037,"tid":"Thread-3","sev":"info","k":"msg","v":"prepservice: hyperd server version 9.1.0 build version 2019.2.0.6416.rfd037579"}
{"ts":"2019-08-28T16:17:11.310","pid":1037,"tid":"Thread-3","sev":"info","k":"msg","v":"prepservice: logFileDirectory : \"/Users/default/Documents/My Tableau Prep Repository/Logs\""}
{"ts":"2019-08-28T16:17:11.314","pid":1037,"tid":"Thread-3","sev":"info","k":"msg","v":"prepservice: listening to localhost:49314 using ipv4 and ipv6"}
{"ts":"2019-08-28T16:17:11.405","pid":1037,"tid":"nativeLoomApiInitThread","sev":"info","k":"msg","v":"The portFilePath is: /tmp/prep-1036pyVeKmRQ1b0j/loom5318645779328862288/prepservice4540973107996026432.port"}
{"ts":"2019-08-28T16:17:11.406","pid":1037,"tid":"nativeLoomApiInitThread","sev":"info","k":"msg","v":"The port file is empty and does not have any bytes in it."}
{"ts":"2019-08-28T16:17:12.406","pid":1037,"tid":"nativeLoomApiInitThread","sev":"info","k":"msg","v":"The portFilePath is: /tmp/prep-1036pyVeKmRQ1b0j/loom5318645779328862288/prepservice4540973107996026432.port"}
{"ts":"2019-08-28T16:17:12.407","pid":1037,"tid":"nativeLoomApiInitThread","sev":"info","k":"msg","v":"The port file is empty and does not have any bytes in it."}
{"ts":"2019-08-28T16:17:13.409","pid":1037,"tid":"nativeLoomApiInitThread","sev":"info","k":"msg","v":"The portFilePath is: /tmp/prep-1036pyVeKmRQ1b0j/loom5318645779328862288/prepservice4540973107996026432.port"}
{"ts":"2019-08-28T16:17:13.409","pid":1037,"tid":"nativeLoomApiInitThread","sev":"info","k":"msg","v":"The port file is empty and does not have any bytes in it."}
{"ts":"2019-08-28T16:17:13.539","pid":1037,"tid":"Thread-3","sev":"info","k":"msg","v":"prepservice: Server is listening on 49320"}
{"ts":"2019-08-28T16:17:14.414","pid":1037,"tid":"nativeLoomApiInitThread","sev":"info","k":"msg","v":"The portFilePath is: /tmp/prep-1036pyVeKmRQ1b0j/loom5318645779328862288/prepservice4540973107996026432.port"}
{"ts":"2019-08-28T16:17:14.415","pid":1037,"tid":"nativeLoomApiInitThread","sev":"info","k":"msg","v":"The port is: 49320"}
{"ts":"2019-08-28T16:17:14.417","pid":1037,"tid":"nativeLoomApiInitThread","sev":"info","k":"msg","v":"Prepservice monitor thread started."}
{"ts":"2019-08-28T16:17:15.551","pid":1037,"tid":"nativeLoomApiInitThread","sev":"debug","k":"msg","v":"Native Library is initialized."}
{"ts":"2019-08-28T16:17:15.562","pid":1037,"tid":"https-jsse-nio-127.0.0.1-auto-1-exec-9","sev":"info","req":"b8a4b111-b458-4672-ba2e-268939abb40a","k":"prepservice-call-begin","v":{"api":"getLicenseState"}}
{"ts":"2019-08-28T16:17:15.616","pid":1037,"tid":"nativeLoomApiInitThread","sev":"info","k":"prepservice-call-begin","v":{"api":"getFederationFunctions"}}
{"ts":"2019-08-28T16:17:16.588","pid":1037,"tid":"nativeLoomApiInitThread","sev":"info","k":"prepservice-call-end","v":{"api":"getFederationFunctions","elapsed":0.971}}
{"ts":"2019-08-28T16:17:16.679","pid":1037,"tid":"https-jsse-nio-127.0.0.1-auto-1-exec-9","sev":"info","req":"b8a4b111-b458-4672-ba2e-268939abb40a","k":"prepservice-call-end","v":{"api":"getLicenseState","elapsed":1.116}}
{"ts":"2019-08-28T16:17:16.679","pid":1037,"tid":"https-jsse-nio-127.0.0.1-auto-1-exec-9","sev":"info","req":"b8a4b111-b458-4672-ba2e-268939abb40a","k":"prepservice-call-begin","v":{"api":"getLicenseState"}}
{"ts":"2019-08-28T16:17:16.681","pid":1037,"tid":"https-jsse-nio-127.0.0.1-auto-1-exec-9","sev":"info","req":"b8a4b111-b458-4672-ba2e-268939abb40a","k":"prepservice-call-end","v":{"api":"getLicenseState","elapsed":0.002}}
{"ts":"2019-08-28T16:17:16.684","pid":1037,"tid":"https-jsse-nio-127.0.0.1-auto-1-exec-9","sev":"info","req":"b8a4b111-b458-4672-ba2e-268939abb40a","k":"msg","v":"License not valid. GetLicenseStateResultPresModel: {\"licenseStateInfo\":{\"licenseState\":\"no-license\",\"needRegistration\":false,\"licenseExpirationDate\":\"\",\"buildExpiresIn\":2914760,\"licenseExpiresIn\":0,\"shouldWarn\":false,\"productKey\":\"\",\"shouldSuppressUi\":false,\"allowsFlows\":false,\"lblmStatus\":\"enabled\"}}"}
{"ts":"2019-08-28T16:17:16.687","pid":1037,"tid":"https-jsse-nio-127.0.0.1-auto-1-exec-9","sev":"info","req":"b8a4b111-b458-4672-ba2e-268939abb40a","k":"rest-api-handler-end","v":{"method":"GET","path":"/api/licensing/licenses/licenseState","response-status":200,"elapsed":11.778}}
{"ts":"2019-08-28T16:17:16.907","pid":1037,"tid":"nativeLoomApiInitThread","sev":"debug","k":"msg","v":"Loom compiler is initialized."}
{"ts":"2019-08-28T16:17:17.128","pid":1037,"tid":"https-jsse-nio-127.0.0.1-auto-1-exec-9","sev":"info","req":"b8a4b111-b458-4672-ba2e-268939abb40a","k":"rest-api-handler-begin","v":{"method":"GET","path":"/unlicensed.html"}}
{"ts":"2019-08-28T16:17:17.162","pid":1037,"tid":"https-jsse-nio-127.0.0.1-auto-1-exec-9","sev":"info","req":"b8a4b111-b458-4672-ba2e-268939abb40a","k":"rest-api-handler-end","v":{"method":"GET","path":"/unlicensed.html","response-status":200,"elapsed":0.034}}
{"ts":"2019-08-28T16:17:17.311","pid":1037,"tid":"https-jsse-nio-127.0.0.1-auto-1-exec-10","sev":"info","k":"rest-api-handler-begin","v":{"method":"GET","path":"/initUnlicensed.js"}}
{"ts":"2019-08-28T16:17:17.315","pid":1037,"tid":"https-jsse-nio-127.0.0.1-auto-1-exec-10","sev":"info","k":"rest-api-handler-end","v":{"method":"GET","path":"/initUnlicensed.js","response-status":200,"elapsed":0.003}}
{"ts":"2019-08-28T16:17:17.319","pid":1037,"tid":"https-jsse-nio-127.0.0.1-auto-1-exec-1","sev":"info","k":"rest-api-handler-begin","v":{"method":"GET","path":"/api/configuration"}}
{"ts":"2019-08-28T16:17:17.323","pid":1037,"tid":"https-jsse-nio-127.0.0.1-auto-1-exec-1","sev":"info","req":"71c1e8e8-f1da-474b-a1cf-57498e31505b","k":"rest-api-handler-end","v":{"method":"GET","path":"/api/configuration","response-status":200,"elapsed":0.003}}
{"ts":"2019-08-28T16:17:17.346","pid":1037,"tid":"https-jsse-nio-127.0.0.1-auto-1-exec-2","sev":"info","k":"rest-api-handler-begin","v":{"method":"GET","path":"/compiled-locales/messages.en_US.js"}}
{"ts":"2019-08-28T16:17:17.352","pid":1037,"tid":"https-jsse-nio-127.0.0.1-auto-1-exec-10","sev":"info","k":"rest-api-handler-begin","v":{"method":"GET","path":"/compiled-locales/formatters-and-parsers.en_CA.js"}}
{"ts":"2019-08-28T16:17:17.371","pid":1037,"tid":"https-jsse-nio-127.0.0.1-auto-1-exec-10","sev":"info","k":"rest-api-handler-end","v":{"method":"GET","path":"/compiled-locales/formatters-and-parsers.en_CA.js","response-status":200,"elapsed":0.018}}
{"ts":"2019-08-28T16:17:17.379","pid":1037,"tid":"https-jsse-nio-127.0.0.1-auto-1-exec-2","sev":"info","k":"rest-api-handler-end","v":{"method":"GET","path":"/compiled-locales/messages.en_US.js","response-status":200,"elapsed":0.033}}
{"ts":"2019-08-28T16:17:17.455","pid":1037,"tid":"https-jsse-nio-127.0.0.1-auto-1-exec-1","sev":"info","req":"71c1e8e8-f1da-474b-a1cf-57498e31505b","k":"rest-api-handler-begin","v":{"method":"GET","path":"/appUnlicensed.js"}}
{"ts":"2019-08-28T16:17:17.455","pid":1037,"tid":"https-jsse-nio-127.0.0.1-auto-1-exec-3","sev":"info","k":"rest-api-handler-begin","v":{"method":"GET","path":"/vendor.js"}}
{"ts":"2019-08-28T16:17:17.486","pid":1037,"tid":"https-jsse-nio-127.0.0.1-auto-1-exec-1","sev":"info","req":"71c1e8e8-f1da-474b-a1cf-57498e31505b","k":"rest-api-handler-end","v":{"method":"GET","path":"/appUnlicensed.js","response-status":200,"elapsed":0.03}}
{"ts":"2019-08-28T16:17:17.580","pid":1037,"tid":"https-jsse-nio-127.0.0.1-auto-1-exec-3","sev":"info","k":"rest-api-handler-end","v":{"method":"GET","path":"/vendor.js","response-status":200,"elapsed":0.125}}
{"ts":"2019-08-28T16:17:53.041","pid":1037,"tid":"LruCachePolicy.cacheEvictionTimer","sev":"info","k":"cache-eviction-task-begin","v":{"curr-size":0,"limit":16000000000}}
{"ts":"2019-08-28T16:17:53.244","pid":1037,"tid":"LruCachePolicy.cacheEvictionTimer","sev":"info","k":"cache-manager-stats","v":{"hit":0,"miss":0,"evicted":0,"recreated":0}}
{"ts":"2019-08-28T16:17:56.192","pid":1037,"tid":"LocalStatusService.staleCheckTimer","sev":"info","k":"msg","v":"StaleChecker running. It removed 0 statuses."}
{"ts":"2019-08-28T16:17:56.192","pid":1037,"tid":"LocalStatusService.staleCheckTimer","sev":"info","k":"msg","v":"Checking disk space on each drive root:"}
{"ts":"2019-08-28T16:17:56.239","pid":1037,"tid":"LocalStatusService.staleCheckTimer","sev":"info","k":"msg","v":"Under drive root /, total space is 979944.51 MB, free space is 852254.80 MB."}
{"ts":"2019-08-28T16:17:56.239","pid":1037,"tid":"LocalStatusService.staleCheckTimer","sev":"info","k":"msg","v":"Checking memory status:"}
{"ts":"2019-08-28T16:17:56.241","pid":1037,"tid":"LocalStatusService.staleCheckTimer","sev":"info","k":"msg","v":"The free memory in system is 9158.88 Mega bytes, the percentage of free memory in total memory is 55.90 percent."}
{"ts":"2019-08-28T16:18:18.425","pid":1037,"tid":"https-jsse-nio-127.0.0.1-auto-1-exec-3","sev":"info","k":"rest-api-handler-begin","v":{"method":"POST","path":"/api/licensing/licenses"}}
{"ts":"2019-08-28T16:18:18.581","pid":1037,"tid":"https-jsse-nio-127.0.0.1-auto-1-exec-3","sev":"info","req":"ac7fe17d-57d7-466f-b4b9-8b9834d715f5","k":"msg","v":"Request received to activate a desktop license key."}
{"ts":"2019-08-28T16:18:18.581","pid":1037,"tid":"https-jsse-nio-127.0.0.1-auto-1-exec-3","sev":"info","req":"ac7fe17d-57d7-466f-b4b9-8b9834d715f5","k":"msg","v":"Initializing native context to activate a license"}
{"ts":"2019-08-28T16:18:18.583","pid":1037,"tid":"https-jsse-nio-127.0.0.1-auto-1-exec-3","sev":"info","req":"ac7fe17d-57d7-466f-b4b9-8b9834d715f5","k":"prepservice-call-begin","v":{"api":"activateLicense","params":{"productKey":"TC7T-AD44-3440-5F1D-DE83"}}}
{"ts":"2019-08-28T16:18:18.777","pid":1037,"tid":"https-jsse-nio-127.0.0.1-auto-1-exec-3","sev":"info","req":"ac7fe17d-57d7-466f-b4b9-8b9834d715f5","k":"prepservice-call-end","v":{"api":"activateLicense","params":{"productKey":"TC7T-AD44-3440-5F1D-DE83"},"elapsed":0.194}}
{"ts":"2019-08-28T16:18:18.779","pid":1037,"tid":"https-jsse-nio-127.0.0.1-auto-1-exec-3","sev":"info","req":"ac7fe17d-57d7-466f-b4b9-8b9834d715f5","k":"rest-api-handler-end","v":{"method":"POST","path":"/api/licensing/licenses","response-status":200,"elapsed":0.354}}
{"ts":"2019-08-28T16:18:38.141","pid":1037,"tid":"https-jsse-nio-127.0.0.1-auto-1-exec-9","sev":"info","req":"b8a4b111-b458-4672-ba2e-268939abb40a","k":"rest-api-handler-begin","v":{"method":"POST","path":"/api/management/shutdown"}}
{"ts":"2019-08-28T16:18:38.142","pid":1037,"tid":"https-jsse-nio-127.0.0.1-auto-1-exec-9","sev":"info","req":"c659a94c-47de-4fed-83d3-673bd3f1a1a3","k":"msg","v":"Shutdown request received. Shutdown is starting now"}
{"ts":"2019-08-28T16:18:38.142","pid":1037,"tid":"https-jsse-nio-127.0.0.1-auto-1-exec-9","sev":"info","req":"c659a94c-47de-4fed-83d3-673bd3f1a1a3","k":"msg","v":"Closing the Spring Application Context"}
{"ts":"2019-08-28T16:18:38.144","pid":1037,"tid":"https-jsse-nio-127.0.0.1-auto-1-exec-9","sev":"info","req":"c659a94c-47de-4fed-83d3-673bd3f1a1a3","k":"msg","v":"Closing org.springframework.boot.context.embedded.AnnotationConfigEmbeddedWebApplicationContext@46ee7fe8: startup date [Wed Aug 28 16:16:45 EDT 2019]; root of context hierarchy"}
{"ts":"2019-08-28T16:18:38.145","pid":1037,"tid":"https-jsse-nio-127.0.0.1-auto-1-exec-9","sev":"info","req":"c659a94c-47de-4fed-83d3-673bd3f1a1a3","k":"msg","v":"Shutting down ExecutorService 'getPurgeTempDirectoryServiceScheduler'"}
{"ts":"2019-08-28T16:18:38.146","pid":1037,"tid":"https-jsse-nio-127.0.0.1-auto-1-exec-9","sev":"info","req":"c659a94c-47de-4fed-83d3-673bd3f1a1a3","k":"msg","v":"Removing temp directory /tmp/prep-1036pyVeKmRQ1b0j/loom5318645779328862288"}
{"ts":"2019-08-28T16:18:38.231","pid":1037,"tid":"https-jsse-nio-127.0.0.1-auto-1-exec-9","sev":"info","req":"c659a94c-47de-4fed-83d3-673bd3f1a1a3","k":"msg","v":"Getting authentication information stored for the signed-in Tableau server."}
{"ts":"2019-08-28T16:18:40.532","pid":1037,"tid":"https-jsse-nio-127.0.0.1-auto-1-exec-9","sev":"warn","req":"c659a94c-47de-4fed-83d3-673bd3f1a1a3","k":"msg","v":"The executor associated with thread pool [https-jsse-nio-127.0.0.1-auto-1] has not fully shutdown. Some application threads may still be running."}
{"ts":"2019-08-28T16:18:40.533","pid":1037,"tid":"https-jsse-nio-127.0.0.1-auto-1-exec-9","sev":"info","req":"c659a94c-47de-4fed-83d3-673bd3f1a1a3","k":"msg","v":"Calling System.exit() with return code: %d"}
