Aug 28, 2019 at 2:32:23 PM: Log created
Aug 28, 2019 at 2:32:24 PM : **************************
Aug 28, 2019 at 2:32:24 PM : ARMAgent invoked...
Aug 28, 2019 at 2:32:25 PM : process id=436, path: /Library/Application Support/Adobe/ARMDC/Application/Acrobat Update Helper.app
Aug 28, 2019 at 2:32:26 PM : ** Processing registration information for product com.adobe.acrobat.dc
Aug 28, 2019 at 2:32:26 PM :    PlistReader : Optional Plist key {ProductName} is not present.
Aug 28, 2019 at 2:32:27 PM :    PlistReader : Optional plist key {VersionExt} is not present.
Aug 28, 2019 at 2:32:27 PM :    PlistReader : Product registration plist parsing done.
Aug 28, 2019 at 2:32:27 PM :    WARNING Product's Feature lock down key is set to 0. Skip updating this product.
Aug 28, 2019 at 2:32:27 PM : ** Processing registration information for product com.adobe.acrobat.servicesupdater.dc
Aug 28, 2019 at 2:32:27 PM :    PlistReader : Optional Plist key {ProductName} is not present.
Aug 28, 2019 at 2:32:27 PM :    PlistReader : Product registration plist parsing done.
Aug 28, 2019 at 2:32:27 PM :    ERROR Eula acceptance validation failed.
Aug 28, 2019 at 2:32:27 PM : ** ARMAgent: All products are up-to-date, checking self update...
Aug 28, 2019 at 2:32:28 PM : ** Processing registration information for product com.adobe.ARMDCHelper
Aug 28, 2019 at 2:32:28 PM :    PlistReader : Optional Plist key {ProductName} is not present.
Aug 28, 2019 at 2:32:28 PM :    PlistReader : Optional plist key {VersionExt} is not present.
Aug 28, 2019 at 2:32:29 PM :    PlistReader : Optional plist key {FeatureLockDown} is not present.
Aug 28, 2019 at 2:32:29 PM :    PlistReader : Product registration plist parsing done.
Aug 28, 2019 at 2:32:30 PM :    Checking updates for product Acrobat Update Helper .
Aug 28, 2019 at 2:32:30 PM :    Fetching payload content from https:/armmf.adobe.com/arm-manifests/mac/ARMDC/current_version.txt
Aug 28, 2019 at 2:32:30 PM : URL 'https:/armmf.adobe.com/arm-manifests/mac/ARMDC/current_version.txt' contents: '1.0.16'
Aug 28, 2019 at 2:32:31 PM : URL 'https:/armmf.adobe.com/arm-manifests/mac/ARMDC/current_version.txt' contents: '1.0.16'
Aug 28, 2019 at 2:32:31 PM : Installed app '/Library/Application Support/Adobe/ARMDC/Application/Acrobat Update Helper.app' version: '1.0.16'
Aug 28, 2019 at 2:32:31 PM : ARM Bookkeeper : creating item at path {/Users/default/Library/Preferences/Adobe/ARMDC/Support Files/com.adobe.ARMDCHelper.plist}, returned 1
Aug 28, 2019 at 2:32:32 PM : ARM Bookkeeper : Write contents at {/Users/default/Library/Preferences/Adobe/ARMDC/Support Files/com.adobe.ARMDCHelper.plist} location
Aug 28, 2019 at 2:32:32 PM : No update available. Application Acrobat Update Helper is up-to-date. 
Aug 28, 2019 at 2:32:48 PM : ARMAgent done...
Aug 28, 2019 at 3:30:05 PM : **************************
Aug 28, 2019 at 3:30:05 PM : ARMAgent invoked...
Aug 28, 2019 at 3:30:05 PM : process id=631, path: /Library/Application Support/Adobe/ARMDC/Application/Acrobat Update Helper.app
Aug 28, 2019 at 3:30:05 PM : ** Processing registration information for product com.adobe.acrobat.dc
Aug 28, 2019 at 3:30:05 PM :    PlistReader : Optional Plist key {ProductName} is not present.
Aug 28, 2019 at 3:30:05 PM :    PlistReader : Optional plist key {VersionExt} is not present.
Aug 28, 2019 at 3:30:05 PM :    PlistReader : Product registration plist parsing done.
Aug 28, 2019 at 3:30:05 PM :    WARNING Product's Feature lock down key is set to 0. Skip updating this product.
Aug 28, 2019 at 3:30:05 PM : ** Processing registration information for product com.adobe.acrobat.servicesupdater.dc
Aug 28, 2019 at 3:30:05 PM :    PlistReader : Optional Plist key {ProductName} is not present.
Aug 28, 2019 at 3:30:05 PM :    PlistReader : Product registration plist parsing done.
Aug 28, 2019 at 3:30:05 PM :    ERROR Eula acceptance validation failed.
Aug 28, 2019 at 3:30:05 PM : ** ARMAgent: All products are up-to-date, checking self update...
Aug 28, 2019 at 3:30:05 PM : ** Processing registration information for product com.adobe.ARMDCHelper
Aug 28, 2019 at 3:30:05 PM :    PlistReader : Optional Plist key {ProductName} is not present.
Aug 28, 2019 at 3:30:05 PM :    PlistReader : Optional plist key {VersionExt} is not present.
Aug 28, 2019 at 3:30:05 PM :    PlistReader : Optional plist key {FeatureLockDown} is not present.
Aug 28, 2019 at 3:30:05 PM :    PlistReader : Product registration plist parsing done.
Aug 28, 2019 at 3:30:05 PM :    Recently checked for update, so not checking again.
Aug 28, 2019 at 3:30:20 PM : ARMAgent done...
Aug 28, 2019 at 4:54:09 PM : **************************
Aug 28, 2019 at 4:54:09 PM : ARMAgent invoked...
Aug 28, 2019 at 4:54:09 PM : process id=344, path: /Library/Application Support/Adobe/ARMDC/Application/Acrobat Update Helper.app
Aug 28, 2019 at 4:54:09 PM : ** Processing registration information for product com.adobe.acrobat.dc
Aug 28, 2019 at 4:54:09 PM :    PlistReader : Optional Plist key {ProductName} is not present.
Aug 28, 2019 at 4:54:09 PM :    PlistReader : Optional plist key {VersionExt} is not present.
Aug 28, 2019 at 4:54:09 PM :    PlistReader : Product registration plist parsing done.
Aug 28, 2019 at 4:54:09 PM :    WARNING Product's Feature lock down key is set to 0. Skip updating this product.
Aug 28, 2019 at 4:54:09 PM : ** Processing registration information for product com.adobe.acrobat.servicesupdater.dc
Aug 28, 2019 at 4:54:09 PM :    PlistReader : Optional Plist key {ProductName} is not present.
Aug 28, 2019 at 4:54:09 PM :    PlistReader : Product registration plist parsing done.
Aug 28, 2019 at 4:54:09 PM :    ERROR Eula acceptance validation failed.
Aug 28, 2019 at 4:54:09 PM : ** ARMAgent: All products are up-to-date, checking self update...
Aug 28, 2019 at 4:54:09 PM : ** Processing registration information for product com.adobe.ARMDCHelper
Aug 28, 2019 at 4:54:09 PM :    PlistReader : Optional Plist key {ProductName} is not present.
Aug 28, 2019 at 4:54:09 PM :    PlistReader : Optional plist key {VersionExt} is not present.
Aug 28, 2019 at 4:54:09 PM :    PlistReader : Optional plist key {FeatureLockDown} is not present.
Aug 28, 2019 at 4:54:09 PM :    PlistReader : Product registration plist parsing done.
Aug 28, 2019 at 4:54:09 PM :    Recently checked for update, so not checking again.
Aug 28, 2019 at 4:54:24 PM : ARMAgent done...
Sep 9, 2019 at 4:55:30 PM : **************************
Sep 9, 2019 at 4:55:30 PM : ARMAgent invoked...
Sep 9, 2019 at 4:55:30 PM : process id=3428, path: /Library/Application Support/Adobe/ARMDC/Application/Acrobat Update Helper.app
Sep 9, 2019 at 4:55:31 PM : ** Processing registration information for product com.adobe.acrobat.dc
Sep 9, 2019 at 4:55:31 PM :    PlistReader : Optional Plist key {ProductName} is not present.
Sep 9, 2019 at 4:55:31 PM :    PlistReader : Optional plist key {VersionExt} is not present.
Sep 9, 2019 at 4:55:31 PM :    PlistReader : Product registration plist parsing done.
Sep 9, 2019 at 4:55:31 PM :    WARNING Product's Feature lock down key is set to 0. Skip updating this product.
Sep 9, 2019 at 4:55:31 PM : ** Processing registration information for product com.adobe.acrobat.servicesupdater.dc
Sep 9, 2019 at 4:55:31 PM :    PlistReader : Optional Plist key {ProductName} is not present.
Sep 9, 2019 at 4:55:31 PM :    PlistReader : Product registration plist parsing done.
Sep 9, 2019 at 4:55:31 PM :    ERROR Eula acceptance validation failed.
Sep 9, 2019 at 4:55:31 PM : ** ARMAgent: All products are up-to-date, checking self update...
Sep 9, 2019 at 4:55:31 PM : ** Processing registration information for product com.adobe.ARMDCHelper
Sep 9, 2019 at 4:55:31 PM :    PlistReader : Optional Plist key {ProductName} is not present.
Sep 9, 2019 at 4:55:31 PM :    PlistReader : Optional plist key {VersionExt} is not present.
Sep 9, 2019 at 4:55:31 PM :    PlistReader : Optional plist key {FeatureLockDown} is not present.
Sep 9, 2019 at 4:55:31 PM :    PlistReader : Product registration plist parsing done.
Sep 9, 2019 at 4:55:31 PM :    Checking updates for product Acrobat Update Helper .
Sep 9, 2019 at 4:55:31 PM :    Fetching payload content from https:/armmf.adobe.com/arm-manifests/mac/ARMDC/current_version.txt
Sep 9, 2019 at 4:55:31 PM : URL 'https:/armmf.adobe.com/arm-manifests/mac/ARMDC/current_version.txt' contents: '1.0.16'
Sep 9, 2019 at 4:55:31 PM : URL 'https:/armmf.adobe.com/arm-manifests/mac/ARMDC/current_version.txt' contents: '1.0.16'
Sep 9, 2019 at 4:55:31 PM : Installed app '/Library/Application Support/Adobe/ARMDC/Application/Acrobat Update Helper.app' version: '1.0.16'
Sep 9, 2019 at 4:55:31 PM : No update available. Application Acrobat Update Helper is up-to-date. 
Sep 9, 2019 at 4:55:46 PM : ARMAgent done...
