08/28/19 14:32:45:722 | [INFO] | 621 | ASU | OPM | OPM |  |  | 5625 | 502 | Build Version - 10.0.0.205
08/28/19 14:32:45:722 | [INFO] | 621 | ASU | OPM | OPM |  |  | 5625 | 502 | Logging Level verbosity Set  to 4
08/28/19 14:32:45:984 | [INFO] | 621 | ASU | OPM | OPM |  |  | 5625 | 502 | _opm_handle_OPDReturnedStatus called with opdStatus as:0
08/28/19 14:32:45:984 | [INFO] | 621 | ASU | OPM | OPM |  |  | 5625 | 502 | No Record found for the input fields in opm_getValueForKey
08/28/19 14:32:59:586 | [WARN] | 621 | ASU | OPM | CryptEngine |  |  | 5714 | 502 | Invalid arguments to getHashStringForType
08/28/19 14:32:59:586 | [WARN] | 621 | ASU | OPM | CryptEngine |  |  | 5714 | 502 | While hashing ...failed to set plain string  error: Error during plain text assign
08/28/19 15:30:20:541 | [INFO] | 817 | ASU | OPM | OPM |  |  | 6519 | 502 | Build Version - 10.0.0.205
08/28/19 15:30:20:541 | [INFO] | 817 | ASU | OPM | OPM |  |  | 6519 | 502 | Logging Level verbosity Set  to 4
08/28/19 15:30:20:801 | [INFO] | 817 | ASU | OPM | OPM |  |  | 6519 | 502 | Schema version and schema compatibility version are same or greater than current

08/28/19 15:30:20:967 | [INFO] | 817 | ASU | OPM | OPM |  |  | 6519 | 502 | _opm_handle_OPDReturnedStatus called with opdStatus as:0
08/28/19 15:30:20:967 | [INFO] | 817 | ASU | OPM | OPM |  |  | 6519 | 502 | No Record found for the input fields in opm_getValueForKey
08/28/19 15:30:29:240 | [WARN] | 817 | ASU | OPM | CryptEngine |  |  | 6617 | 502 | Invalid arguments to getHashStringForType
08/28/19 15:30:29:240 | [WARN] | 817 | ASU | OPM | CryptEngine |  |  | 6617 | 502 | While hashing ...failed to set plain string  error: Error during plain text assign
08/28/19 16:54:59:186 | [INFO] | 537 | ASU | OPM | OPM |  |  | 4241 | 502 | Build Version - 10.0.0.205
08/28/19 16:54:59:350 | [INFO] | 537 | ASU | OPM | OPM |  |  | 4241 | 502 | Logging Level verbosity Set  to 4
08/28/19 16:55:01:966 | [INFO] | 537 | ASU | OPM | OPM |  |  | 4241 | 502 | Schema version and schema compatibility version are same or greater than current

08/28/19 16:55:04:269 | [INFO] | 537 | ASU | OPM | OPM |  |  | 4241 | 502 | _opm_handle_OPDReturnedStatus called with opdStatus as:0
08/28/19 16:55:04:269 | [INFO] | 537 | ASU | OPM | OPM |  |  | 4241 | 502 | No Record found for the input fields in opm_getValueForKey
08/28/19 16:55:22:213 | [WARN] | 537 | ASU | OPM | CryptEngine |  |  | 4393 | 502 | Invalid arguments to getHashStringForType
08/28/19 16:55:22:213 | [WARN] | 537 | ASU | OPM | CryptEngine |  |  | 4393 | 502 | While hashing ...failed to set plain string  error: Error during plain text assign
09/09/19 16:55:36:396 | [INFO] | 3516 | ASU | OPM | OPM |  |  | 131678 | 962534481 | Build Version - 10.0.0.254
09/09/19 16:55:36:396 | [INFO] | 3516 | ASU | OPM | OPM |  |  | 131678 | 962534481 | Logging Level verbosity Set  to 4
09/09/19 16:55:36:397 | [INFO] | 3516 | ASU | OPM | OPM |  |  | 131678 | 962534481 | Schema version and schema compatibility version are same or greater than current

09/09/19 16:55:36:397 | [INFO] | 3516 | ASU | OPM | OPM |  |  | 131678 | 962534481 | _opm_handle_OPDReturnedStatus called with opdStatus as:0
09/09/19 16:55:36:397 | [INFO] | 3516 | ASU | OPM | OPM |  |  | 131678 | 962534481 | No Record found for the input fields in opm_getValueForKey
09/09/19 16:55:42:531 | [WARN] | 3516 | ASU | OPM | CryptEngine |  |  | 131740 | 962534481 | Invalid arguments to getHashStringForType
09/09/19 16:55:42:531 | [WARN] | 3516 | ASU | OPM | CryptEngine |  |  | 131740 | 962534481 | While hashing ...failed to set plain string  error: Error during plain text assign
