20190909-165539.479: t=0307: Always: RetroEnvironment: reportAppVersionString: CoreSync v.4.3.0.292 unk (RetroEnvironment.cpp.reportAppVersionString.55)
20190909-165539.480: t=0307: Always: RetroEnvironment: reportDetailedOsVersionInfo: OSVer: Version 10.14.6 (Build 18G95); Arch: x86_64h; AppVer: 4.3.0.292 (RetroEnvironment.cpp.reportDetailedOsVersionInfo.63)
20190909-165539.480: t=0307: Always: RetroEnvironment: reportHostVersionInfo: kHostVersion: 34 (RetroEnvironment.cpp.reportHostVersionInfo.85)
20190909-165539.480: t=0307: Info: Loading plugins from folder: '/Applications/Utilities/Adobe Sync/CoreSyncPlugins'
20190909-165539.480: t=0307: Info: Loading plugins from folder: '/Applications/Utilities/Adobe Sync/CoreSyncPlugins/LiveType'
20190909-165539.490: t=0307: Info: Plugin loaded: '/Applications/Utilities/Adobe Sync/CoreSyncPlugins/LiveType/LiveType.framework'
20190909-165539.490: t=0307: Info: Loading plugins from folder: '/Applications/Utilities/Adobe Sync/CoreSyncPlugins/DesignLibraryPlugin'
20190909-165539.501: t=0307: Info: Plugin loaded: '/Applications/Utilities/Adobe Sync/CoreSyncPlugins/DesignLibraryPlugin/DesignLibraryPlugin.framework'
20190909-165539.501: t=0307: Info: Loading plugins from folder: '/Applications/Utilities/Adobe Sync/CoreSyncPlugins/SynKit'
20190909-165539.532: t=0307: Info: Plugin loaded: '/Applications/Utilities/Adobe Sync/CoreSyncPlugins/SynKit/SynKit.framework'
20190909-165539.532: t=0307: Info: AppHookControllerImpl::onStartup in
20190909-165539.532: t=0307: Info: [DesignLibraryPlugin] [DesignLibraryManager.cpp:InitFileSystem:166] DesignLibraryPlugin version is "1.0.0.86"
20190909-165539.533: t=0307: Info: [DesignLibraryPlugin] [DesignLibraryAppHook.cpp:onStartup:72] register interest path "/assets/adobe-libraries/"...
20190909-165539.533: t=0307: Info: [livetype] onStartup
20190909-165539.533: t=0307: Info: [livetype] onStartup => success
20190909-165539.533: t=0307: Info: AppHookControllerImpl::onStartup out
20190909-165539.533: t=0307: Info: jura: Begin Starting network monitor (NetworkMonitor_mac.mm.start.81)
20190909-165539.533: t=0307: Info: jura: End Starting network monitor (NetworkMonitor_mac.mm.start.81)
20190909-165539.533: t=0307: Info: MShellUxWrapper: bundle path /Applications/Utilities/Adobe Sync/CoreSync/Core Sync.app (MShellUxWrapper.mm.-[MShellUxWrapper verifyAutomaticFinderAppexEnablement].165)
20190909-165539.533: t=0307: Info: MShellUxWrapper: install Path /Applications/Utilities/Adobe Sync (MShellUxWrapper.mm.-[MShellUxWrapper verifyAutomaticFinderAppexEnablement].170)
20190909-165539.597: t=0307: Info: jura: Command '/usr/bin/pluginkit -m -i com.adobe.accmac.ACCFinderSync' returned '0' (Utils.mm.executeCommand.75)
20190909-165539.598: t=0307: Info: extension.helper: extension is NOT INITIALIZED (AppExtensionHelper.mm.isExtensionInitialized.123)
20190909-165539.598: t=0307: Info: MShellUxWrapper: Finder appex was already force initialized (MShellUxWrapper.mm.-[MShellUxWrapper verifyAutomaticFinderAppexEnablement].184)
20190909-165539.600: t=0307: Info: FolderPersistenceSqliteImpl: VerifyAndRepair: checking DB structure (FolderPersistenceSqliteImpl.cpp.VerifyAndRepair.320)
20190909-165539.600: t=0307: Info: jura.db.verification: Database Integrity Verification Started (DatabaseVerifier.cpp.verifyIntegrity.346)
20190909-165539.601: t=0307: Info: jura.db.verification: Database Integrity Verification Succeeded (DatabaseVerifier.cpp.verifyIntegrity.361)
20190909-165539.601: t=0307: Info: jura.db.verification: Database Schema Verification Started (DatabaseVerifier.cpp.verifySchema.371)
20190909-165539.601: t=0307: Info: jura.db.verification: Database Schema Verification Succeeded (DatabaseVerifier.cpp.verifySchema.415)
20190909-165539.601: t=0307: Info: FolderPersistenceSqliteImpl: VerifyAndRepair: result is 1 (FolderPersistenceSqliteImpl.cpp.VerifyAndRepair.345)
20190909-165539.601: t=0307: Info: LocalisingEnvironment: start (LocalisingEnvironment.cpp.start.30)
20190909-165539.612: t=a903: Info: app: Begin Starting up (AppController.cpp.startHandler.323)
20190909-165539.612: t=a903: Info: app: Sending ETS event for: CORESYNC_PROCESS_STARTING_UP.CORESYNC_PROCESS (AppController.cpp.dispatchCoreSyncProcessNotification.318)
20190909-165539.613: t=a903: Info: ipc: Broadcasting sync.out.broadcast.app.startedup 1a97a4af-b572-0037-0dc6-a683e783dd5e (CoreSyncController.cpp.sendBroadcast.276)
20190909-165539.613: t=a903: Info: app: End Starting up (AppController.cpp.startHandler.323)
20190909-165539.613: t=0307: Info: AppShell: End start (AppShell.cpp.startup.177)
20190909-165539.613: t=410f: Info: [livetype] onTextReceived sync.out.broadcast.app.startedup
20190909-165539.617: t=410f: Info: [livetype] onTextReceived cosy.fonts.UpdatePreferencesRequest
20190909-165539.617: t=a703: Info: [livetype]  sendText accc.fonts.UpdatePreferencesResponse (success)
20190909-165539.617: t=a703: Info: [livetype] syncStatus: ON
