20190828-143255.491: t=0307: Always: RetroEnvironment: reportAppVersionString: CoreSync v.4.3.0.292 unk (RetroEnvironment.cpp.reportAppVersionString.55)
20190828-143255.491: t=0307: Always: RetroEnvironment: reportDetailedOsVersionInfo: OSVer: Version 10.14.6 (Build 18G87); Arch: x86_64h; AppVer: 4.3.0.292 (RetroEnvironment.cpp.reportDetailedOsVersionInfo.63)
20190828-143255.491: t=0307: Always: RetroEnvironment: reportHostVersionInfo: kHostVersion: 34 (RetroEnvironment.cpp.reportHostVersionInfo.85)
20190828-143255.492: t=0307: Info: Loading plugins from folder: '/Applications/Utilities/Adobe Sync/CoreSyncPlugins'
20190828-143255.492: t=0307: Info: Loading plugins from folder: '/Applications/Utilities/Adobe Sync/CoreSyncPlugins/LiveType'
20190828-143255.525: t=0307: Info: Plugin loaded: '/Applications/Utilities/Adobe Sync/CoreSyncPlugins/LiveType/LiveType.framework'
20190828-143255.525: t=0307: Info: Loading plugins from folder: '/Applications/Utilities/Adobe Sync/CoreSyncPlugins/DesignLibraryPlugin'
20190828-143255.810: t=0307: Info: Plugin loaded: '/Applications/Utilities/Adobe Sync/CoreSyncPlugins/DesignLibraryPlugin/DesignLibraryPlugin.framework'
20190828-143255.810: t=0307: Info: Loading plugins from folder: '/Applications/Utilities/Adobe Sync/CoreSyncPlugins/SynKit'
20190828-143255.852: t=0307: Info: Plugin loaded: '/Applications/Utilities/Adobe Sync/CoreSyncPlugins/SynKit/SynKit.framework'
20190828-143255.852: t=0307: Info: AppHookControllerImpl::onStartup in
20190828-143255.871: t=0307: Info: [DesignLibraryPlugin] [DesignLibraryManager.cpp:InitFileSystem:166] DesignLibraryPlugin version is "1.0.0.86"
20190828-143255.871: t=0307: Info: [DesignLibraryPlugin] [DesignLibraryAppHook.cpp:onStartup:72] register interest path "/assets/adobe-libraries/"...
20190828-143255.872: t=0307: Info: [livetype] onStartup
20190828-143255.874: t=0307: Info: [livetype] onStartup => success
20190828-143255.874: t=0307: Info: AppHookControllerImpl::onStartup out
20190828-143255.874: t=0307: Info: jura: Begin Starting network monitor (NetworkMonitor_mac.mm.start.81)
20190828-143255.874: t=0307: Info: jura: End Starting network monitor (NetworkMonitor_mac.mm.start.81)
20190828-143255.874: t=0307: Info: MShellUxWrapper: bundle path /Applications/Utilities/Adobe Sync/CoreSync/Core Sync.app (MShellUxWrapper.mm.-[MShellUxWrapper verifyAutomaticFinderAppexEnablement].165)
20190828-143255.874: t=0307: Info: MShellUxWrapper: install Path /Applications/Utilities/Adobe Sync (MShellUxWrapper.mm.-[MShellUxWrapper verifyAutomaticFinderAppexEnablement].170)
20190828-143256.002: t=0307: Info: jura: Command '/usr/bin/pluginkit -m -i com.adobe.accmac.ACCFinderSync' returned '0' (Utils.mm.executeCommand.75)
20190828-143256.003: t=0307: Info: extension.helper: extension is NOT INITIALIZED (AppExtensionHelper.mm.isExtensionInitialized.123)
20190828-143256.003: t=0307: Info: MShellUxWrapper: Forcing Finder appex initialization (MShellUxWrapper.mm.-[MShellUxWrapper verifyAutomaticFinderAppexEnablement].187)
20190828-143256.003: t=0307: Info: MShellUxWrapper: setHasForceInitializedExtension:  (MShellUxWrapper.mm.-[MShellUxWrapper setHasForceInitializedExtension:].204)
20190828-143256.068: t=0307: Info: jura: Command '/usr/bin/pluginkit -m -i com.adobe.accmac.ACCFinderSync' returned '0' (Utils.mm.executeCommand.75)
20190828-143256.068: t=0307: Info: extension.helper: Enabling app extension identifier: com.adobe.accmac.ACCFinderSync (AppExtensionHelper.mm.enableExtensionWithID.105)
20190828-143256.133: t=0307: Info: jura: Command '/usr/bin/pluginkit -e use -i com.adobe.accmac.ACCFinderSync' returned '0' (Utils.mm.executeCommand.75)
20190828-143256.133: t=0307: Info: extension.helper: enableExtension succeeded (AppExtensionHelper.mm.runCommand.79)
20190828-143256.133: t=0307: Info: extension.helper: enabled extension: SUCCESS (AppExtensionHelper.mm.initializeExtension.146)
20190828-143256.197: t=0307: Info: jura: Command '/usr/bin/pluginkit -m -i com.adobe.accmac.ACCFinderSync' returned '0' (Utils.mm.executeCommand.75)
20190828-143256.197: t=0307: Info: extension.helper: extension is INITIALIZED (AppExtensionHelper.mm.isExtensionInitialized.123)
20190828-143256.200: t=0307: Info: FolderPersistenceSqliteImpl: VerifyAndRepair: checking DB structure (FolderPersistenceSqliteImpl.cpp.VerifyAndRepair.320)
20190828-143256.200: t=0307: Info: jura.db.verification: Database Integrity Verification Started (DatabaseVerifier.cpp.verifyIntegrity.346)
20190828-143256.200: t=0307: Info: jura.db.verification: Database Integrity Verification Succeeded (DatabaseVerifier.cpp.verifyIntegrity.361)
20190828-143256.200: t=0307: Info: jura.db.verification: Database Schema Verification Started (DatabaseVerifier.cpp.verifySchema.371)
20190828-143256.200: t=0307: Info: jura.db.verification: Database Schema Verification Succeeded (DatabaseVerifier.cpp.verifySchema.415)
20190828-143256.200: t=0307: Info: FolderPersistenceSqliteImpl: VerifyAndRepair: result is 1 (FolderPersistenceSqliteImpl.cpp.VerifyAndRepair.345)
20190828-143256.200: t=0307: Info: LocalisingEnvironment: start (LocalisingEnvironment.cpp.start.30)
20190828-143256.262: t=a703: Info: app: Begin Starting up (AppController.cpp.startHandler.323)
20190828-143256.262: t=a703: Info: app: Sending ETS event for: CORESYNC_PROCESS_STARTING_UP.CORESYNC_PROCESS (AppController.cpp.dispatchCoreSyncProcessNotification.318)
20190828-143256.262: t=a703: Info: ipc: Broadcasting sync.out.broadcast.app.startedup 2d7b0e71-abf0-0037-0279-804a145ef565 (CoreSyncController.cpp.sendBroadcast.276)
20190828-143256.262: t=a703: Info: app: End Starting up (AppController.cpp.startHandler.323)
20190828-143256.262: t=0307: Info: AppShell: End start (AppShell.cpp.startup.177)
20190828-143256.263: t=3e0f: Info: [livetype] onTextReceived sync.out.broadcast.app.startedup
20190828-143256.526: t=0307: Info: MShellUxWrapper: Finder extension initialization successful (MShellUxWrapper.mm.-[MShellUxWrapper finderInitSuccessful:].245)
20190828-143256.636: t=3e0f: Info: [livetype] onTextReceived cosy.fonts.UpdatePreferencesRequest
20190828-143256.729: t=5803: Info: [livetype]  sendText accc.fonts.UpdatePreferencesResponse (success)
20190828-143256.729: t=5803: Info: [livetype] syncStatus: ON
20190828-143806.827: t=0307: Info: MShellUxWrapper: Finder extension initialization successful (MShellUxWrapper.mm.-[MShellUxWrapper finderInitSuccessful:].245)
20190828-145405.701: t=0307: Info: MShellUxWrapper: Finder extension initialization successful (MShellUxWrapper.mm.-[MShellUxWrapper finderInitSuccessful:].245)
20190828-151513.843: t=a703: Info: app: Begin Shutting down (AppController.cpp.stopHandler.350)
20190828-151513.843: t=a703: Info: ipc: Broadcasting sync.out.broadcast.app.shuttingdown 15ff2187-abf6-0037-0279-804a145ef565 (CoreSyncController.cpp.sendBroadcast.276)
20190828-151513.861: t=a703: Info: app: Sending ETS event for: CORESYNC_PROCESS_SHUTTING_DOWN_QUIT.CORESYNC_PROCESS (AppController.cpp.dispatchCoreSyncProcessNotification.318)
20190828-151513.865: t=a703: Info: app: End Shutting down (AppController.cpp.stopHandler.350)
20190828-151513.870: t=3e0f: Info: [livetype] onTextReceived sync.out.broadcast.app.shuttingdown
20190828-151513.870: t=5803: Info: [livetype] onShutdownMessage
20190828-151513.872: t=3e0f: Always: ipc: VulcanMessageAdapter switching to broadcast (VulcanMessageAdapter.cpp.refreshEndPointsCallback.113)
20190828-151513.874: t=0307: Info: jura.db: Closed database at /Users/default/Library/Application Support/Adobe/CoreSync/coresync.db (Database.cpp.close.124)
20190828-151513.874: t=0307: Info: jura: Stopped network monitor (NetworkMonitor_mac.mm.stop.127)
20190828-151513.875: t=0307: Info: AppHookControllerImpl::onShutdown in
20190828-151513.888: t=0307: Info: [livetype] onShutdown
20190828-151513.903: t=a503: Info: [livetype]  disableFontSync
20190828-151513.903: t=a503: Info: [livetype] deactivated all fonts
20190828-151513.903: t=0307: Info: AppHookControllerImpl::onShutdown out
20190828-153027.197: t=0307: Always: RetroEnvironment: reportAppVersionString: CoreSync v.4.3.0.292 unk (RetroEnvironment.cpp.reportAppVersionString.55)
20190828-153027.197: t=0307: Always: RetroEnvironment: reportDetailedOsVersionInfo: OSVer: Version 10.14.6 (Build 18G95); Arch: x86_64h; AppVer: 4.3.0.292 (RetroEnvironment.cpp.reportDetailedOsVersionInfo.63)
20190828-153027.197: t=0307: Always: RetroEnvironment: reportHostVersionInfo: kHostVersion: 34 (RetroEnvironment.cpp.reportHostVersionInfo.85)
20190828-153027.197: t=0307: Info: Loading plugins from folder: '/Applications/Utilities/Adobe Sync/CoreSyncPlugins'
20190828-153027.198: t=0307: Info: Loading plugins from folder: '/Applications/Utilities/Adobe Sync/CoreSyncPlugins/LiveType'
20190828-153027.280: t=0307: Info: Plugin loaded: '/Applications/Utilities/Adobe Sync/CoreSyncPlugins/LiveType/LiveType.framework'
20190828-153027.280: t=0307: Info: Loading plugins from folder: '/Applications/Utilities/Adobe Sync/CoreSyncPlugins/DesignLibraryPlugin'
20190828-153027.330: t=0307: Info: Plugin loaded: '/Applications/Utilities/Adobe Sync/CoreSyncPlugins/DesignLibraryPlugin/DesignLibraryPlugin.framework'
20190828-153027.330: t=0307: Info: Loading plugins from folder: '/Applications/Utilities/Adobe Sync/CoreSyncPlugins/SynKit'
20190828-153027.354: t=0307: Info: Plugin loaded: '/Applications/Utilities/Adobe Sync/CoreSyncPlugins/SynKit/SynKit.framework'
20190828-153027.354: t=0307: Info: AppHookControllerImpl::onStartup in
20190828-153027.359: t=0307: Info: [DesignLibraryPlugin] [DesignLibraryManager.cpp:InitFileSystem:166] DesignLibraryPlugin version is "1.0.0.86"
20190828-153027.359: t=0307: Info: [DesignLibraryPlugin] [DesignLibraryAppHook.cpp:onStartup:72] register interest path "/assets/adobe-libraries/"...
20190828-153027.360: t=0307: Info: [livetype] onStartup
20190828-153027.361: t=0307: Info: [livetype] onStartup => success
20190828-153027.361: t=0307: Info: AppHookControllerImpl::onStartup out
20190828-153027.361: t=0307: Info: jura: Begin Starting network monitor (NetworkMonitor_mac.mm.start.81)
20190828-153027.361: t=0307: Info: jura: End Starting network monitor (NetworkMonitor_mac.mm.start.81)
20190828-153027.362: t=0307: Info: MShellUxWrapper: bundle path /Applications/Utilities/Adobe Sync/CoreSync/Core Sync.app (MShellUxWrapper.mm.-[MShellUxWrapper verifyAutomaticFinderAppexEnablement].165)
20190828-153027.362: t=0307: Info: MShellUxWrapper: install Path /Applications/Utilities/Adobe Sync (MShellUxWrapper.mm.-[MShellUxWrapper verifyAutomaticFinderAppexEnablement].170)
20190828-153027.426: t=0307: Info: jura: Command '/usr/bin/pluginkit -m -i com.adobe.accmac.ACCFinderSync' returned '0' (Utils.mm.executeCommand.75)
20190828-153027.426: t=0307: Info: extension.helper: extension is INITIALIZED (AppExtensionHelper.mm.isExtensionInitialized.123)
20190828-153027.490: t=0307: Info: jura: Command '/usr/bin/pluginkit -m -i com.adobe.accmac.ACCFinderSync' returned '0' (Utils.mm.executeCommand.75)
20190828-153027.490: t=0307: Info: extension.helper: Enabling app extension identifier: com.adobe.accmac.ACCFinderSync (AppExtensionHelper.mm.enableExtensionWithID.105)
20190828-153027.555: t=0307: Info: jura: Command '/usr/bin/pluginkit -e use -i com.adobe.accmac.ACCFinderSync' returned '0' (Utils.mm.executeCommand.75)
20190828-153027.555: t=0307: Info: extension.helper: enableExtension succeeded (AppExtensionHelper.mm.runCommand.79)
20190828-153027.555: t=0307: Info: extension.helper: enabled extension: SUCCESS (AppExtensionHelper.mm.initializeExtension.146)
20190828-153027.560: t=0307: Info: FolderPersistenceSqliteImpl: VerifyAndRepair: checking DB structure (FolderPersistenceSqliteImpl.cpp.VerifyAndRepair.320)
20190828-153027.560: t=0307: Info: jura.db.verification: Database Integrity Verification Started (DatabaseVerifier.cpp.verifyIntegrity.346)
20190828-153027.562: t=0307: Info: jura.db.verification: Database Integrity Verification Succeeded (DatabaseVerifier.cpp.verifyIntegrity.361)
20190828-153027.562: t=0307: Info: jura.db.verification: Database Schema Verification Started (DatabaseVerifier.cpp.verifySchema.371)
20190828-153027.562: t=0307: Info: jura.db.verification: Database Schema Verification Succeeded (DatabaseVerifier.cpp.verifySchema.415)
20190828-153027.562: t=0307: Info: FolderPersistenceSqliteImpl: VerifyAndRepair: result is 1 (FolderPersistenceSqliteImpl.cpp.VerifyAndRepair.345)
20190828-153027.562: t=0307: Info: LocalisingEnvironment: start (LocalisingEnvironment.cpp.start.30)
20190828-153027.621: t=a703: Info: app: Begin Starting up (AppController.cpp.startHandler.323)
20190828-153027.621: t=a703: Info: app: Sending ETS event for: CORESYNC_PROCESS_STARTING_UP.CORESYNC_PROCESS (AppController.cpp.dispatchCoreSyncProcessNotification.318)
20190828-153027.622: t=a703: Info: ipc: Broadcasting sync.out.broadcast.app.startedup 36a6b673-abf8-0037-033d-804a145ef565 (CoreSyncController.cpp.sendBroadcast.276)
20190828-153027.622: t=a703: Info: app: End Starting up (AppController.cpp.startHandler.323)
20190828-153027.622: t=0307: Info: AppShell: End start (AppShell.cpp.startup.177)
20190828-153027.622: t=3d0f: Info: [livetype] onTextReceived sync.out.broadcast.app.startedup
20190828-153027.992: t=3d0f: Info: [livetype] onTextReceived cosy.fonts.UpdatePreferencesRequest
20190828-153028.024: t=a303: Info: [livetype]  sendText accc.fonts.UpdatePreferencesResponse (success)
20190828-153028.024: t=a303: Info: [livetype] syncStatus: ON
20190828-153114.095: t=0307: Info: system: Begin incoming system notification 'NSWorkspaceWillSleepNotification' (MSystemObserver.mm.-[SystemEventHandler onEvent:].79)
20190828-153114.095: t=0307: Info: system: End incoming system notification 'NSWorkspaceWillSleepNotification' (MSystemObserver.mm.-[SystemEventHandler onEvent:].79)
20190828-154431.609: t=0307: Info: [livetype] machine wake up from sleep
20190828-154431.609: t=0307: Info: system: Begin incoming system notification 'NSWorkspaceDidWakeNotification' (MSystemObserver.mm.-[SystemEventHandler onEvent:].79)
20190828-154431.609: t=0307: Info: system: End incoming system notification 'NSWorkspaceDidWakeNotification' (MSystemObserver.mm.-[SystemEventHandler onEvent:].79)
20190828-155457.019: t=0307: Info: system: Begin incoming system notification 'NSWorkspaceWillSleepNotification' (MSystemObserver.mm.-[SystemEventHandler onEvent:].79)
20190828-155457.023: t=0307: Info: system: End incoming system notification 'NSWorkspaceWillSleepNotification' (MSystemObserver.mm.-[SystemEventHandler onEvent:].79)
20190828-160521.622: t=0307: Info: [livetype] machine wake up from sleep
20190828-160521.622: t=0307: Info: system: Begin incoming system notification 'NSWorkspaceDidWakeNotification' (MSystemObserver.mm.-[SystemEventHandler onEvent:].79)
20190828-160521.622: t=0307: Info: system: End incoming system notification 'NSWorkspaceDidWakeNotification' (MSystemObserver.mm.-[SystemEventHandler onEvent:].79)
20190828-164313.504: t=a703: Info: app: Begin Shutting down (AppController.cpp.stopHandler.350)
20190828-164313.504: t=a703: Info: ipc: Broadcasting sync.out.broadcast.app.shuttingdown 60eb82d3-ac02-0037-033d-804a145ef565 (CoreSyncController.cpp.sendBroadcast.276)
20190828-164313.526: t=a703: Info: app: Sending ETS event for: CORESYNC_PROCESS_SHUTTING_DOWN_QUIT.CORESYNC_PROCESS (AppController.cpp.dispatchCoreSyncProcessNotification.318)
20190828-164313.526: t=3d0f: Info: [livetype] onTextReceived sync.out.broadcast.app.shuttingdown
20190828-164313.526: t=a303: Info: [livetype] onShutdownMessage
20190828-164313.527: t=a703: Info: app: End Shutting down (AppController.cpp.stopHandler.350)
20190828-164313.527: t=0307: Info: jura.db: Closed database at /Users/default/Library/Application Support/Adobe/CoreSync/coresync.db (Database.cpp.close.124)
20190828-164313.527: t=0307: Info: jura: Stopped network monitor (NetworkMonitor_mac.mm.stop.127)
20190828-164313.527: t=0307: Info: AppHookControllerImpl::onShutdown in
20190828-164313.541: t=0307: Info: [livetype] onShutdown
20190828-164313.541: t=3d0f: Always: ipc: VulcanMessageAdapter switching to broadcast (VulcanMessageAdapter.cpp.refreshEndPointsCallback.113)
20190828-164313.604: t=a403: Info: [livetype]  disableFontSync
20190828-164313.604: t=a403: Info: [livetype] deactivated all fonts
20190828-164313.604: t=0307: Info: AppHookControllerImpl::onShutdown out
20190828-165519.477: t=0307: Always: RetroEnvironment: reportAppVersionString: CoreSync v.4.3.0.292 unk (RetroEnvironment.cpp.reportAppVersionString.55)
20190828-165519.491: t=0307: Always: RetroEnvironment: reportDetailedOsVersionInfo: OSVer: Version 10.14.6 (Build 18G95); Arch: x86_64h; AppVer: 4.3.0.292 (RetroEnvironment.cpp.reportDetailedOsVersionInfo.63)
20190828-165519.491: t=0307: Always: RetroEnvironment: reportHostVersionInfo: kHostVersion: 34 (RetroEnvironment.cpp.reportHostVersionInfo.85)
20190828-165519.491: t=0307: Info: Loading plugins from folder: '/Applications/Utilities/Adobe Sync/CoreSyncPlugins'
20190828-165519.492: t=0307: Info: Loading plugins from folder: '/Applications/Utilities/Adobe Sync/CoreSyncPlugins/LiveType'
20190828-165519.703: t=0307: Info: Plugin loaded: '/Applications/Utilities/Adobe Sync/CoreSyncPlugins/LiveType/LiveType.framework'
20190828-165519.703: t=0307: Info: Loading plugins from folder: '/Applications/Utilities/Adobe Sync/CoreSyncPlugins/DesignLibraryPlugin'
20190828-165519.866: t=0307: Info: Plugin loaded: '/Applications/Utilities/Adobe Sync/CoreSyncPlugins/DesignLibraryPlugin/DesignLibraryPlugin.framework'
20190828-165519.866: t=0307: Info: Loading plugins from folder: '/Applications/Utilities/Adobe Sync/CoreSyncPlugins/SynKit'
20190828-165519.892: t=0307: Info: Plugin loaded: '/Applications/Utilities/Adobe Sync/CoreSyncPlugins/SynKit/SynKit.framework'
20190828-165519.892: t=0307: Info: AppHookControllerImpl::onStartup in
20190828-165519.960: t=0307: Info: [DesignLibraryPlugin] [DesignLibraryManager.cpp:InitFileSystem:166] DesignLibraryPlugin version is "1.0.0.86"
20190828-165519.960: t=0307: Info: [DesignLibraryPlugin] [DesignLibraryAppHook.cpp:onStartup:72] register interest path "/assets/adobe-libraries/"...
20190828-165519.961: t=0307: Info: [livetype] onStartup
20190828-165519.963: t=0307: Info: [livetype] onStartup => success
20190828-165519.963: t=0307: Info: AppHookControllerImpl::onStartup out
20190828-165519.963: t=0307: Info: jura: Begin Starting network monitor (NetworkMonitor_mac.mm.start.81)
20190828-165519.963: t=0307: Info: jura: End Starting network monitor (NetworkMonitor_mac.mm.start.81)
20190828-165519.963: t=0307: Info: MShellUxWrapper: bundle path /Applications/Utilities/Adobe Sync/CoreSync/Core Sync.app (MShellUxWrapper.mm.-[MShellUxWrapper verifyAutomaticFinderAppexEnablement].165)
20190828-165519.964: t=0307: Info: MShellUxWrapper: install Path /Applications/Utilities/Adobe Sync (MShellUxWrapper.mm.-[MShellUxWrapper verifyAutomaticFinderAppexEnablement].170)
20190828-165520.028: t=0307: Info: jura: Command '/usr/bin/pluginkit -m -i com.adobe.accmac.ACCFinderSync' returned '0' (Utils.mm.executeCommand.75)
20190828-165520.028: t=0307: Info: extension.helper: extension is INITIALIZED (AppExtensionHelper.mm.isExtensionInitialized.123)
20190828-165520.093: t=0307: Info: jura: Command '/usr/bin/pluginkit -m -i com.adobe.accmac.ACCFinderSync' returned '0' (Utils.mm.executeCommand.75)
20190828-165520.093: t=0307: Info: extension.helper: Enabling app extension identifier: com.adobe.accmac.ACCFinderSync (AppExtensionHelper.mm.enableExtensionWithID.105)
20190828-165520.157: t=0307: Info: jura: Command '/usr/bin/pluginkit -e use -i com.adobe.accmac.ACCFinderSync' returned '0' (Utils.mm.executeCommand.75)
20190828-165520.157: t=0307: Info: extension.helper: enableExtension succeeded (AppExtensionHelper.mm.runCommand.79)
20190828-165520.157: t=0307: Info: extension.helper: enabled extension: SUCCESS (AppExtensionHelper.mm.initializeExtension.146)
20190828-165520.162: t=0307: Info: FolderPersistenceSqliteImpl: VerifyAndRepair: checking DB structure (FolderPersistenceSqliteImpl.cpp.VerifyAndRepair.320)
20190828-165520.162: t=0307: Info: jura.db.verification: Database Integrity Verification Started (DatabaseVerifier.cpp.verifyIntegrity.346)
20190828-165520.163: t=0307: Info: jura.db.verification: Database Integrity Verification Succeeded (DatabaseVerifier.cpp.verifyIntegrity.361)
20190828-165520.163: t=0307: Info: jura.db.verification: Database Schema Verification Started (DatabaseVerifier.cpp.verifySchema.371)
20190828-165520.163: t=0307: Info: jura.db.verification: Database Schema Verification Succeeded (DatabaseVerifier.cpp.verifySchema.415)
20190828-165520.163: t=0307: Info: FolderPersistenceSqliteImpl: VerifyAndRepair: result is 1 (FolderPersistenceSqliteImpl.cpp.VerifyAndRepair.345)
20190828-165520.163: t=0307: Info: LocalisingEnvironment: start (LocalisingEnvironment.cpp.start.30)
20190828-165520.182: t=a703: Info: app: Begin Starting up (AppController.cpp.startHandler.323)
20190828-165520.182: t=a703: Info: app: Sending ETS event for: CORESYNC_PROCESS_STARTING_UP.CORESYNC_PROCESS (AppController.cpp.dispatchCoreSyncProcessNotification.318)
20190828-165520.183: t=a703: Info: ipc: Broadcasting sync.out.broadcast.app.startedup 120dd99d-ac04-0037-0222-804a145ef565 (CoreSyncController.cpp.sendBroadcast.276)
20190828-165520.183: t=a703: Info: app: End Starting up (AppController.cpp.startHandler.323)
20190828-165520.183: t=0307: Info: AppShell: End start (AppShell.cpp.startup.177)
20190828-165520.183: t=410f: Info: [livetype] onTextReceived sync.out.broadcast.app.startedup
20190828-165520.922: t=410f: Info: [livetype] onTextReceived cosy.fonts.UpdatePreferencesRequest
20190828-165520.989: t=a403: Info: [livetype]  sendText accc.fonts.UpdatePreferencesResponse (success)
20190828-165520.990: t=a403: Info: [livetype] syncStatus: ON
20190828-170143.662: t=a703: Info: app: Begin Shutting down (AppController.cpp.stopHandler.350)
20190828-170143.662: t=a703: Info: ipc: Broadcasting sync.out.broadcast.app.shuttingdown f6a036c3-ac04-0037-0222-804a145ef565 (CoreSyncController.cpp.sendBroadcast.276)
20190828-170143.677: t=a703: Info: app: Sending ETS event for: CORESYNC_PROCESS_SHUTTING_DOWN_QUIT.CORESYNC_PROCESS (AppController.cpp.dispatchCoreSyncProcessNotification.318)
20190828-170143.680: t=a703: Info: app: End Shutting down (AppController.cpp.stopHandler.350)
20190828-170143.680: t=0307: Info: jura.db: Closed database at /Users/default/Library/Application Support/Adobe/CoreSync/coresync.db (Database.cpp.close.124)
20190828-170143.681: t=0307: Info: jura: Stopped network monitor (NetworkMonitor_mac.mm.stop.127)
20190828-170143.681: t=0307: Info: AppHookControllerImpl::onShutdown in
20190828-170143.681: t=410f: Info: [livetype] onTextReceived sync.out.broadcast.app.shuttingdown
20190828-170143.681: t=a403: Info: [livetype] onShutdownMessage
20190828-170143.685: t=410f: Always: ipc: VulcanMessageAdapter switching to broadcast (VulcanMessageAdapter.cpp.refreshEndPointsCallback.113)
20190828-170143.701: t=0307: Info: [livetype] onShutdown
20190828-170143.701: t=a503: Info: [livetype]  disableFontSync
20190828-170143.701: t=a503: Info: [livetype] deactivated all fonts
20190828-170143.702: t=0307: Info: AppHookControllerImpl::onShutdown out
